<html xmlns:math="http://exslt.org/math" xmlns:testng="http://testng.org">
   <head>
      <title>TestNG Results</title>
      <meta http-equiv="content-type" content="text/html; charset=utf-8"></meta>
      <meta http-equiv="pragma" content="no-cache"></meta>
      <meta http-equiv="cache-control" content="max-age=0"></meta>
      <meta http-equiv="cache-control" content="no-cache"></meta>
      <meta http-equiv="cache-control" content="no-store"></meta>
      <LINK rel="stylesheet" href="style.css"></LINK>
      <script type="text/javascript" src="main.js"></script>
   </head>
   <body>
      <table width="100%" style="font-size: 16px; margin-bottom: 10px;" cellspacing="1">
         <tr>
            <td width="100%">
               All methods in suite
               
               <b>P1</b>
            </td>
            <td style="background-color: #FFBBBB; padding: 3px 3px 3px 0;" align="center">
               <div style="width: 50px;">0</div>
            </td>
            <td style="background-color: lightgreen; padding: 3px 3px 3px 0;" align="center">
               <div style="width: 50px;">1</div>
            </td>
            <td style="background-color: #FFFFBB; padding: 3px 3px 3px 0;" align="center">
               <div style="width: 50px;">12</div>
            </td>
            <td align="center" style="background-color: #eaf0f7; padding: 3px 3px 3px 0;">
               <div style="width: 50px;">13</div>
            </td>
            <td align="center"
                style="font-weight: bold; background-color: #eaf0f7; padding: 3px 3px 3px 0;">
               <div style="width: 50px;">8%</div>
            </td>
            <td style="background-color: #eaf0f7; padding: 3px 3px 3px 0;" align="center"
                nowrap="true">1m
               
            </td>
         </tr>
      </table>
      <div style="width: 200px;">
         <label for="groupMethodsCheckBox" style="font-weight: bold; margin: 0;">
            <input id="groupMethodsCheckBox" type="checkbox" onclick="switchTestMethodsView(this)"></input>
            Group by class
            
         </label>
         <br></br>
         <label for="methodsFilter_ALL" style="font-weight: bold; margin: 0;">
            <input id="methodsFilter_ALL" type="checkbox"
                   onclick="testMethodsFilterChanged(this, 'ALL')"></input>
            All
            
         </label>
      </div>
      <label for="methodsFilter_FAIL" style="margin-left: 20px;">
         <input id="methodsFilter_FAIL" type="checkbox"
                onclick="testMethodsFilterChanged(this, 'FAIL')"
                checked=""></input>
         Failed
         
      </label>
      <label for="methodsFilter_PASS">
         <input id="methodsFilter_PASS" type="checkbox"
                onclick="testMethodsFilterChanged(this, 'PASS')"
                checked=""></input>
         Passed
         
      </label>
      <label for="methodsFilter_SKIP">
         <input id="methodsFilter_SKIP" type="checkbox"
                onclick="testMethodsFilterChanged(this, 'SKIP')"
                checked=""></input>
         Skipped
         
      </label>
      <label for="methodsFilter_CONF">
         <input id="methodsFilter_CONF" type="checkbox"
                onclick="testMethodsFilterChanged(this, 'CONF')"></input>
         Config
         
      </label>
      <br></br>
      <div id="testMethodsByStatus">
         <table class="testMethodsTable" cellpadding="0" cellspacing="0">
            <tr class="methodsTableHeader">
               <td width="100%">Name</td>
               <td nowrap="true">Started</td>
               <td nowrap="true">Duration</td>
               <td>Exception</td>
            </tr>
            <tr id="in.v2solutions.hybrid.testcases.RPOST_D_02_Verify_UserCanLoginWithValidCredentials_beforeTest_byStatus_passed_PASS1_row"
                class="testMethodStatusPASS testMethodStatusCONF">
               <td width="100%" class="firstMethodCell">
                  <a onclick="toggleDetailsVisibility('in.v2solutions.hybrid.testcases.RPOST_D_02_Verify_UserCanLoginWithValidCredentials_beforeTest_byStatus_passed_PASS1_details')">beforeTest(Rpost_P1_1.2)</a>
               </td>
               <td nowrap="true">11:07:49</td>
               <td nowrap="true" align="right">15 ms
                  
               </td>
               <td nowrap="true">
                   
                  
               </td>
            </tr>
            <tr>
               <td colspan="4" class="detailsBox">
                  <div id="in.v2solutions.hybrid.testcases.RPOST_D_02_Verify_UserCanLoginWithValidCredentials_beforeTest_byStatus_passed_PASS1_details"
                       class="testMethodDetails">
                     <div>
                        <b>Name: </b>beforeTest
                     </div>
                     <div>
                        <b>Signature: </b>beforeTest(java.lang.String)[pri:0, instance:in.v2solutions.hybrid.testcases.RPOST_D_02_Verify_UserCanLoginWithValidCredentials@7f3b84b8]
                     </div>
                     <div>
                        <b>Parameters: </b>
                        
                        Rpost_P1_1.2
                        
                        
                     </div>
                     <div>
                        <b>Start time: </b>11:07:49
                     </div>
                     <div>
                        <b>End time: </b>11:07:49
                     </div>
                     <div>
                        <b>Duration: </b>15 ms
                        
                     </div>
                  </div>
               </td>
            </tr>
            <tr></tr>
            <tr id="in.v2solutions.hybrid.testcases.RPOST_D_02_Verify_UserCanLoginWithValidCredentials_verify_UserCanLoginWithValidCredentials_byStatus_passed_PASS2_row"
                class="testMethodStatusPASS">
               <td width="100%" class="firstMethodCell">
                  <a onclick="toggleDetailsVisibility('in.v2solutions.hybrid.testcases.RPOST_D_02_Verify_UserCanLoginWithValidCredentials_verify_UserCanLoginWithValidCredentials_byStatus_passed_PASS2_details')">verify_UserCanLoginWithValidCredentials({RunMode=Y})</a>
               </td>
               <td nowrap="true">11:07:49</td>
               <td nowrap="true" align="right">59s
                  
               </td>
               <td nowrap="true">
                   
                  
               </td>
            </tr>
            <tr>
               <td colspan="4" class="detailsBox">
                  <div id="in.v2solutions.hybrid.testcases.RPOST_D_02_Verify_UserCanLoginWithValidCredentials_verify_UserCanLoginWithValidCredentials_byStatus_passed_PASS2_details"
                       class="testMethodDetails">
                     <div>
                        <b>Name: </b>verify_UserCanLoginWithValidCredentials
                     </div>
                     <div>
                        <b>Signature: </b>verify_UserCanLoginWithValidCredentials(java.util.Hashtable)[pri:0, instance:in.v2solutions.hybrid.testcases.RPOST_D_02_Verify_UserCanLoginWithValidCredentials@7f3b84b8]
                     </div>
                     <div>
                        <b>Parameters: </b>
                        
                        {RunMode=Y}
                        
                        
                     </div>
                     <div>
                        <b>Start time: </b>11:07:49
                     </div>
                     <div>
                        <b>End time: </b>11:08:48
                     </div>
                     <div>
                        <b>Duration: </b>59s
                        
                     </div>
                  </div>
               </td>
            </tr>
            <tr></tr>
            <tr id="in.v2solutions.hybrid.testcases.RPOST_D_02_Verify_UserCanLoginWithValidCredentials_afterTest_byStatus_passed_PASS3_row"
                class="testMethodStatusPASS testMethodStatusCONF">
               <td width="100%" class="firstMethodCell">
                  <a onclick="toggleDetailsVisibility('in.v2solutions.hybrid.testcases.RPOST_D_02_Verify_UserCanLoginWithValidCredentials_afterTest_byStatus_passed_PASS3_details')">afterTest()</a>
               </td>
               <td nowrap="true">11:08:48</td>
               <td nowrap="true" align="right">2s
                  
               </td>
               <td nowrap="true">
                   
                  
               </td>
            </tr>
            <tr>
               <td colspan="4" class="detailsBox">
                  <div id="in.v2solutions.hybrid.testcases.RPOST_D_02_Verify_UserCanLoginWithValidCredentials_afterTest_byStatus_passed_PASS3_details"
                       class="testMethodDetails">
                     <div>
                        <b>Name: </b>afterTest
                     </div>
                     <div>
                        <b>Signature: </b>afterTest()[pri:0, instance:in.v2solutions.hybrid.testcases.RPOST_D_02_Verify_UserCanLoginWithValidCredentials@7f3b84b8]
                     </div>
                     <div>
                        <b>Start time: </b>11:08:48
                     </div>
                     <div>
                        <b>End time: </b>11:08:50
                     </div>
                     <div>
                        <b>Duration: </b>2s
                        
                     </div>
                  </div>
               </td>
            </tr>
            <tr></tr>
            <tr id="in.v2solutions.hybrid.testcases.RPOST_D_03_Verify_UserCanEditAndUpdateProfileName_beforeTest_byStatus_passed_PASS4_row"
                class="testMethodStatusPASS testMethodStatusCONF">
               <td width="100%" class="firstMethodCell">
                  <a onclick="toggleDetailsVisibility('in.v2solutions.hybrid.testcases.RPOST_D_03_Verify_UserCanEditAndUpdateProfileName_beforeTest_byStatus_passed_PASS4_details')">beforeTest(Rpost_P1_1.2)</a>
               </td>
               <td nowrap="true">11:08:50</td>
               <td nowrap="true" align="right">0 ms
                  
               </td>
               <td nowrap="true">
                   
                  
               </td>
            </tr>
            <tr>
               <td colspan="4" class="detailsBox">
                  <div id="in.v2solutions.hybrid.testcases.RPOST_D_03_Verify_UserCanEditAndUpdateProfileName_beforeTest_byStatus_passed_PASS4_details"
                       class="testMethodDetails">
                     <div>
                        <b>Name: </b>beforeTest
                     </div>
                     <div>
                        <b>Signature: </b>beforeTest(java.lang.String)[pri:0, instance:in.v2solutions.hybrid.testcases.RPOST_D_03_Verify_UserCanEditAndUpdateProfileName@293a5bf6]
                     </div>
                     <div>
                        <b>Parameters: </b>
                        
                        Rpost_P1_1.2
                        
                        
                     </div>
                     <div>
                        <b>Start time: </b>11:08:50
                     </div>
                     <div>
                        <b>End time: </b>11:08:50
                     </div>
                     <div>
                        <b>Duration: </b>0 ms
                        
                     </div>
                  </div>
               </td>
            </tr>
            <tr></tr>
            <tr id="in.v2solutions.hybrid.testcases.RPOST_D_03_Verify_UserCanEditAndUpdateProfileName_afterTest_byStatus_passed_PASS5_row"
                class="testMethodStatusPASS testMethodStatusCONF">
               <td width="100%" class="firstMethodCell">
                  <a onclick="toggleDetailsVisibility('in.v2solutions.hybrid.testcases.RPOST_D_03_Verify_UserCanEditAndUpdateProfileName_afterTest_byStatus_passed_PASS5_details')">afterTest()</a>
               </td>
               <td nowrap="true">11:08:50</td>
               <td nowrap="true" align="right">0 ms
                  
               </td>
               <td nowrap="true">
                   
                  
               </td>
            </tr>
            <tr>
               <td colspan="4" class="detailsBox">
                  <div id="in.v2solutions.hybrid.testcases.RPOST_D_03_Verify_UserCanEditAndUpdateProfileName_afterTest_byStatus_passed_PASS5_details"
                       class="testMethodDetails">
                     <div>
                        <b>Name: </b>afterTest
                     </div>
                     <div>
                        <b>Signature: </b>afterTest()[pri:0, instance:in.v2solutions.hybrid.testcases.RPOST_D_03_Verify_UserCanEditAndUpdateProfileName@293a5bf6]
                     </div>
                     <div>
                        <b>Start time: </b>11:08:50
                     </div>
                     <div>
                        <b>End time: </b>11:08:50
                     </div>
                     <div>
                        <b>Duration: </b>0 ms
                        
                     </div>
                  </div>
               </td>
            </tr>
            <tr></tr>
            <tr id="in.v2solutions.hybrid.testcases.RPOST_D_05_Verify_UserCanCreateEnvelopeAndSend_afterTest_byStatus_passed_PASS6_row"
                class="testMethodStatusPASS testMethodStatusCONF">
               <td width="100%" class="firstMethodCell">
                  <a onclick="toggleDetailsVisibility('in.v2solutions.hybrid.testcases.RPOST_D_05_Verify_UserCanCreateEnvelopeAndSend_afterTest_byStatus_passed_PASS6_details')">afterTest()</a>
               </td>
               <td nowrap="true">11:08:50</td>
               <td nowrap="true" align="right">0 ms
                  
               </td>
               <td nowrap="true">
                   
                  
               </td>
            </tr>
            <tr>
               <td colspan="4" class="detailsBox">
                  <div id="in.v2solutions.hybrid.testcases.RPOST_D_05_Verify_UserCanCreateEnvelopeAndSend_afterTest_byStatus_passed_PASS6_details"
                       class="testMethodDetails">
                     <div>
                        <b>Name: </b>afterTest
                     </div>
                     <div>
                        <b>Signature: </b>afterTest()[pri:0, instance:in.v2solutions.hybrid.testcases.RPOST_D_05_Verify_UserCanCreateEnvelopeAndSend@409bf450]
                     </div>
                     <div>
                        <b>Start time: </b>11:08:50
                     </div>
                     <div>
                        <b>End time: </b>11:08:50
                     </div>
                     <div>
                        <b>Duration: </b>0 ms
                        
                     </div>
                  </div>
               </td>
            </tr>
            <tr></tr>
            <tr id="in.v2solutions.hybrid.testcases.RPOST_D_05_Verify_UserCanCreateEnvelopeAndSend_beforeTest_byStatus_passed_PASS7_row"
                class="testMethodStatusPASS testMethodStatusCONF">
               <td width="100%" class="firstMethodCell">
                  <a onclick="toggleDetailsVisibility('in.v2solutions.hybrid.testcases.RPOST_D_05_Verify_UserCanCreateEnvelopeAndSend_beforeTest_byStatus_passed_PASS7_details')">beforeTest(Rpost_P1_1.2)</a>
               </td>
               <td nowrap="true">11:08:50</td>
               <td nowrap="true" align="right">0 ms
                  
               </td>
               <td nowrap="true">
                   
                  
               </td>
            </tr>
            <tr>
               <td colspan="4" class="detailsBox">
                  <div id="in.v2solutions.hybrid.testcases.RPOST_D_05_Verify_UserCanCreateEnvelopeAndSend_beforeTest_byStatus_passed_PASS7_details"
                       class="testMethodDetails">
                     <div>
                        <b>Name: </b>beforeTest
                     </div>
                     <div>
                        <b>Signature: </b>beforeTest(java.lang.String)[pri:0, instance:in.v2solutions.hybrid.testcases.RPOST_D_05_Verify_UserCanCreateEnvelopeAndSend@409bf450]
                     </div>
                     <div>
                        <b>Parameters: </b>
                        
                        Rpost_P1_1.2
                        
                        
                     </div>
                     <div>
                        <b>Start time: </b>11:08:50
                     </div>
                     <div>
                        <b>End time: </b>11:08:50
                     </div>
                     <div>
                        <b>Duration: </b>0 ms
                        
                     </div>
                  </div>
               </td>
            </tr>
            <tr></tr>
            <tr id="in.v2solutions.hybrid.testcases.RPOST_D_07_Verify_UserCanConsumeTemplateEditAndSendIt_afterTest_byStatus_passed_PASS8_row"
                class="testMethodStatusPASS testMethodStatusCONF">
               <td width="100%" class="firstMethodCell">
                  <a onclick="toggleDetailsVisibility('in.v2solutions.hybrid.testcases.RPOST_D_07_Verify_UserCanConsumeTemplateEditAndSendIt_afterTest_byStatus_passed_PASS8_details')">afterTest()</a>
               </td>
               <td nowrap="true">11:08:50</td>
               <td nowrap="true" align="right">0 ms
                  
               </td>
               <td nowrap="true">
                   
                  
               </td>
            </tr>
            <tr>
               <td colspan="4" class="detailsBox">
                  <div id="in.v2solutions.hybrid.testcases.RPOST_D_07_Verify_UserCanConsumeTemplateEditAndSendIt_afterTest_byStatus_passed_PASS8_details"
                       class="testMethodDetails">
                     <div>
                        <b>Name: </b>afterTest
                     </div>
                     <div>
                        <b>Signature: </b>afterTest()[pri:0, instance:in.v2solutions.hybrid.testcases.RPOST_D_07_Verify_UserCanConsumeTemplateEditAndSendIt@689604d9]
                     </div>
                     <div>
                        <b>Start time: </b>11:08:50
                     </div>
                     <div>
                        <b>End time: </b>11:08:50
                     </div>
                     <div>
                        <b>Duration: </b>0 ms
                        
                     </div>
                  </div>
               </td>
            </tr>
            <tr></tr>
            <tr id="in.v2solutions.hybrid.testcases.RPOST_D_07_Verify_UserCanConsumeTemplateEditAndSendIt_beforeTest_byStatus_passed_PASS9_row"
                class="testMethodStatusPASS testMethodStatusCONF">
               <td width="100%" class="firstMethodCell">
                  <a onclick="toggleDetailsVisibility('in.v2solutions.hybrid.testcases.RPOST_D_07_Verify_UserCanConsumeTemplateEditAndSendIt_beforeTest_byStatus_passed_PASS9_details')">beforeTest(Rpost_P1_1.2)</a>
               </td>
               <td nowrap="true">11:08:50</td>
               <td nowrap="true" align="right">0 ms
                  
               </td>
               <td nowrap="true">
                   
                  
               </td>
            </tr>
            <tr>
               <td colspan="4" class="detailsBox">
                  <div id="in.v2solutions.hybrid.testcases.RPOST_D_07_Verify_UserCanConsumeTemplateEditAndSendIt_beforeTest_byStatus_passed_PASS9_details"
                       class="testMethodDetails">
                     <div>
                        <b>Name: </b>beforeTest
                     </div>
                     <div>
                        <b>Signature: </b>beforeTest(java.lang.String)[pri:0, instance:in.v2solutions.hybrid.testcases.RPOST_D_07_Verify_UserCanConsumeTemplateEditAndSendIt@689604d9]
                     </div>
                     <div>
                        <b>Parameters: </b>
                        
                        Rpost_P1_1.2
                        
                        
                     </div>
                     <div>
                        <b>Start time: </b>11:08:50
                     </div>
                     <div>
                        <b>End time: </b>11:08:50
                     </div>
                     <div>
                        <b>Duration: </b>0 ms
                        
                     </div>
                  </div>
               </td>
            </tr>
            <tr></tr>
            <tr id="in.v2solutions.hybrid.testcases.RPOST_D_08_Verify_UserCanCreateEnvelopeAndDraftIt_afterTest_byStatus_passed_PASS10_row"
                class="testMethodStatusPASS testMethodStatusCONF">
               <td width="100%" class="firstMethodCell">
                  <a onclick="toggleDetailsVisibility('in.v2solutions.hybrid.testcases.RPOST_D_08_Verify_UserCanCreateEnvelopeAndDraftIt_afterTest_byStatus_passed_PASS10_details')">afterTest()</a>
               </td>
               <td nowrap="true">11:08:50</td>
               <td nowrap="true" align="right">0 ms
                  
               </td>
               <td nowrap="true">
                   
                  
               </td>
            </tr>
            <tr>
               <td colspan="4" class="detailsBox">
                  <div id="in.v2solutions.hybrid.testcases.RPOST_D_08_Verify_UserCanCreateEnvelopeAndDraftIt_afterTest_byStatus_passed_PASS10_details"
                       class="testMethodDetails">
                     <div>
                        <b>Name: </b>afterTest
                     </div>
                     <div>
                        <b>Signature: </b>afterTest()[pri:0, instance:in.v2solutions.hybrid.testcases.RPOST_D_08_Verify_UserCanCreateEnvelopeAndDraftIt@4562e04d]
                     </div>
                     <div>
                        <b>Start time: </b>11:08:50
                     </div>
                     <div>
                        <b>End time: </b>11:08:50
                     </div>
                     <div>
                        <b>Duration: </b>0 ms
                        
                     </div>
                  </div>
               </td>
            </tr>
            <tr></tr>
            <tr id="in.v2solutions.hybrid.testcases.RPOST_D_08_Verify_UserCanCreateEnvelopeAndDraftIt_beforeTest_byStatus_passed_PASS11_row"
                class="testMethodStatusPASS testMethodStatusCONF">
               <td width="100%" class="firstMethodCell">
                  <a onclick="toggleDetailsVisibility('in.v2solutions.hybrid.testcases.RPOST_D_08_Verify_UserCanCreateEnvelopeAndDraftIt_beforeTest_byStatus_passed_PASS11_details')">beforeTest(Rpost_P1_1.2)</a>
               </td>
               <td nowrap="true">11:08:50</td>
               <td nowrap="true" align="right">0 ms
                  
               </td>
               <td nowrap="true">
                   
                  
               </td>
            </tr>
            <tr>
               <td colspan="4" class="detailsBox">
                  <div id="in.v2solutions.hybrid.testcases.RPOST_D_08_Verify_UserCanCreateEnvelopeAndDraftIt_beforeTest_byStatus_passed_PASS11_details"
                       class="testMethodDetails">
                     <div>
                        <b>Name: </b>beforeTest
                     </div>
                     <div>
                        <b>Signature: </b>beforeTest(java.lang.String)[pri:0, instance:in.v2solutions.hybrid.testcases.RPOST_D_08_Verify_UserCanCreateEnvelopeAndDraftIt@4562e04d]
                     </div>
                     <div>
                        <b>Parameters: </b>
                        
                        Rpost_P1_1.2
                        
                        
                     </div>
                     <div>
                        <b>Start time: </b>11:08:50
                     </div>
                     <div>
                        <b>End time: </b>11:08:50
                     </div>
                     <div>
                        <b>Duration: </b>0 ms
                        
                     </div>
                  </div>
               </td>
            </tr>
            <tr></tr>
            <tr id="in.v2solutions.hybrid.testcases.RPOST_D_09_Verify_UserCanCreateEnvelopeAndViewPDF_afterTest_byStatus_passed_PASS12_row"
                class="testMethodStatusPASS testMethodStatusCONF">
               <td width="100%" class="firstMethodCell">
                  <a onclick="toggleDetailsVisibility('in.v2solutions.hybrid.testcases.RPOST_D_09_Verify_UserCanCreateEnvelopeAndViewPDF_afterTest_byStatus_passed_PASS12_details')">afterTest()</a>
               </td>
               <td nowrap="true">11:08:50</td>
               <td nowrap="true" align="right">0 ms
                  
               </td>
               <td nowrap="true">
                   
                  
               </td>
            </tr>
            <tr>
               <td colspan="4" class="detailsBox">
                  <div id="in.v2solutions.hybrid.testcases.RPOST_D_09_Verify_UserCanCreateEnvelopeAndViewPDF_afterTest_byStatus_passed_PASS12_details"
                       class="testMethodDetails">
                     <div>
                        <b>Name: </b>afterTest
                     </div>
                     <div>
                        <b>Signature: </b>afterTest()[pri:0, instance:in.v2solutions.hybrid.testcases.RPOST_D_09_Verify_UserCanCreateEnvelopeAndViewPDF@5c6648b0]
                     </div>
                     <div>
                        <b>Start time: </b>11:08:50
                     </div>
                     <div>
                        <b>End time: </b>11:08:50
                     </div>
                     <div>
                        <b>Duration: </b>0 ms
                        
                     </div>
                  </div>
               </td>
            </tr>
            <tr></tr>
            <tr id="in.v2solutions.hybrid.testcases.RPOST_D_09_Verify_UserCanCreateEnvelopeAndViewPDF_beforeTest_byStatus_passed_PASS13_row"
                class="testMethodStatusPASS testMethodStatusCONF">
               <td width="100%" class="firstMethodCell">
                  <a onclick="toggleDetailsVisibility('in.v2solutions.hybrid.testcases.RPOST_D_09_Verify_UserCanCreateEnvelopeAndViewPDF_beforeTest_byStatus_passed_PASS13_details')">beforeTest(Rpost_P1_1.2)</a>
               </td>
               <td nowrap="true">11:08:50</td>
               <td nowrap="true" align="right">0 ms
                  
               </td>
               <td nowrap="true">
                   
                  
               </td>
            </tr>
            <tr>
               <td colspan="4" class="detailsBox">
                  <div id="in.v2solutions.hybrid.testcases.RPOST_D_09_Verify_UserCanCreateEnvelopeAndViewPDF_beforeTest_byStatus_passed_PASS13_details"
                       class="testMethodDetails">
                     <div>
                        <b>Name: </b>beforeTest
                     </div>
                     <div>
                        <b>Signature: </b>beforeTest(java.lang.String)[pri:0, instance:in.v2solutions.hybrid.testcases.RPOST_D_09_Verify_UserCanCreateEnvelopeAndViewPDF@5c6648b0]
                     </div>
                     <div>
                        <b>Parameters: </b>
                        
                        Rpost_P1_1.2
                        
                        
                     </div>
                     <div>
                        <b>Start time: </b>11:08:50
                     </div>
                     <div>
                        <b>End time: </b>11:08:50
                     </div>
                     <div>
                        <b>Duration: </b>0 ms
                        
                     </div>
                  </div>
               </td>
            </tr>
            <tr></tr>
            <tr id="in.v2solutions.hybrid.testcases.RPOST_D_13_Verify_StatusFilterWorksUnderManageTab_beforeTest_byStatus_passed_PASS14_row"
                class="testMethodStatusPASS testMethodStatusCONF">
               <td width="100%" class="firstMethodCell">
                  <a onclick="toggleDetailsVisibility('in.v2solutions.hybrid.testcases.RPOST_D_13_Verify_StatusFilterWorksUnderManageTab_beforeTest_byStatus_passed_PASS14_details')">beforeTest(Rpost_P1_1.2)</a>
               </td>
               <td nowrap="true">11:08:50</td>
               <td nowrap="true" align="right">0 ms
                  
               </td>
               <td nowrap="true">
                   
                  
               </td>
            </tr>
            <tr>
               <td colspan="4" class="detailsBox">
                  <div id="in.v2solutions.hybrid.testcases.RPOST_D_13_Verify_StatusFilterWorksUnderManageTab_beforeTest_byStatus_passed_PASS14_details"
                       class="testMethodDetails">
                     <div>
                        <b>Name: </b>beforeTest
                     </div>
                     <div>
                        <b>Signature: </b>beforeTest(java.lang.String)[pri:0, instance:in.v2solutions.hybrid.testcases.RPOST_D_13_Verify_StatusFilterWorksUnderManageTab@368f2016]
                     </div>
                     <div>
                        <b>Parameters: </b>
                        
                        Rpost_P1_1.2
                        
                        
                     </div>
                     <div>
                        <b>Start time: </b>11:08:50
                     </div>
                     <div>
                        <b>End time: </b>11:08:50
                     </div>
                     <div>
                        <b>Duration: </b>0 ms
                        
                     </div>
                  </div>
               </td>
            </tr>
            <tr></tr>
            <tr id="in.v2solutions.hybrid.testcases.RPOST_D_13_Verify_StatusFilterWorksUnderManageTab_afterTest_byStatus_passed_PASS15_row"
                class="testMethodStatusPASS testMethodStatusCONF">
               <td width="100%" class="firstMethodCell">
                  <a onclick="toggleDetailsVisibility('in.v2solutions.hybrid.testcases.RPOST_D_13_Verify_StatusFilterWorksUnderManageTab_afterTest_byStatus_passed_PASS15_details')">afterTest()</a>
               </td>
               <td nowrap="true">11:08:50</td>
               <td nowrap="true" align="right">0 ms
                  
               </td>
               <td nowrap="true">
                   
                  
               </td>
            </tr>
            <tr>
               <td colspan="4" class="detailsBox">
                  <div id="in.v2solutions.hybrid.testcases.RPOST_D_13_Verify_StatusFilterWorksUnderManageTab_afterTest_byStatus_passed_PASS15_details"
                       class="testMethodDetails">
                     <div>
                        <b>Name: </b>afterTest
                     </div>
                     <div>
                        <b>Signature: </b>afterTest()[pri:0, instance:in.v2solutions.hybrid.testcases.RPOST_D_13_Verify_StatusFilterWorksUnderManageTab@368f2016]
                     </div>
                     <div>
                        <b>Start time: </b>11:08:50
                     </div>
                     <div>
                        <b>End time: </b>11:08:50
                     </div>
                     <div>
                        <b>Duration: </b>0 ms
                        
                     </div>
                  </div>
               </td>
            </tr>
            <tr></tr>
            <tr id="in.v2solutions.hybrid.testcases.RPOST_D_17_Verify_UserCanCreateEditShareAndDeleteTemplete_afterTest_byStatus_passed_PASS16_row"
                class="testMethodStatusPASS testMethodStatusCONF">
               <td width="100%" class="firstMethodCell">
                  <a onclick="toggleDetailsVisibility('in.v2solutions.hybrid.testcases.RPOST_D_17_Verify_UserCanCreateEditShareAndDeleteTemplete_afterTest_byStatus_passed_PASS16_details')">afterTest()</a>
               </td>
               <td nowrap="true">11:08:50</td>
               <td nowrap="true" align="right">0 ms
                  
               </td>
               <td nowrap="true">
                   
                  
               </td>
            </tr>
            <tr>
               <td colspan="4" class="detailsBox">
                  <div id="in.v2solutions.hybrid.testcases.RPOST_D_17_Verify_UserCanCreateEditShareAndDeleteTemplete_afterTest_byStatus_passed_PASS16_details"
                       class="testMethodDetails">
                     <div>
                        <b>Name: </b>afterTest
                     </div>
                     <div>
                        <b>Signature: </b>afterTest()[pri:0, instance:in.v2solutions.hybrid.testcases.RPOST_D_17_Verify_UserCanCreateEditShareAndDeleteTemplete@5656be13]
                     </div>
                     <div>
                        <b>Start time: </b>11:08:50
                     </div>
                     <div>
                        <b>End time: </b>11:08:50
                     </div>
                     <div>
                        <b>Duration: </b>0 ms
                        
                     </div>
                  </div>
               </td>
            </tr>
            <tr></tr>
            <tr id="in.v2solutions.hybrid.testcases.RPOST_D_17_Verify_UserCanCreateEditShareAndDeleteTemplete_beforeTest_byStatus_passed_PASS17_row"
                class="testMethodStatusPASS testMethodStatusCONF">
               <td width="100%" class="firstMethodCell">
                  <a onclick="toggleDetailsVisibility('in.v2solutions.hybrid.testcases.RPOST_D_17_Verify_UserCanCreateEditShareAndDeleteTemplete_beforeTest_byStatus_passed_PASS17_details')">beforeTest(Rpost_P1_1.2)</a>
               </td>
               <td nowrap="true">11:08:50</td>
               <td nowrap="true" align="right">0 ms
                  
               </td>
               <td nowrap="true">
                   
                  
               </td>
            </tr>
            <tr>
               <td colspan="4" class="detailsBox">
                  <div id="in.v2solutions.hybrid.testcases.RPOST_D_17_Verify_UserCanCreateEditShareAndDeleteTemplete_beforeTest_byStatus_passed_PASS17_details"
                       class="testMethodDetails">
                     <div>
                        <b>Name: </b>beforeTest
                     </div>
                     <div>
                        <b>Signature: </b>beforeTest(java.lang.String)[pri:0, instance:in.v2solutions.hybrid.testcases.RPOST_D_17_Verify_UserCanCreateEditShareAndDeleteTemplete@5656be13]
                     </div>
                     <div>
                        <b>Parameters: </b>
                        
                        Rpost_P1_1.2
                        
                        
                     </div>
                     <div>
                        <b>Start time: </b>11:08:50
                     </div>
                     <div>
                        <b>End time: </b>11:08:50
                     </div>
                     <div>
                        <b>Duration: </b>0 ms
                        
                     </div>
                  </div>
               </td>
            </tr>
            <tr></tr>
            <tr id="in.v2solutions.hybrid.testcases.RPOST_D_18_Verify_UserCanSendAlreadyDraftedEnvelope_beforeTest_byStatus_passed_PASS18_row"
                class="testMethodStatusPASS testMethodStatusCONF">
               <td width="100%" class="firstMethodCell">
                  <a onclick="toggleDetailsVisibility('in.v2solutions.hybrid.testcases.RPOST_D_18_Verify_UserCanSendAlreadyDraftedEnvelope_beforeTest_byStatus_passed_PASS18_details')">beforeTest(Rpost_P1_1.2)</a>
               </td>
               <td nowrap="true">11:08:50</td>
               <td nowrap="true" align="right">0 ms
                  
               </td>
               <td nowrap="true">
                   
                  
               </td>
            </tr>
            <tr>
               <td colspan="4" class="detailsBox">
                  <div id="in.v2solutions.hybrid.testcases.RPOST_D_18_Verify_UserCanSendAlreadyDraftedEnvelope_beforeTest_byStatus_passed_PASS18_details"
                       class="testMethodDetails">
                     <div>
                        <b>Name: </b>beforeTest
                     </div>
                     <div>
                        <b>Signature: </b>beforeTest(java.lang.String)[pri:0, instance:in.v2solutions.hybrid.testcases.RPOST_D_18_Verify_UserCanSendAlreadyDraftedEnvelope@7b98f307]
                     </div>
                     <div>
                        <b>Parameters: </b>
                        
                        Rpost_P1_1.2
                        
                        
                     </div>
                     <div>
                        <b>Start time: </b>11:08:50
                     </div>
                     <div>
                        <b>End time: </b>11:08:50
                     </div>
                     <div>
                        <b>Duration: </b>0 ms
                        
                     </div>
                  </div>
               </td>
            </tr>
            <tr></tr>
            <tr id="in.v2solutions.hybrid.testcases.RPOST_D_18_Verify_UserCanSendAlreadyDraftedEnvelope_afterTest_byStatus_passed_PASS19_row"
                class="testMethodStatusPASS testMethodStatusCONF">
               <td width="100%" class="firstMethodCell">
                  <a onclick="toggleDetailsVisibility('in.v2solutions.hybrid.testcases.RPOST_D_18_Verify_UserCanSendAlreadyDraftedEnvelope_afterTest_byStatus_passed_PASS19_details')">afterTest()</a>
               </td>
               <td nowrap="true">11:08:50</td>
               <td nowrap="true" align="right">0 ms
                  
               </td>
               <td nowrap="true">
                   
                  
               </td>
            </tr>
            <tr>
               <td colspan="4" class="detailsBox">
                  <div id="in.v2solutions.hybrid.testcases.RPOST_D_18_Verify_UserCanSendAlreadyDraftedEnvelope_afterTest_byStatus_passed_PASS19_details"
                       class="testMethodDetails">
                     <div>
                        <b>Name: </b>afterTest
                     </div>
                     <div>
                        <b>Signature: </b>afterTest()[pri:0, instance:in.v2solutions.hybrid.testcases.RPOST_D_18_Verify_UserCanSendAlreadyDraftedEnvelope@7b98f307]
                     </div>
                     <div>
                        <b>Start time: </b>11:08:50
                     </div>
                     <div>
                        <b>End time: </b>11:08:50
                     </div>
                     <div>
                        <b>Duration: </b>0 ms
                        
                     </div>
                  </div>
               </td>
            </tr>
            <tr></tr>
            <tr id="in.v2solutions.hybrid.testcases.RPOST_D_19_Verify_CompanyListUnderAdminTab_beforeTest_byStatus_passed_PASS20_row"
                class="testMethodStatusPASS testMethodStatusCONF">
               <td width="100%" class="firstMethodCell">
                  <a onclick="toggleDetailsVisibility('in.v2solutions.hybrid.testcases.RPOST_D_19_Verify_CompanyListUnderAdminTab_beforeTest_byStatus_passed_PASS20_details')">beforeTest(Rpost_P1_1.2)</a>
               </td>
               <td nowrap="true">11:08:50</td>
               <td nowrap="true" align="right">0 ms
                  
               </td>
               <td nowrap="true">
                   
                  
               </td>
            </tr>
            <tr>
               <td colspan="4" class="detailsBox">
                  <div id="in.v2solutions.hybrid.testcases.RPOST_D_19_Verify_CompanyListUnderAdminTab_beforeTest_byStatus_passed_PASS20_details"
                       class="testMethodDetails">
                     <div>
                        <b>Name: </b>beforeTest
                     </div>
                     <div>
                        <b>Signature: </b>beforeTest(java.lang.String)[pri:0, instance:in.v2solutions.hybrid.testcases.RPOST_D_19_Verify_CompanyListUnderAdminTab@78691363]
                     </div>
                     <div>
                        <b>Parameters: </b>
                        
                        Rpost_P1_1.2
                        
                        
                     </div>
                     <div>
                        <b>Start time: </b>11:08:50
                     </div>
                     <div>
                        <b>End time: </b>11:08:50
                     </div>
                     <div>
                        <b>Duration: </b>0 ms
                        
                     </div>
                  </div>
               </td>
            </tr>
            <tr></tr>
            <tr id="in.v2solutions.hybrid.testcases.RPOST_D_19_Verify_CompanyListUnderAdminTab_afterTest_byStatus_passed_PASS21_row"
                class="testMethodStatusPASS testMethodStatusCONF">
               <td width="100%" class="firstMethodCell">
                  <a onclick="toggleDetailsVisibility('in.v2solutions.hybrid.testcases.RPOST_D_19_Verify_CompanyListUnderAdminTab_afterTest_byStatus_passed_PASS21_details')">afterTest()</a>
               </td>
               <td nowrap="true">11:08:50</td>
               <td nowrap="true" align="right">0 ms
                  
               </td>
               <td nowrap="true">
                   
                  
               </td>
            </tr>
            <tr>
               <td colspan="4" class="detailsBox">
                  <div id="in.v2solutions.hybrid.testcases.RPOST_D_19_Verify_CompanyListUnderAdminTab_afterTest_byStatus_passed_PASS21_details"
                       class="testMethodDetails">
                     <div>
                        <b>Name: </b>afterTest
                     </div>
                     <div>
                        <b>Signature: </b>afterTest()[pri:0, instance:in.v2solutions.hybrid.testcases.RPOST_D_19_Verify_CompanyListUnderAdminTab@78691363]
                     </div>
                     <div>
                        <b>Start time: </b>11:08:50
                     </div>
                     <div>
                        <b>End time: </b>11:08:50
                     </div>
                     <div>
                        <b>Duration: </b>0 ms
                        
                     </div>
                  </div>
               </td>
            </tr>
            <tr></tr>
            <tr id="in.v2solutions.hybrid.testcases.RPOST_D_24_Verify_TimeZoneAcrossTabs_beforeTest_byStatus_passed_PASS22_row"
                class="testMethodStatusPASS testMethodStatusCONF">
               <td width="100%" class="firstMethodCell">
                  <a onclick="toggleDetailsVisibility('in.v2solutions.hybrid.testcases.RPOST_D_24_Verify_TimeZoneAcrossTabs_beforeTest_byStatus_passed_PASS22_details')">beforeTest(Rpost_P1_1.2)</a>
               </td>
               <td nowrap="true">11:08:50</td>
               <td nowrap="true" align="right">0 ms
                  
               </td>
               <td nowrap="true">
                   
                  
               </td>
            </tr>
            <tr>
               <td colspan="4" class="detailsBox">
                  <div id="in.v2solutions.hybrid.testcases.RPOST_D_24_Verify_TimeZoneAcrossTabs_beforeTest_byStatus_passed_PASS22_details"
                       class="testMethodDetails">
                     <div>
                        <b>Name: </b>beforeTest
                     </div>
                     <div>
                        <b>Signature: </b>beforeTest(java.lang.String)[pri:0, instance:in.v2solutions.hybrid.testcases.RPOST_D_24_Verify_TimeZoneAcrossTabs@5fe94a96]
                     </div>
                     <div>
                        <b>Parameters: </b>
                        
                        Rpost_P1_1.2
                        
                        
                     </div>
                     <div>
                        <b>Start time: </b>11:08:50
                     </div>
                     <div>
                        <b>End time: </b>11:08:50
                     </div>
                     <div>
                        <b>Duration: </b>0 ms
                        
                     </div>
                  </div>
               </td>
            </tr>
            <tr></tr>
            <tr id="in.v2solutions.hybrid.testcases.RPOST_D_24_Verify_TimeZoneAcrossTabs_afterTest_byStatus_passed_PASS23_row"
                class="testMethodStatusPASS testMethodStatusCONF">
               <td width="100%" class="firstMethodCell">
                  <a onclick="toggleDetailsVisibility('in.v2solutions.hybrid.testcases.RPOST_D_24_Verify_TimeZoneAcrossTabs_afterTest_byStatus_passed_PASS23_details')">afterTest()</a>
               </td>
               <td nowrap="true">11:08:50</td>
               <td nowrap="true" align="right">0 ms
                  
               </td>
               <td nowrap="true">
                   
                  
               </td>
            </tr>
            <tr>
               <td colspan="4" class="detailsBox">
                  <div id="in.v2solutions.hybrid.testcases.RPOST_D_24_Verify_TimeZoneAcrossTabs_afterTest_byStatus_passed_PASS23_details"
                       class="testMethodDetails">
                     <div>
                        <b>Name: </b>afterTest
                     </div>
                     <div>
                        <b>Signature: </b>afterTest()[pri:0, instance:in.v2solutions.hybrid.testcases.RPOST_D_24_Verify_TimeZoneAcrossTabs@5fe94a96]
                     </div>
                     <div>
                        <b>Start time: </b>11:08:50
                     </div>
                     <div>
                        <b>End time: </b>11:08:50
                     </div>
                     <div>
                        <b>Duration: </b>0 ms
                        
                     </div>
                  </div>
               </td>
            </tr>
            <tr></tr>
            <tr id="in.v2solutions.hybrid.testcases.RPOST_D_27_Verify_SignatureTextUnderUserProfile_beforeTest_byStatus_passed_PASS24_row"
                class="testMethodStatusPASS testMethodStatusCONF">
               <td width="100%" class="firstMethodCell">
                  <a onclick="toggleDetailsVisibility('in.v2solutions.hybrid.testcases.RPOST_D_27_Verify_SignatureTextUnderUserProfile_beforeTest_byStatus_passed_PASS24_details')">beforeTest(Rpost_P1_1.2)</a>
               </td>
               <td nowrap="true">11:08:50</td>
               <td nowrap="true" align="right">0 ms
                  
               </td>
               <td nowrap="true">
                   
                  
               </td>
            </tr>
            <tr>
               <td colspan="4" class="detailsBox">
                  <div id="in.v2solutions.hybrid.testcases.RPOST_D_27_Verify_SignatureTextUnderUserProfile_beforeTest_byStatus_passed_PASS24_details"
                       class="testMethodDetails">
                     <div>
                        <b>Name: </b>beforeTest
                     </div>
                     <div>
                        <b>Signature: </b>beforeTest(java.lang.String)[pri:0, instance:in.v2solutions.hybrid.testcases.RPOST_D_27_Verify_SignatureTextUnderUserProfile@5e0e82ae]
                     </div>
                     <div>
                        <b>Parameters: </b>
                        
                        Rpost_P1_1.2
                        
                        
                     </div>
                     <div>
                        <b>Start time: </b>11:08:50
                     </div>
                     <div>
                        <b>End time: </b>11:08:50
                     </div>
                     <div>
                        <b>Duration: </b>0 ms
                        
                     </div>
                  </div>
               </td>
            </tr>
            <tr></tr>
            <tr id="in.v2solutions.hybrid.testcases.RPOST_D_27_Verify_SignatureTextUnderUserProfile_afterTest_byStatus_passed_PASS25_row"
                class="testMethodStatusPASS testMethodStatusCONF">
               <td width="100%" class="firstMethodCell">
                  <a onclick="toggleDetailsVisibility('in.v2solutions.hybrid.testcases.RPOST_D_27_Verify_SignatureTextUnderUserProfile_afterTest_byStatus_passed_PASS25_details')">afterTest()</a>
               </td>
               <td nowrap="true">11:08:50</td>
               <td nowrap="true" align="right">0 ms
                  
               </td>
               <td nowrap="true">
                   
                  
               </td>
            </tr>
            <tr>
               <td colspan="4" class="detailsBox">
                  <div id="in.v2solutions.hybrid.testcases.RPOST_D_27_Verify_SignatureTextUnderUserProfile_afterTest_byStatus_passed_PASS25_details"
                       class="testMethodDetails">
                     <div>
                        <b>Name: </b>afterTest
                     </div>
                     <div>
                        <b>Signature: </b>afterTest()[pri:0, instance:in.v2solutions.hybrid.testcases.RPOST_D_27_Verify_SignatureTextUnderUserProfile@5e0e82ae]
                     </div>
                     <div>
                        <b>Start time: </b>11:08:50
                     </div>
                     <div>
                        <b>End time: </b>11:08:50
                     </div>
                     <div>
                        <b>Duration: </b>0 ms
                        
                     </div>
                  </div>
               </td>
            </tr>
            <tr></tr>
            <tr id="in.v2solutions.hybrid.testcases.RPOST_D_29_Verify_UserCanCreateEditShareAndDeleteRule_afterTest_byStatus_passed_PASS26_row"
                class="testMethodStatusPASS testMethodStatusCONF">
               <td width="100%" class="firstMethodCell">
                  <a onclick="toggleDetailsVisibility('in.v2solutions.hybrid.testcases.RPOST_D_29_Verify_UserCanCreateEditShareAndDeleteRule_afterTest_byStatus_passed_PASS26_details')">afterTest()</a>
               </td>
               <td nowrap="true">11:08:50</td>
               <td nowrap="true" align="right">0 ms
                  
               </td>
               <td nowrap="true">
                   
                  
               </td>
            </tr>
            <tr>
               <td colspan="4" class="detailsBox">
                  <div id="in.v2solutions.hybrid.testcases.RPOST_D_29_Verify_UserCanCreateEditShareAndDeleteRule_afterTest_byStatus_passed_PASS26_details"
                       class="testMethodDetails">
                     <div>
                        <b>Name: </b>afterTest
                     </div>
                     <div>
                        <b>Signature: </b>afterTest()[pri:0, instance:in.v2solutions.hybrid.testcases.RPOST_D_29_Verify_UserCanCreateEditShareAndDeleteRule@28701274]
                     </div>
                     <div>
                        <b>Start time: </b>11:08:50
                     </div>
                     <div>
                        <b>End time: </b>11:08:50
                     </div>
                     <div>
                        <b>Duration: </b>0 ms
                        
                     </div>
                  </div>
               </td>
            </tr>
            <tr></tr>
            <tr id="in.v2solutions.hybrid.testcases.RPOST_D_29_Verify_UserCanCreateEditShareAndDeleteRule_beforeTest_byStatus_passed_PASS27_row"
                class="testMethodStatusPASS testMethodStatusCONF">
               <td width="100%" class="firstMethodCell">
                  <a onclick="toggleDetailsVisibility('in.v2solutions.hybrid.testcases.RPOST_D_29_Verify_UserCanCreateEditShareAndDeleteRule_beforeTest_byStatus_passed_PASS27_details')">beforeTest(Rpost_P1_1.2)</a>
               </td>
               <td nowrap="true">11:08:50</td>
               <td nowrap="true" align="right">0 ms
                  
               </td>
               <td nowrap="true">
                   
                  
               </td>
            </tr>
            <tr>
               <td colspan="4" class="detailsBox">
                  <div id="in.v2solutions.hybrid.testcases.RPOST_D_29_Verify_UserCanCreateEditShareAndDeleteRule_beforeTest_byStatus_passed_PASS27_details"
                       class="testMethodDetails">
                     <div>
                        <b>Name: </b>beforeTest
                     </div>
                     <div>
                        <b>Signature: </b>beforeTest(java.lang.String)[pri:0, instance:in.v2solutions.hybrid.testcases.RPOST_D_29_Verify_UserCanCreateEditShareAndDeleteRule@28701274]
                     </div>
                     <div>
                        <b>Parameters: </b>
                        
                        Rpost_P1_1.2
                        
                        
                     </div>
                     <div>
                        <b>Start time: </b>11:08:50
                     </div>
                     <div>
                        <b>End time: </b>11:08:50
                     </div>
                     <div>
                        <b>Duration: </b>0 ms
                        
                     </div>
                  </div>
               </td>
            </tr>
            <tr></tr>
            <tr id="in.v2solutions.hybrid.testcases.RPOST_D_03_Verify_UserCanEditAndUpdateProfileName_verify_UserCanEditAndUpdateProfileName_byStatus_skiped_SKIP1_row"
                class="testMethodStatusSKIP">
               <td width="100%" class="firstMethodCell">
                  <a onclick="toggleDetailsVisibility('in.v2solutions.hybrid.testcases.RPOST_D_03_Verify_UserCanEditAndUpdateProfileName_verify_UserCanEditAndUpdateProfileName_byStatus_skiped_SKIP1_details')">verify_UserCanEditAndUpdateProfileName({RunMode=Y})</a>
               </td>
               <td nowrap="true">11:08:50</td>
               <td nowrap="true" align="right">0 ms
                  
               </td>
               <td nowrap="true">
                  <a onclick="toggleDetailsVisibility('in.v2solutions.hybrid.testcases.RPOST_D_03_Verify_UserCanEditAndUpdateProfileName_verify_UserCanEditAndUpdateProfileName_byStatus_skiped_SKIP1_exception')">org.testng.SkipException: 
                     Skipping the test as runmode is NO
                     
                  </a>
                   
                  
               </td>
            </tr>
            <tr>
               <td colspan="4" class="detailsBox">
                  <div id="in.v2solutions.hybrid.testcases.RPOST_D_03_Verify_UserCanEditAndUpdateProfileName_verify_UserCanEditAndUpdateProfileName_byStatus_skiped_SKIP1_details"
                       class="testMethodDetails">
                     <div>
                        <b>Name: </b>verify_UserCanEditAndUpdateProfileName
                     </div>
                     <div>
                        <b>Signature: </b>verify_UserCanEditAndUpdateProfileName(java.util.Hashtable)[pri:0, instance:in.v2solutions.hybrid.testcases.RPOST_D_03_Verify_UserCanEditAndUpdateProfileName@293a5bf6]
                     </div>
                     <div>
                        <b>Parameters: </b>
                        
                        {RunMode=Y}
                        
                        
                     </div>
                     <div>
                        <b>Start time: </b>11:08:50
                     </div>
                     <div>
                        <b>End time: </b>11:08:50
                     </div>
                     <div>
                        <b>Duration: </b>0 ms
                        
                     </div>
                  </div>
               </td>
            </tr>
            <tr>
               <td colspan="4" class="detailsBox">
                  <div id="in.v2solutions.hybrid.testcases.RPOST_D_03_Verify_UserCanEditAndUpdateProfileName_verify_UserCanEditAndUpdateProfileName_byStatus_skiped_SKIP1_exception"
                       class="testMethodDetails">
                     <pre style="padding: 5px; margin: 0;">org.testng.SkipException: Skipping the test as runmode is NO
                        	at in.v2solutions.hybrid.testcases.RPOST_D_03_Verify_UserCanEditAndUpdateProfileName.verify_UserCanEditAndUpdateProfileName(RPOST_D_03_Verify_UserCanEditAndUpdateProfileName.java:46)
                        	at sun.reflect.NativeMethodAccessorImpl.invoke0(Native Method)
                        	at sun.reflect.NativeMethodAccessorImpl.invoke(NativeMethodAccessorImpl.java:62)
                        	at sun.reflect.DelegatingMethodAccessorImpl.invoke(DelegatingMethodAccessorImpl.java:43)
                        	at java.lang.reflect.Method.invoke(Method.java:498)
                        	at org.testng.internal.MethodInvocationHelper.invokeMethod(MethodInvocationHelper.java:108)
                        	at org.testng.internal.Invoker.invokeMethod(Invoker.java:661)
                        	at org.testng.internal.Invoker.invokeTestMethod(Invoker.java:869)
                        	at org.testng.internal.Invoker.invokeTestMethods(Invoker.java:1193)
                        	at org.testng.internal.TestMethodWorker.invokeTestMethods(TestMethodWorker.java:126)
                        	at org.testng.internal.TestMethodWorker.run(TestMethodWorker.java:109)
                        	at org.testng.TestRunner.privateRun(TestRunner.java:744)
                        	at org.testng.TestRunner.run(TestRunner.java:602)
                        	at org.testng.SuiteRunner.runTest(SuiteRunner.java:380)
                        	at org.testng.SuiteRunner.runSequentially(SuiteRunner.java:375)
                        	at org.testng.SuiteRunner.privateRun(SuiteRunner.java:340)
                        	at org.testng.SuiteRunner.run(SuiteRunner.java:289)
                        	at org.testng.SuiteRunnerWorker.runSuite(SuiteRunnerWorker.java:52)
                        	at org.testng.SuiteRunnerWorker.run(SuiteRunnerWorker.java:86)
                        	at org.testng.TestNG.runSuitesSequentially(TestNG.java:1301)
                        	at org.testng.TestNG.runSuitesLocally(TestNG.java:1226)
                        	at org.testng.TestNG.runSuites(TestNG.java:1144)
                        	at org.testng.TestNG.run(TestNG.java:1115)
                        	at org.testng.TestNG.privateMain(TestNG.java:1442)
                        	at org.testng.TestNG.main(TestNG.java:1411)
                     </pre>
                  </div>
               </td>
            </tr>
            <tr id="in.v2solutions.hybrid.testcases.RPOST_D_05_Verify_UserCanCreateEnvelopeAndSend_verify_UserCanCreateEnvelopeAndSend_byStatus_skiped_SKIP2_row"
                class="testMethodStatusSKIP">
               <td width="100%" class="firstMethodCell">
                  <a onclick="toggleDetailsVisibility('in.v2solutions.hybrid.testcases.RPOST_D_05_Verify_UserCanCreateEnvelopeAndSend_verify_UserCanCreateEnvelopeAndSend_byStatus_skiped_SKIP2_details')">verify_UserCanCreateEnvelopeAndSend({RunMode=Y})</a>
               </td>
               <td nowrap="true">11:08:50</td>
               <td nowrap="true" align="right">0 ms
                  
               </td>
               <td nowrap="true">
                  <a onclick="toggleDetailsVisibility('in.v2solutions.hybrid.testcases.RPOST_D_05_Verify_UserCanCreateEnvelopeAndSend_verify_UserCanCreateEnvelopeAndSend_byStatus_skiped_SKIP2_exception')">org.testng.SkipException: 
                     Skipping the test as runmode is NO
                     
                  </a>
                   
                  
               </td>
            </tr>
            <tr>
               <td colspan="4" class="detailsBox">
                  <div id="in.v2solutions.hybrid.testcases.RPOST_D_05_Verify_UserCanCreateEnvelopeAndSend_verify_UserCanCreateEnvelopeAndSend_byStatus_skiped_SKIP2_details"
                       class="testMethodDetails">
                     <div>
                        <b>Name: </b>verify_UserCanCreateEnvelopeAndSend
                     </div>
                     <div>
                        <b>Signature: </b>verify_UserCanCreateEnvelopeAndSend(java.util.Hashtable)[pri:0, instance:in.v2solutions.hybrid.testcases.RPOST_D_05_Verify_UserCanCreateEnvelopeAndSend@409bf450]
                     </div>
                     <div>
                        <b>Parameters: </b>
                        
                        {RunMode=Y}
                        
                        
                     </div>
                     <div>
                        <b>Start time: </b>11:08:50
                     </div>
                     <div>
                        <b>End time: </b>11:08:50
                     </div>
                     <div>
                        <b>Duration: </b>0 ms
                        
                     </div>
                  </div>
               </td>
            </tr>
            <tr>
               <td colspan="4" class="detailsBox">
                  <div id="in.v2solutions.hybrid.testcases.RPOST_D_05_Verify_UserCanCreateEnvelopeAndSend_verify_UserCanCreateEnvelopeAndSend_byStatus_skiped_SKIP2_exception"
                       class="testMethodDetails">
                     <pre style="padding: 5px; margin: 0;">org.testng.SkipException: Skipping the test as runmode is NO
                        	at in.v2solutions.hybrid.testcases.RPOST_D_05_Verify_UserCanCreateEnvelopeAndSend.verify_UserCanCreateEnvelopeAndSend(RPOST_D_05_Verify_UserCanCreateEnvelopeAndSend.java:46)
                        	at sun.reflect.NativeMethodAccessorImpl.invoke0(Native Method)
                        	at sun.reflect.NativeMethodAccessorImpl.invoke(NativeMethodAccessorImpl.java:62)
                        	at sun.reflect.DelegatingMethodAccessorImpl.invoke(DelegatingMethodAccessorImpl.java:43)
                        	at java.lang.reflect.Method.invoke(Method.java:498)
                        	at org.testng.internal.MethodInvocationHelper.invokeMethod(MethodInvocationHelper.java:108)
                        	at org.testng.internal.Invoker.invokeMethod(Invoker.java:661)
                        	at org.testng.internal.Invoker.invokeTestMethod(Invoker.java:869)
                        	at org.testng.internal.Invoker.invokeTestMethods(Invoker.java:1193)
                        	at org.testng.internal.TestMethodWorker.invokeTestMethods(TestMethodWorker.java:126)
                        	at org.testng.internal.TestMethodWorker.run(TestMethodWorker.java:109)
                        	at org.testng.TestRunner.privateRun(TestRunner.java:744)
                        	at org.testng.TestRunner.run(TestRunner.java:602)
                        	at org.testng.SuiteRunner.runTest(SuiteRunner.java:380)
                        	at org.testng.SuiteRunner.runSequentially(SuiteRunner.java:375)
                        	at org.testng.SuiteRunner.privateRun(SuiteRunner.java:340)
                        	at org.testng.SuiteRunner.run(SuiteRunner.java:289)
                        	at org.testng.SuiteRunnerWorker.runSuite(SuiteRunnerWorker.java:52)
                        	at org.testng.SuiteRunnerWorker.run(SuiteRunnerWorker.java:86)
                        	at org.testng.TestNG.runSuitesSequentially(TestNG.java:1301)
                        	at org.testng.TestNG.runSuitesLocally(TestNG.java:1226)
                        	at org.testng.TestNG.runSuites(TestNG.java:1144)
                        	at org.testng.TestNG.run(TestNG.java:1115)
                        	at org.testng.TestNG.privateMain(TestNG.java:1442)
                        	at org.testng.TestNG.main(TestNG.java:1411)
                     </pre>
                  </div>
               </td>
            </tr>
            <tr id="in.v2solutions.hybrid.testcases.RPOST_D_07_Verify_UserCanConsumeTemplateEditAndSendIt_verify_UserCanConsumeTemplateEditAndSendIt_byStatus_skiped_SKIP3_row"
                class="testMethodStatusSKIP">
               <td width="100%" class="firstMethodCell">
                  <a onclick="toggleDetailsVisibility('in.v2solutions.hybrid.testcases.RPOST_D_07_Verify_UserCanConsumeTemplateEditAndSendIt_verify_UserCanConsumeTemplateEditAndSendIt_byStatus_skiped_SKIP3_details')">verify_UserCanConsumeTemplateEditAndSendIt({RunMode=Y})</a>
               </td>
               <td nowrap="true">11:08:50</td>
               <td nowrap="true" align="right">0 ms
                  
               </td>
               <td nowrap="true">
                  <a onclick="toggleDetailsVisibility('in.v2solutions.hybrid.testcases.RPOST_D_07_Verify_UserCanConsumeTemplateEditAndSendIt_verify_UserCanConsumeTemplateEditAndSendIt_byStatus_skiped_SKIP3_exception')">org.testng.SkipException: 
                     Skipping the test as runmode is NO
                     
                  </a>
                   
                  
               </td>
            </tr>
            <tr>
               <td colspan="4" class="detailsBox">
                  <div id="in.v2solutions.hybrid.testcases.RPOST_D_07_Verify_UserCanConsumeTemplateEditAndSendIt_verify_UserCanConsumeTemplateEditAndSendIt_byStatus_skiped_SKIP3_details"
                       class="testMethodDetails">
                     <div>
                        <b>Name: </b>verify_UserCanConsumeTemplateEditAndSendIt
                     </div>
                     <div>
                        <b>Signature: </b>verify_UserCanConsumeTemplateEditAndSendIt(java.util.Hashtable)[pri:0, instance:in.v2solutions.hybrid.testcases.RPOST_D_07_Verify_UserCanConsumeTemplateEditAndSendIt@689604d9]
                     </div>
                     <div>
                        <b>Parameters: </b>
                        
                        {RunMode=Y}
                        
                        
                     </div>
                     <div>
                        <b>Start time: </b>11:08:50
                     </div>
                     <div>
                        <b>End time: </b>11:08:50
                     </div>
                     <div>
                        <b>Duration: </b>0 ms
                        
                     </div>
                  </div>
               </td>
            </tr>
            <tr>
               <td colspan="4" class="detailsBox">
                  <div id="in.v2solutions.hybrid.testcases.RPOST_D_07_Verify_UserCanConsumeTemplateEditAndSendIt_verify_UserCanConsumeTemplateEditAndSendIt_byStatus_skiped_SKIP3_exception"
                       class="testMethodDetails">
                     <pre style="padding: 5px; margin: 0;">org.testng.SkipException: Skipping the test as runmode is NO
                        	at in.v2solutions.hybrid.testcases.RPOST_D_07_Verify_UserCanConsumeTemplateEditAndSendIt.verify_UserCanConsumeTemplateEditAndSendIt(RPOST_D_07_Verify_UserCanConsumeTemplateEditAndSendIt.java:46)
                        	at sun.reflect.NativeMethodAccessorImpl.invoke0(Native Method)
                        	at sun.reflect.NativeMethodAccessorImpl.invoke(NativeMethodAccessorImpl.java:62)
                        	at sun.reflect.DelegatingMethodAccessorImpl.invoke(DelegatingMethodAccessorImpl.java:43)
                        	at java.lang.reflect.Method.invoke(Method.java:498)
                        	at org.testng.internal.MethodInvocationHelper.invokeMethod(MethodInvocationHelper.java:108)
                        	at org.testng.internal.Invoker.invokeMethod(Invoker.java:661)
                        	at org.testng.internal.Invoker.invokeTestMethod(Invoker.java:869)
                        	at org.testng.internal.Invoker.invokeTestMethods(Invoker.java:1193)
                        	at org.testng.internal.TestMethodWorker.invokeTestMethods(TestMethodWorker.java:126)
                        	at org.testng.internal.TestMethodWorker.run(TestMethodWorker.java:109)
                        	at org.testng.TestRunner.privateRun(TestRunner.java:744)
                        	at org.testng.TestRunner.run(TestRunner.java:602)
                        	at org.testng.SuiteRunner.runTest(SuiteRunner.java:380)
                        	at org.testng.SuiteRunner.runSequentially(SuiteRunner.java:375)
                        	at org.testng.SuiteRunner.privateRun(SuiteRunner.java:340)
                        	at org.testng.SuiteRunner.run(SuiteRunner.java:289)
                        	at org.testng.SuiteRunnerWorker.runSuite(SuiteRunnerWorker.java:52)
                        	at org.testng.SuiteRunnerWorker.run(SuiteRunnerWorker.java:86)
                        	at org.testng.TestNG.runSuitesSequentially(TestNG.java:1301)
                        	at org.testng.TestNG.runSuitesLocally(TestNG.java:1226)
                        	at org.testng.TestNG.runSuites(TestNG.java:1144)
                        	at org.testng.TestNG.run(TestNG.java:1115)
                        	at org.testng.TestNG.privateMain(TestNG.java:1442)
                        	at org.testng.TestNG.main(TestNG.java:1411)
                     </pre>
                  </div>
               </td>
            </tr>
            <tr id="in.v2solutions.hybrid.testcases.RPOST_D_08_Verify_UserCanCreateEnvelopeAndDraftIt_verify_UserCanCreateEnvelopeAndDraftIt_byStatus_skiped_SKIP4_row"
                class="testMethodStatusSKIP">
               <td width="100%" class="firstMethodCell">
                  <a onclick="toggleDetailsVisibility('in.v2solutions.hybrid.testcases.RPOST_D_08_Verify_UserCanCreateEnvelopeAndDraftIt_verify_UserCanCreateEnvelopeAndDraftIt_byStatus_skiped_SKIP4_details')">verify_UserCanCreateEnvelopeAndDraftIt({RunMode=Y})</a>
               </td>
               <td nowrap="true">11:08:50</td>
               <td nowrap="true" align="right">0 ms
                  
               </td>
               <td nowrap="true">
                  <a onclick="toggleDetailsVisibility('in.v2solutions.hybrid.testcases.RPOST_D_08_Verify_UserCanCreateEnvelopeAndDraftIt_verify_UserCanCreateEnvelopeAndDraftIt_byStatus_skiped_SKIP4_exception')">org.testng.SkipException: 
                     Skipping the test as runmode is NO
                     
                  </a>
                   
                  
               </td>
            </tr>
            <tr>
               <td colspan="4" class="detailsBox">
                  <div id="in.v2solutions.hybrid.testcases.RPOST_D_08_Verify_UserCanCreateEnvelopeAndDraftIt_verify_UserCanCreateEnvelopeAndDraftIt_byStatus_skiped_SKIP4_details"
                       class="testMethodDetails">
                     <div>
                        <b>Name: </b>verify_UserCanCreateEnvelopeAndDraftIt
                     </div>
                     <div>
                        <b>Signature: </b>verify_UserCanCreateEnvelopeAndDraftIt(java.util.Hashtable)[pri:0, instance:in.v2solutions.hybrid.testcases.RPOST_D_08_Verify_UserCanCreateEnvelopeAndDraftIt@4562e04d]
                     </div>
                     <div>
                        <b>Parameters: </b>
                        
                        {RunMode=Y}
                        
                        
                     </div>
                     <div>
                        <b>Start time: </b>11:08:50
                     </div>
                     <div>
                        <b>End time: </b>11:08:50
                     </div>
                     <div>
                        <b>Duration: </b>0 ms
                        
                     </div>
                  </div>
               </td>
            </tr>
            <tr>
               <td colspan="4" class="detailsBox">
                  <div id="in.v2solutions.hybrid.testcases.RPOST_D_08_Verify_UserCanCreateEnvelopeAndDraftIt_verify_UserCanCreateEnvelopeAndDraftIt_byStatus_skiped_SKIP4_exception"
                       class="testMethodDetails">
                     <pre style="padding: 5px; margin: 0;">org.testng.SkipException: Skipping the test as runmode is NO
                        	at in.v2solutions.hybrid.testcases.RPOST_D_08_Verify_UserCanCreateEnvelopeAndDraftIt.verify_UserCanCreateEnvelopeAndDraftIt(RPOST_D_08_Verify_UserCanCreateEnvelopeAndDraftIt.java:46)
                        	at sun.reflect.NativeMethodAccessorImpl.invoke0(Native Method)
                        	at sun.reflect.NativeMethodAccessorImpl.invoke(NativeMethodAccessorImpl.java:62)
                        	at sun.reflect.DelegatingMethodAccessorImpl.invoke(DelegatingMethodAccessorImpl.java:43)
                        	at java.lang.reflect.Method.invoke(Method.java:498)
                        	at org.testng.internal.MethodInvocationHelper.invokeMethod(MethodInvocationHelper.java:108)
                        	at org.testng.internal.Invoker.invokeMethod(Invoker.java:661)
                        	at org.testng.internal.Invoker.invokeTestMethod(Invoker.java:869)
                        	at org.testng.internal.Invoker.invokeTestMethods(Invoker.java:1193)
                        	at org.testng.internal.TestMethodWorker.invokeTestMethods(TestMethodWorker.java:126)
                        	at org.testng.internal.TestMethodWorker.run(TestMethodWorker.java:109)
                        	at org.testng.TestRunner.privateRun(TestRunner.java:744)
                        	at org.testng.TestRunner.run(TestRunner.java:602)
                        	at org.testng.SuiteRunner.runTest(SuiteRunner.java:380)
                        	at org.testng.SuiteRunner.runSequentially(SuiteRunner.java:375)
                        	at org.testng.SuiteRunner.privateRun(SuiteRunner.java:340)
                        	at org.testng.SuiteRunner.run(SuiteRunner.java:289)
                        	at org.testng.SuiteRunnerWorker.runSuite(SuiteRunnerWorker.java:52)
                        	at org.testng.SuiteRunnerWorker.run(SuiteRunnerWorker.java:86)
                        	at org.testng.TestNG.runSuitesSequentially(TestNG.java:1301)
                        	at org.testng.TestNG.runSuitesLocally(TestNG.java:1226)
                        	at org.testng.TestNG.runSuites(TestNG.java:1144)
                        	at org.testng.TestNG.run(TestNG.java:1115)
                        	at org.testng.TestNG.privateMain(TestNG.java:1442)
                        	at org.testng.TestNG.main(TestNG.java:1411)
                     </pre>
                  </div>
               </td>
            </tr>
            <tr id="in.v2solutions.hybrid.testcases.RPOST_D_09_Verify_UserCanCreateEnvelopeAndViewPDF_verify_UserCanCreateEnvelopeAndViewPDF_byStatus_skiped_SKIP5_row"
                class="testMethodStatusSKIP">
               <td width="100%" class="firstMethodCell">
                  <a onclick="toggleDetailsVisibility('in.v2solutions.hybrid.testcases.RPOST_D_09_Verify_UserCanCreateEnvelopeAndViewPDF_verify_UserCanCreateEnvelopeAndViewPDF_byStatus_skiped_SKIP5_details')">verify_UserCanCreateEnvelopeAndViewPDF({RunMode=Y})</a>
               </td>
               <td nowrap="true">11:08:50</td>
               <td nowrap="true" align="right">0 ms
                  
               </td>
               <td nowrap="true">
                  <a onclick="toggleDetailsVisibility('in.v2solutions.hybrid.testcases.RPOST_D_09_Verify_UserCanCreateEnvelopeAndViewPDF_verify_UserCanCreateEnvelopeAndViewPDF_byStatus_skiped_SKIP5_exception')">org.testng.SkipException: 
                     Skipping the test as runmode is NO
                     
                  </a>
                   
                  
               </td>
            </tr>
            <tr>
               <td colspan="4" class="detailsBox">
                  <div id="in.v2solutions.hybrid.testcases.RPOST_D_09_Verify_UserCanCreateEnvelopeAndViewPDF_verify_UserCanCreateEnvelopeAndViewPDF_byStatus_skiped_SKIP5_details"
                       class="testMethodDetails">
                     <div>
                        <b>Name: </b>verify_UserCanCreateEnvelopeAndViewPDF
                     </div>
                     <div>
                        <b>Signature: </b>verify_UserCanCreateEnvelopeAndViewPDF(java.util.Hashtable)[pri:0, instance:in.v2solutions.hybrid.testcases.RPOST_D_09_Verify_UserCanCreateEnvelopeAndViewPDF@5c6648b0]
                     </div>
                     <div>
                        <b>Parameters: </b>
                        
                        {RunMode=Y}
                        
                        
                     </div>
                     <div>
                        <b>Start time: </b>11:08:50
                     </div>
                     <div>
                        <b>End time: </b>11:08:50
                     </div>
                     <div>
                        <b>Duration: </b>0 ms
                        
                     </div>
                  </div>
               </td>
            </tr>
            <tr>
               <td colspan="4" class="detailsBox">
                  <div id="in.v2solutions.hybrid.testcases.RPOST_D_09_Verify_UserCanCreateEnvelopeAndViewPDF_verify_UserCanCreateEnvelopeAndViewPDF_byStatus_skiped_SKIP5_exception"
                       class="testMethodDetails">
                     <pre style="padding: 5px; margin: 0;">org.testng.SkipException: Skipping the test as runmode is NO
                        	at in.v2solutions.hybrid.testcases.RPOST_D_09_Verify_UserCanCreateEnvelopeAndViewPDF.verify_UserCanCreateEnvelopeAndViewPDF(RPOST_D_09_Verify_UserCanCreateEnvelopeAndViewPDF.java:46)
                        	at sun.reflect.NativeMethodAccessorImpl.invoke0(Native Method)
                        	at sun.reflect.NativeMethodAccessorImpl.invoke(NativeMethodAccessorImpl.java:62)
                        	at sun.reflect.DelegatingMethodAccessorImpl.invoke(DelegatingMethodAccessorImpl.java:43)
                        	at java.lang.reflect.Method.invoke(Method.java:498)
                        	at org.testng.internal.MethodInvocationHelper.invokeMethod(MethodInvocationHelper.java:108)
                        	at org.testng.internal.Invoker.invokeMethod(Invoker.java:661)
                        	at org.testng.internal.Invoker.invokeTestMethod(Invoker.java:869)
                        	at org.testng.internal.Invoker.invokeTestMethods(Invoker.java:1193)
                        	at org.testng.internal.TestMethodWorker.invokeTestMethods(TestMethodWorker.java:126)
                        	at org.testng.internal.TestMethodWorker.run(TestMethodWorker.java:109)
                        	at org.testng.TestRunner.privateRun(TestRunner.java:744)
                        	at org.testng.TestRunner.run(TestRunner.java:602)
                        	at org.testng.SuiteRunner.runTest(SuiteRunner.java:380)
                        	at org.testng.SuiteRunner.runSequentially(SuiteRunner.java:375)
                        	at org.testng.SuiteRunner.privateRun(SuiteRunner.java:340)
                        	at org.testng.SuiteRunner.run(SuiteRunner.java:289)
                        	at org.testng.SuiteRunnerWorker.runSuite(SuiteRunnerWorker.java:52)
                        	at org.testng.SuiteRunnerWorker.run(SuiteRunnerWorker.java:86)
                        	at org.testng.TestNG.runSuitesSequentially(TestNG.java:1301)
                        	at org.testng.TestNG.runSuitesLocally(TestNG.java:1226)
                        	at org.testng.TestNG.runSuites(TestNG.java:1144)
                        	at org.testng.TestNG.run(TestNG.java:1115)
                        	at org.testng.TestNG.privateMain(TestNG.java:1442)
                        	at org.testng.TestNG.main(TestNG.java:1411)
                     </pre>
                  </div>
               </td>
            </tr>
            <tr id="in.v2solutions.hybrid.testcases.RPOST_D_13_Verify_StatusFilterWorksUnderManageTab_verify_StatusFilterWorksUnderManageTab_byStatus_skiped_SKIP6_row"
                class="testMethodStatusSKIP">
               <td width="100%" class="firstMethodCell">
                  <a onclick="toggleDetailsVisibility('in.v2solutions.hybrid.testcases.RPOST_D_13_Verify_StatusFilterWorksUnderManageTab_verify_StatusFilterWorksUnderManageTab_byStatus_skiped_SKIP6_details')">verify_StatusFilterWorksUnderManageTab({RunMode=Y})</a>
               </td>
               <td nowrap="true">11:08:50</td>
               <td nowrap="true" align="right">0 ms
                  
               </td>
               <td nowrap="true">
                  <a onclick="toggleDetailsVisibility('in.v2solutions.hybrid.testcases.RPOST_D_13_Verify_StatusFilterWorksUnderManageTab_verify_StatusFilterWorksUnderManageTab_byStatus_skiped_SKIP6_exception')">org.testng.SkipException: 
                     Skipping the test as runmode is NO
                     
                  </a>
                   
                  
               </td>
            </tr>
            <tr>
               <td colspan="4" class="detailsBox">
                  <div id="in.v2solutions.hybrid.testcases.RPOST_D_13_Verify_StatusFilterWorksUnderManageTab_verify_StatusFilterWorksUnderManageTab_byStatus_skiped_SKIP6_details"
                       class="testMethodDetails">
                     <div>
                        <b>Name: </b>verify_StatusFilterWorksUnderManageTab
                     </div>
                     <div>
                        <b>Signature: </b>verify_StatusFilterWorksUnderManageTab(java.util.Hashtable)[pri:0, instance:in.v2solutions.hybrid.testcases.RPOST_D_13_Verify_StatusFilterWorksUnderManageTab@368f2016]
                     </div>
                     <div>
                        <b>Parameters: </b>
                        
                        {RunMode=Y}
                        
                        
                     </div>
                     <div>
                        <b>Start time: </b>11:08:50
                     </div>
                     <div>
                        <b>End time: </b>11:08:50
                     </div>
                     <div>
                        <b>Duration: </b>0 ms
                        
                     </div>
                  </div>
               </td>
            </tr>
            <tr>
               <td colspan="4" class="detailsBox">
                  <div id="in.v2solutions.hybrid.testcases.RPOST_D_13_Verify_StatusFilterWorksUnderManageTab_verify_StatusFilterWorksUnderManageTab_byStatus_skiped_SKIP6_exception"
                       class="testMethodDetails">
                     <pre style="padding: 5px; margin: 0;">org.testng.SkipException: Skipping the test as runmode is NO
                        	at in.v2solutions.hybrid.testcases.RPOST_D_13_Verify_StatusFilterWorksUnderManageTab.verify_StatusFilterWorksUnderManageTab(RPOST_D_13_Verify_StatusFilterWorksUnderManageTab.java:46)
                        	at sun.reflect.NativeMethodAccessorImpl.invoke0(Native Method)
                        	at sun.reflect.NativeMethodAccessorImpl.invoke(NativeMethodAccessorImpl.java:62)
                        	at sun.reflect.DelegatingMethodAccessorImpl.invoke(DelegatingMethodAccessorImpl.java:43)
                        	at java.lang.reflect.Method.invoke(Method.java:498)
                        	at org.testng.internal.MethodInvocationHelper.invokeMethod(MethodInvocationHelper.java:108)
                        	at org.testng.internal.Invoker.invokeMethod(Invoker.java:661)
                        	at org.testng.internal.Invoker.invokeTestMethod(Invoker.java:869)
                        	at org.testng.internal.Invoker.invokeTestMethods(Invoker.java:1193)
                        	at org.testng.internal.TestMethodWorker.invokeTestMethods(TestMethodWorker.java:126)
                        	at org.testng.internal.TestMethodWorker.run(TestMethodWorker.java:109)
                        	at org.testng.TestRunner.privateRun(TestRunner.java:744)
                        	at org.testng.TestRunner.run(TestRunner.java:602)
                        	at org.testng.SuiteRunner.runTest(SuiteRunner.java:380)
                        	at org.testng.SuiteRunner.runSequentially(SuiteRunner.java:375)
                        	at org.testng.SuiteRunner.privateRun(SuiteRunner.java:340)
                        	at org.testng.SuiteRunner.run(SuiteRunner.java:289)
                        	at org.testng.SuiteRunnerWorker.runSuite(SuiteRunnerWorker.java:52)
                        	at org.testng.SuiteRunnerWorker.run(SuiteRunnerWorker.java:86)
                        	at org.testng.TestNG.runSuitesSequentially(TestNG.java:1301)
                        	at org.testng.TestNG.runSuitesLocally(TestNG.java:1226)
                        	at org.testng.TestNG.runSuites(TestNG.java:1144)
                        	at org.testng.TestNG.run(TestNG.java:1115)
                        	at org.testng.TestNG.privateMain(TestNG.java:1442)
                        	at org.testng.TestNG.main(TestNG.java:1411)
                     </pre>
                  </div>
               </td>
            </tr>
            <tr id="in.v2solutions.hybrid.testcases.RPOST_D_17_Verify_UserCanCreateEditShareAndDeleteTemplete_verify_UserCanCreateEditShareAndDeleteTemplete_byStatus_skiped_SKIP7_row"
                class="testMethodStatusSKIP">
               <td width="100%" class="firstMethodCell">
                  <a onclick="toggleDetailsVisibility('in.v2solutions.hybrid.testcases.RPOST_D_17_Verify_UserCanCreateEditShareAndDeleteTemplete_verify_UserCanCreateEditShareAndDeleteTemplete_byStatus_skiped_SKIP7_details')">verify_UserCanCreateEditShareAndDeleteTemplete({RunMode=Y})</a>
               </td>
               <td nowrap="true">11:08:50</td>
               <td nowrap="true" align="right">0 ms
                  
               </td>
               <td nowrap="true">
                  <a onclick="toggleDetailsVisibility('in.v2solutions.hybrid.testcases.RPOST_D_17_Verify_UserCanCreateEditShareAndDeleteTemplete_verify_UserCanCreateEditShareAndDeleteTemplete_byStatus_skiped_SKIP7_exception')">org.testng.SkipException: 
                     Skipping the test as runmode is NO
                     
                  </a>
                   
                  
               </td>
            </tr>
            <tr>
               <td colspan="4" class="detailsBox">
                  <div id="in.v2solutions.hybrid.testcases.RPOST_D_17_Verify_UserCanCreateEditShareAndDeleteTemplete_verify_UserCanCreateEditShareAndDeleteTemplete_byStatus_skiped_SKIP7_details"
                       class="testMethodDetails">
                     <div>
                        <b>Name: </b>verify_UserCanCreateEditShareAndDeleteTemplete
                     </div>
                     <div>
                        <b>Signature: </b>verify_UserCanCreateEditShareAndDeleteTemplete(java.util.Hashtable)[pri:0, instance:in.v2solutions.hybrid.testcases.RPOST_D_17_Verify_UserCanCreateEditShareAndDeleteTemplete@5656be13]
                     </div>
                     <div>
                        <b>Parameters: </b>
                        
                        {RunMode=Y}
                        
                        
                     </div>
                     <div>
                        <b>Start time: </b>11:08:50
                     </div>
                     <div>
                        <b>End time: </b>11:08:50
                     </div>
                     <div>
                        <b>Duration: </b>0 ms
                        
                     </div>
                  </div>
               </td>
            </tr>
            <tr>
               <td colspan="4" class="detailsBox">
                  <div id="in.v2solutions.hybrid.testcases.RPOST_D_17_Verify_UserCanCreateEditShareAndDeleteTemplete_verify_UserCanCreateEditShareAndDeleteTemplete_byStatus_skiped_SKIP7_exception"
                       class="testMethodDetails">
                     <pre style="padding: 5px; margin: 0;">org.testng.SkipException: Skipping the test as runmode is NO
                        	at in.v2solutions.hybrid.testcases.RPOST_D_17_Verify_UserCanCreateEditShareAndDeleteTemplete.verify_UserCanCreateEditShareAndDeleteTemplete(RPOST_D_17_Verify_UserCanCreateEditShareAndDeleteTemplete.java:46)
                        	at sun.reflect.NativeMethodAccessorImpl.invoke0(Native Method)
                        	at sun.reflect.NativeMethodAccessorImpl.invoke(NativeMethodAccessorImpl.java:62)
                        	at sun.reflect.DelegatingMethodAccessorImpl.invoke(DelegatingMethodAccessorImpl.java:43)
                        	at java.lang.reflect.Method.invoke(Method.java:498)
                        	at org.testng.internal.MethodInvocationHelper.invokeMethod(MethodInvocationHelper.java:108)
                        	at org.testng.internal.Invoker.invokeMethod(Invoker.java:661)
                        	at org.testng.internal.Invoker.invokeTestMethod(Invoker.java:869)
                        	at org.testng.internal.Invoker.invokeTestMethods(Invoker.java:1193)
                        	at org.testng.internal.TestMethodWorker.invokeTestMethods(TestMethodWorker.java:126)
                        	at org.testng.internal.TestMethodWorker.run(TestMethodWorker.java:109)
                        	at org.testng.TestRunner.privateRun(TestRunner.java:744)
                        	at org.testng.TestRunner.run(TestRunner.java:602)
                        	at org.testng.SuiteRunner.runTest(SuiteRunner.java:380)
                        	at org.testng.SuiteRunner.runSequentially(SuiteRunner.java:375)
                        	at org.testng.SuiteRunner.privateRun(SuiteRunner.java:340)
                        	at org.testng.SuiteRunner.run(SuiteRunner.java:289)
                        	at org.testng.SuiteRunnerWorker.runSuite(SuiteRunnerWorker.java:52)
                        	at org.testng.SuiteRunnerWorker.run(SuiteRunnerWorker.java:86)
                        	at org.testng.TestNG.runSuitesSequentially(TestNG.java:1301)
                        	at org.testng.TestNG.runSuitesLocally(TestNG.java:1226)
                        	at org.testng.TestNG.runSuites(TestNG.java:1144)
                        	at org.testng.TestNG.run(TestNG.java:1115)
                        	at org.testng.TestNG.privateMain(TestNG.java:1442)
                        	at org.testng.TestNG.main(TestNG.java:1411)
                     </pre>
                  </div>
               </td>
            </tr>
            <tr id="in.v2solutions.hybrid.testcases.RPOST_D_18_Verify_UserCanSendAlreadyDraftedEnvelope_verify_UserCanSendAlreadyDraftedEnvelope_byStatus_skiped_SKIP8_row"
                class="testMethodStatusSKIP">
               <td width="100%" class="firstMethodCell">
                  <a onclick="toggleDetailsVisibility('in.v2solutions.hybrid.testcases.RPOST_D_18_Verify_UserCanSendAlreadyDraftedEnvelope_verify_UserCanSendAlreadyDraftedEnvelope_byStatus_skiped_SKIP8_details')">verify_UserCanSendAlreadyDraftedEnvelope({RunMode=Y})</a>
               </td>
               <td nowrap="true">11:08:50</td>
               <td nowrap="true" align="right">0 ms
                  
               </td>
               <td nowrap="true">
                  <a onclick="toggleDetailsVisibility('in.v2solutions.hybrid.testcases.RPOST_D_18_Verify_UserCanSendAlreadyDraftedEnvelope_verify_UserCanSendAlreadyDraftedEnvelope_byStatus_skiped_SKIP8_exception')">org.testng.SkipException: 
                     Skipping the test as runmode is NO
                     
                  </a>
                   
                  
               </td>
            </tr>
            <tr>
               <td colspan="4" class="detailsBox">
                  <div id="in.v2solutions.hybrid.testcases.RPOST_D_18_Verify_UserCanSendAlreadyDraftedEnvelope_verify_UserCanSendAlreadyDraftedEnvelope_byStatus_skiped_SKIP8_details"
                       class="testMethodDetails">
                     <div>
                        <b>Name: </b>verify_UserCanSendAlreadyDraftedEnvelope
                     </div>
                     <div>
                        <b>Signature: </b>verify_UserCanSendAlreadyDraftedEnvelope(java.util.Hashtable)[pri:0, instance:in.v2solutions.hybrid.testcases.RPOST_D_18_Verify_UserCanSendAlreadyDraftedEnvelope@7b98f307]
                     </div>
                     <div>
                        <b>Parameters: </b>
                        
                        {RunMode=Y}
                        
                        
                     </div>
                     <div>
                        <b>Start time: </b>11:08:50
                     </div>
                     <div>
                        <b>End time: </b>11:08:50
                     </div>
                     <div>
                        <b>Duration: </b>0 ms
                        
                     </div>
                  </div>
               </td>
            </tr>
            <tr>
               <td colspan="4" class="detailsBox">
                  <div id="in.v2solutions.hybrid.testcases.RPOST_D_18_Verify_UserCanSendAlreadyDraftedEnvelope_verify_UserCanSendAlreadyDraftedEnvelope_byStatus_skiped_SKIP8_exception"
                       class="testMethodDetails">
                     <pre style="padding: 5px; margin: 0;">org.testng.SkipException: Skipping the test as runmode is NO
                        	at in.v2solutions.hybrid.testcases.RPOST_D_18_Verify_UserCanSendAlreadyDraftedEnvelope.verify_UserCanSendAlreadyDraftedEnvelope(RPOST_D_18_Verify_UserCanSendAlreadyDraftedEnvelope.java:46)
                        	at sun.reflect.NativeMethodAccessorImpl.invoke0(Native Method)
                        	at sun.reflect.NativeMethodAccessorImpl.invoke(NativeMethodAccessorImpl.java:62)
                        	at sun.reflect.DelegatingMethodAccessorImpl.invoke(DelegatingMethodAccessorImpl.java:43)
                        	at java.lang.reflect.Method.invoke(Method.java:498)
                        	at org.testng.internal.MethodInvocationHelper.invokeMethod(MethodInvocationHelper.java:108)
                        	at org.testng.internal.Invoker.invokeMethod(Invoker.java:661)
                        	at org.testng.internal.Invoker.invokeTestMethod(Invoker.java:869)
                        	at org.testng.internal.Invoker.invokeTestMethods(Invoker.java:1193)
                        	at org.testng.internal.TestMethodWorker.invokeTestMethods(TestMethodWorker.java:126)
                        	at org.testng.internal.TestMethodWorker.run(TestMethodWorker.java:109)
                        	at org.testng.TestRunner.privateRun(TestRunner.java:744)
                        	at org.testng.TestRunner.run(TestRunner.java:602)
                        	at org.testng.SuiteRunner.runTest(SuiteRunner.java:380)
                        	at org.testng.SuiteRunner.runSequentially(SuiteRunner.java:375)
                        	at org.testng.SuiteRunner.privateRun(SuiteRunner.java:340)
                        	at org.testng.SuiteRunner.run(SuiteRunner.java:289)
                        	at org.testng.SuiteRunnerWorker.runSuite(SuiteRunnerWorker.java:52)
                        	at org.testng.SuiteRunnerWorker.run(SuiteRunnerWorker.java:86)
                        	at org.testng.TestNG.runSuitesSequentially(TestNG.java:1301)
                        	at org.testng.TestNG.runSuitesLocally(TestNG.java:1226)
                        	at org.testng.TestNG.runSuites(TestNG.java:1144)
                        	at org.testng.TestNG.run(TestNG.java:1115)
                        	at org.testng.TestNG.privateMain(TestNG.java:1442)
                        	at org.testng.TestNG.main(TestNG.java:1411)
                     </pre>
                  </div>
               </td>
            </tr>
            <tr id="in.v2solutions.hybrid.testcases.RPOST_D_19_Verify_CompanyListUnderAdminTab_verify_CompanyListUnderAdminTab_byStatus_skiped_SKIP9_row"
                class="testMethodStatusSKIP">
               <td width="100%" class="firstMethodCell">
                  <a onclick="toggleDetailsVisibility('in.v2solutions.hybrid.testcases.RPOST_D_19_Verify_CompanyListUnderAdminTab_verify_CompanyListUnderAdminTab_byStatus_skiped_SKIP9_details')">verify_CompanyListUnderAdminTab({RunMode=Y})</a>
               </td>
               <td nowrap="true">11:08:50</td>
               <td nowrap="true" align="right">0 ms
                  
               </td>
               <td nowrap="true">
                  <a onclick="toggleDetailsVisibility('in.v2solutions.hybrid.testcases.RPOST_D_19_Verify_CompanyListUnderAdminTab_verify_CompanyListUnderAdminTab_byStatus_skiped_SKIP9_exception')">org.testng.SkipException: 
                     Skipping the test as runmode is NO
                     
                  </a>
                   
                  
               </td>
            </tr>
            <tr>
               <td colspan="4" class="detailsBox">
                  <div id="in.v2solutions.hybrid.testcases.RPOST_D_19_Verify_CompanyListUnderAdminTab_verify_CompanyListUnderAdminTab_byStatus_skiped_SKIP9_details"
                       class="testMethodDetails">
                     <div>
                        <b>Name: </b>verify_CompanyListUnderAdminTab
                     </div>
                     <div>
                        <b>Signature: </b>verify_CompanyListUnderAdminTab(java.util.Hashtable)[pri:0, instance:in.v2solutions.hybrid.testcases.RPOST_D_19_Verify_CompanyListUnderAdminTab@78691363]
                     </div>
                     <div>
                        <b>Parameters: </b>
                        
                        {RunMode=Y}
                        
                        
                     </div>
                     <div>
                        <b>Start time: </b>11:08:50
                     </div>
                     <div>
                        <b>End time: </b>11:08:50
                     </div>
                     <div>
                        <b>Duration: </b>0 ms
                        
                     </div>
                  </div>
               </td>
            </tr>
            <tr>
               <td colspan="4" class="detailsBox">
                  <div id="in.v2solutions.hybrid.testcases.RPOST_D_19_Verify_CompanyListUnderAdminTab_verify_CompanyListUnderAdminTab_byStatus_skiped_SKIP9_exception"
                       class="testMethodDetails">
                     <pre style="padding: 5px; margin: 0;">org.testng.SkipException: Skipping the test as runmode is NO
                        	at in.v2solutions.hybrid.testcases.RPOST_D_19_Verify_CompanyListUnderAdminTab.verify_CompanyListUnderAdminTab(RPOST_D_19_Verify_CompanyListUnderAdminTab.java:46)
                        	at sun.reflect.NativeMethodAccessorImpl.invoke0(Native Method)
                        	at sun.reflect.NativeMethodAccessorImpl.invoke(NativeMethodAccessorImpl.java:62)
                        	at sun.reflect.DelegatingMethodAccessorImpl.invoke(DelegatingMethodAccessorImpl.java:43)
                        	at java.lang.reflect.Method.invoke(Method.java:498)
                        	at org.testng.internal.MethodInvocationHelper.invokeMethod(MethodInvocationHelper.java:108)
                        	at org.testng.internal.Invoker.invokeMethod(Invoker.java:661)
                        	at org.testng.internal.Invoker.invokeTestMethod(Invoker.java:869)
                        	at org.testng.internal.Invoker.invokeTestMethods(Invoker.java:1193)
                        	at org.testng.internal.TestMethodWorker.invokeTestMethods(TestMethodWorker.java:126)
                        	at org.testng.internal.TestMethodWorker.run(TestMethodWorker.java:109)
                        	at org.testng.TestRunner.privateRun(TestRunner.java:744)
                        	at org.testng.TestRunner.run(TestRunner.java:602)
                        	at org.testng.SuiteRunner.runTest(SuiteRunner.java:380)
                        	at org.testng.SuiteRunner.runSequentially(SuiteRunner.java:375)
                        	at org.testng.SuiteRunner.privateRun(SuiteRunner.java:340)
                        	at org.testng.SuiteRunner.run(SuiteRunner.java:289)
                        	at org.testng.SuiteRunnerWorker.runSuite(SuiteRunnerWorker.java:52)
                        	at org.testng.SuiteRunnerWorker.run(SuiteRunnerWorker.java:86)
                        	at org.testng.TestNG.runSuitesSequentially(TestNG.java:1301)
                        	at org.testng.TestNG.runSuitesLocally(TestNG.java:1226)
                        	at org.testng.TestNG.runSuites(TestNG.java:1144)
                        	at org.testng.TestNG.run(TestNG.java:1115)
                        	at org.testng.TestNG.privateMain(TestNG.java:1442)
                        	at org.testng.TestNG.main(TestNG.java:1411)
                     </pre>
                  </div>
               </td>
            </tr>
            <tr id="in.v2solutions.hybrid.testcases.RPOST_D_24_Verify_TimeZoneAcrossTabs_verify_TimeZoneAcrossTabs_byStatus_skiped_SKIP10_row"
                class="testMethodStatusSKIP">
               <td width="100%" class="firstMethodCell">
                  <a onclick="toggleDetailsVisibility('in.v2solutions.hybrid.testcases.RPOST_D_24_Verify_TimeZoneAcrossTabs_verify_TimeZoneAcrossTabs_byStatus_skiped_SKIP10_details')">verify_TimeZoneAcrossTabs({RunMode=Y})</a>
               </td>
               <td nowrap="true">11:08:50</td>
               <td nowrap="true" align="right">0 ms
                  
               </td>
               <td nowrap="true">
                  <a onclick="toggleDetailsVisibility('in.v2solutions.hybrid.testcases.RPOST_D_24_Verify_TimeZoneAcrossTabs_verify_TimeZoneAcrossTabs_byStatus_skiped_SKIP10_exception')">org.testng.SkipException: 
                     Skipping the test as runmode is NO
                     
                  </a>
                   
                  
               </td>
            </tr>
            <tr>
               <td colspan="4" class="detailsBox">
                  <div id="in.v2solutions.hybrid.testcases.RPOST_D_24_Verify_TimeZoneAcrossTabs_verify_TimeZoneAcrossTabs_byStatus_skiped_SKIP10_details"
                       class="testMethodDetails">
                     <div>
                        <b>Name: </b>verify_TimeZoneAcrossTabs
                     </div>
                     <div>
                        <b>Signature: </b>verify_TimeZoneAcrossTabs(java.util.Hashtable)[pri:0, instance:in.v2solutions.hybrid.testcases.RPOST_D_24_Verify_TimeZoneAcrossTabs@5fe94a96]
                     </div>
                     <div>
                        <b>Parameters: </b>
                        
                        {RunMode=Y}
                        
                        
                     </div>
                     <div>
                        <b>Start time: </b>11:08:50
                     </div>
                     <div>
                        <b>End time: </b>11:08:50
                     </div>
                     <div>
                        <b>Duration: </b>0 ms
                        
                     </div>
                  </div>
               </td>
            </tr>
            <tr>
               <td colspan="4" class="detailsBox">
                  <div id="in.v2solutions.hybrid.testcases.RPOST_D_24_Verify_TimeZoneAcrossTabs_verify_TimeZoneAcrossTabs_byStatus_skiped_SKIP10_exception"
                       class="testMethodDetails">
                     <pre style="padding: 5px; margin: 0;">org.testng.SkipException: Skipping the test as runmode is NO
                        	at in.v2solutions.hybrid.testcases.RPOST_D_24_Verify_TimeZoneAcrossTabs.verify_TimeZoneAcrossTabs(RPOST_D_24_Verify_TimeZoneAcrossTabs.java:46)
                        	at sun.reflect.NativeMethodAccessorImpl.invoke0(Native Method)
                        	at sun.reflect.NativeMethodAccessorImpl.invoke(NativeMethodAccessorImpl.java:62)
                        	at sun.reflect.DelegatingMethodAccessorImpl.invoke(DelegatingMethodAccessorImpl.java:43)
                        	at java.lang.reflect.Method.invoke(Method.java:498)
                        	at org.testng.internal.MethodInvocationHelper.invokeMethod(MethodInvocationHelper.java:108)
                        	at org.testng.internal.Invoker.invokeMethod(Invoker.java:661)
                        	at org.testng.internal.Invoker.invokeTestMethod(Invoker.java:869)
                        	at org.testng.internal.Invoker.invokeTestMethods(Invoker.java:1193)
                        	at org.testng.internal.TestMethodWorker.invokeTestMethods(TestMethodWorker.java:126)
                        	at org.testng.internal.TestMethodWorker.run(TestMethodWorker.java:109)
                        	at org.testng.TestRunner.privateRun(TestRunner.java:744)
                        	at org.testng.TestRunner.run(TestRunner.java:602)
                        	at org.testng.SuiteRunner.runTest(SuiteRunner.java:380)
                        	at org.testng.SuiteRunner.runSequentially(SuiteRunner.java:375)
                        	at org.testng.SuiteRunner.privateRun(SuiteRunner.java:340)
                        	at org.testng.SuiteRunner.run(SuiteRunner.java:289)
                        	at org.testng.SuiteRunnerWorker.runSuite(SuiteRunnerWorker.java:52)
                        	at org.testng.SuiteRunnerWorker.run(SuiteRunnerWorker.java:86)
                        	at org.testng.TestNG.runSuitesSequentially(TestNG.java:1301)
                        	at org.testng.TestNG.runSuitesLocally(TestNG.java:1226)
                        	at org.testng.TestNG.runSuites(TestNG.java:1144)
                        	at org.testng.TestNG.run(TestNG.java:1115)
                        	at org.testng.TestNG.privateMain(TestNG.java:1442)
                        	at org.testng.TestNG.main(TestNG.java:1411)
                     </pre>
                  </div>
               </td>
            </tr>
            <tr id="in.v2solutions.hybrid.testcases.RPOST_D_27_Verify_SignatureTextUnderUserProfile_verify_SignatureTextUnderUserProfile_byStatus_skiped_SKIP11_row"
                class="testMethodStatusSKIP">
               <td width="100%" class="firstMethodCell">
                  <a onclick="toggleDetailsVisibility('in.v2solutions.hybrid.testcases.RPOST_D_27_Verify_SignatureTextUnderUserProfile_verify_SignatureTextUnderUserProfile_byStatus_skiped_SKIP11_details')">verify_SignatureTextUnderUserProfile({RunMode=Y})</a>
               </td>
               <td nowrap="true">11:08:50</td>
               <td nowrap="true" align="right">0 ms
                  
               </td>
               <td nowrap="true">
                  <a onclick="toggleDetailsVisibility('in.v2solutions.hybrid.testcases.RPOST_D_27_Verify_SignatureTextUnderUserProfile_verify_SignatureTextUnderUserProfile_byStatus_skiped_SKIP11_exception')">org.testng.SkipException: 
                     Skipping the test as runmode is NO
                     
                  </a>
                   
                  
               </td>
            </tr>
            <tr>
               <td colspan="4" class="detailsBox">
                  <div id="in.v2solutions.hybrid.testcases.RPOST_D_27_Verify_SignatureTextUnderUserProfile_verify_SignatureTextUnderUserProfile_byStatus_skiped_SKIP11_details"
                       class="testMethodDetails">
                     <div>
                        <b>Name: </b>verify_SignatureTextUnderUserProfile
                     </div>
                     <div>
                        <b>Signature: </b>verify_SignatureTextUnderUserProfile(java.util.Hashtable)[pri:0, instance:in.v2solutions.hybrid.testcases.RPOST_D_27_Verify_SignatureTextUnderUserProfile@5e0e82ae]
                     </div>
                     <div>
                        <b>Parameters: </b>
                        
                        {RunMode=Y}
                        
                        
                     </div>
                     <div>
                        <b>Start time: </b>11:08:50
                     </div>
                     <div>
                        <b>End time: </b>11:08:50
                     </div>
                     <div>
                        <b>Duration: </b>0 ms
                        
                     </div>
                  </div>
               </td>
            </tr>
            <tr>
               <td colspan="4" class="detailsBox">
                  <div id="in.v2solutions.hybrid.testcases.RPOST_D_27_Verify_SignatureTextUnderUserProfile_verify_SignatureTextUnderUserProfile_byStatus_skiped_SKIP11_exception"
                       class="testMethodDetails">
                     <pre style="padding: 5px; margin: 0;">org.testng.SkipException: Skipping the test as runmode is NO
                        	at in.v2solutions.hybrid.testcases.RPOST_D_27_Verify_SignatureTextUnderUserProfile.verify_SignatureTextUnderUserProfile(RPOST_D_27_Verify_SignatureTextUnderUserProfile.java:46)
                        	at sun.reflect.NativeMethodAccessorImpl.invoke0(Native Method)
                        	at sun.reflect.NativeMethodAccessorImpl.invoke(NativeMethodAccessorImpl.java:62)
                        	at sun.reflect.DelegatingMethodAccessorImpl.invoke(DelegatingMethodAccessorImpl.java:43)
                        	at java.lang.reflect.Method.invoke(Method.java:498)
                        	at org.testng.internal.MethodInvocationHelper.invokeMethod(MethodInvocationHelper.java:108)
                        	at org.testng.internal.Invoker.invokeMethod(Invoker.java:661)
                        	at org.testng.internal.Invoker.invokeTestMethod(Invoker.java:869)
                        	at org.testng.internal.Invoker.invokeTestMethods(Invoker.java:1193)
                        	at org.testng.internal.TestMethodWorker.invokeTestMethods(TestMethodWorker.java:126)
                        	at org.testng.internal.TestMethodWorker.run(TestMethodWorker.java:109)
                        	at org.testng.TestRunner.privateRun(TestRunner.java:744)
                        	at org.testng.TestRunner.run(TestRunner.java:602)
                        	at org.testng.SuiteRunner.runTest(SuiteRunner.java:380)
                        	at org.testng.SuiteRunner.runSequentially(SuiteRunner.java:375)
                        	at org.testng.SuiteRunner.privateRun(SuiteRunner.java:340)
                        	at org.testng.SuiteRunner.run(SuiteRunner.java:289)
                        	at org.testng.SuiteRunnerWorker.runSuite(SuiteRunnerWorker.java:52)
                        	at org.testng.SuiteRunnerWorker.run(SuiteRunnerWorker.java:86)
                        	at org.testng.TestNG.runSuitesSequentially(TestNG.java:1301)
                        	at org.testng.TestNG.runSuitesLocally(TestNG.java:1226)
                        	at org.testng.TestNG.runSuites(TestNG.java:1144)
                        	at org.testng.TestNG.run(TestNG.java:1115)
                        	at org.testng.TestNG.privateMain(TestNG.java:1442)
                        	at org.testng.TestNG.main(TestNG.java:1411)
                     </pre>
                  </div>
               </td>
            </tr>
            <tr id="in.v2solutions.hybrid.testcases.RPOST_D_29_Verify_UserCanCreateEditShareAndDeleteRule_verify_UserCanCreateEditShareAndDeleteRule_byStatus_skiped_SKIP12_row"
                class="testMethodStatusSKIP">
               <td width="100%" class="firstMethodCell">
                  <a onclick="toggleDetailsVisibility('in.v2solutions.hybrid.testcases.RPOST_D_29_Verify_UserCanCreateEditShareAndDeleteRule_verify_UserCanCreateEditShareAndDeleteRule_byStatus_skiped_SKIP12_details')">verify_UserCanCreateEditShareAndDeleteRule({RunMode=Y})</a>
               </td>
               <td nowrap="true">11:08:50</td>
               <td nowrap="true" align="right">0 ms
                  
               </td>
               <td nowrap="true">
                  <a onclick="toggleDetailsVisibility('in.v2solutions.hybrid.testcases.RPOST_D_29_Verify_UserCanCreateEditShareAndDeleteRule_verify_UserCanCreateEditShareAndDeleteRule_byStatus_skiped_SKIP12_exception')">org.testng.SkipException: 
                     Skipping the test as runmode is NO
                     
                  </a>
                   
                  
               </td>
            </tr>
            <tr>
               <td colspan="4" class="detailsBox">
                  <div id="in.v2solutions.hybrid.testcases.RPOST_D_29_Verify_UserCanCreateEditShareAndDeleteRule_verify_UserCanCreateEditShareAndDeleteRule_byStatus_skiped_SKIP12_details"
                       class="testMethodDetails">
                     <div>
                        <b>Name: </b>verify_UserCanCreateEditShareAndDeleteRule
                     </div>
                     <div>
                        <b>Signature: </b>verify_UserCanCreateEditShareAndDeleteRule(java.util.Hashtable)[pri:0, instance:in.v2solutions.hybrid.testcases.RPOST_D_29_Verify_UserCanCreateEditShareAndDeleteRule@28701274]
                     </div>
                     <div>
                        <b>Parameters: </b>
                        
                        {RunMode=Y}
                        
                        
                     </div>
                     <div>
                        <b>Start time: </b>11:08:50
                     </div>
                     <div>
                        <b>End time: </b>11:08:50
                     </div>
                     <div>
                        <b>Duration: </b>0 ms
                        
                     </div>
                  </div>
               </td>
            </tr>
            <tr>
               <td colspan="4" class="detailsBox">
                  <div id="in.v2solutions.hybrid.testcases.RPOST_D_29_Verify_UserCanCreateEditShareAndDeleteRule_verify_UserCanCreateEditShareAndDeleteRule_byStatus_skiped_SKIP12_exception"
                       class="testMethodDetails">
                     <pre style="padding: 5px; margin: 0;">org.testng.SkipException: Skipping the test as runmode is NO
                        	at in.v2solutions.hybrid.testcases.RPOST_D_29_Verify_UserCanCreateEditShareAndDeleteRule.verify_UserCanCreateEditShareAndDeleteRule(RPOST_D_29_Verify_UserCanCreateEditShareAndDeleteRule.java:46)
                        	at sun.reflect.NativeMethodAccessorImpl.invoke0(Native Method)
                        	at sun.reflect.NativeMethodAccessorImpl.invoke(NativeMethodAccessorImpl.java:62)
                        	at sun.reflect.DelegatingMethodAccessorImpl.invoke(DelegatingMethodAccessorImpl.java:43)
                        	at java.lang.reflect.Method.invoke(Method.java:498)
                        	at org.testng.internal.MethodInvocationHelper.invokeMethod(MethodInvocationHelper.java:108)
                        	at org.testng.internal.Invoker.invokeMethod(Invoker.java:661)
                        	at org.testng.internal.Invoker.invokeTestMethod(Invoker.java:869)
                        	at org.testng.internal.Invoker.invokeTestMethods(Invoker.java:1193)
                        	at org.testng.internal.TestMethodWorker.invokeTestMethods(TestMethodWorker.java:126)
                        	at org.testng.internal.TestMethodWorker.run(TestMethodWorker.java:109)
                        	at org.testng.TestRunner.privateRun(TestRunner.java:744)
                        	at org.testng.TestRunner.run(TestRunner.java:602)
                        	at org.testng.SuiteRunner.runTest(SuiteRunner.java:380)
                        	at org.testng.SuiteRunner.runSequentially(SuiteRunner.java:375)
                        	at org.testng.SuiteRunner.privateRun(SuiteRunner.java:340)
                        	at org.testng.SuiteRunner.run(SuiteRunner.java:289)
                        	at org.testng.SuiteRunnerWorker.runSuite(SuiteRunnerWorker.java:52)
                        	at org.testng.SuiteRunnerWorker.run(SuiteRunnerWorker.java:86)
                        	at org.testng.TestNG.runSuitesSequentially(TestNG.java:1301)
                        	at org.testng.TestNG.runSuitesLocally(TestNG.java:1226)
                        	at org.testng.TestNG.runSuites(TestNG.java:1144)
                        	at org.testng.TestNG.run(TestNG.java:1115)
                        	at org.testng.TestNG.privateMain(TestNG.java:1442)
                        	at org.testng.TestNG.main(TestNG.java:1411)
                     </pre>
                  </div>
               </td>
            </tr>
         </table>
      </div>
      <div id="testMethodsByClass" style="display: none;">
         <table class="testMethodsTable" cellpadding="0" cellspacing="0">
            <tr>
               <td colspan="4">
                  <h3 style="display: inline;">in.v2solutions.hybrid.testcases.RPOST_D_02_Verify_UserCanLoginWithValidCredentials</h3>
               </td>
            </tr>
            <tr class="methodsTableHeader">
               <td width="100%">Name</td>
               <td nowrap="true">Started</td>
               <td nowrap="true">Duration</td>
               <td>Exception</td>
            </tr>
            <tr id="in.v2solutions.hybrid.testcases.RPOST_D_02_Verify_UserCanLoginWithValidCredentials_beforeTest_byClass_PASS1_row"
                class="testMethodStatusPASS testMethodStatusCONF">
               <td width="100%" class="firstMethodCell">
                  <a onclick="toggleDetailsVisibility('in.v2solutions.hybrid.testcases.RPOST_D_02_Verify_UserCanLoginWithValidCredentials_beforeTest_byClass_PASS1_details')">beforeTest(Rpost_P1_1.2)</a>
               </td>
               <td nowrap="true">11:07:49</td>
               <td nowrap="true" align="right">15 ms
                  
               </td>
               <td nowrap="true">
                   
                  
               </td>
            </tr>
            <tr>
               <td colspan="4" class="detailsBox">
                  <div id="in.v2solutions.hybrid.testcases.RPOST_D_02_Verify_UserCanLoginWithValidCredentials_beforeTest_byClass_PASS1_details"
                       class="testMethodDetails">
                     <div>
                        <b>Name: </b>beforeTest
                     </div>
                     <div>
                        <b>Signature: </b>beforeTest(java.lang.String)[pri:0, instance:in.v2solutions.hybrid.testcases.RPOST_D_02_Verify_UserCanLoginWithValidCredentials@7f3b84b8]
                     </div>
                     <div>
                        <b>Parameters: </b>
                        
                        Rpost_P1_1.2
                        
                        
                     </div>
                     <div>
                        <b>Start time: </b>11:07:49
                     </div>
                     <div>
                        <b>End time: </b>11:07:49
                     </div>
                     <div>
                        <b>Duration: </b>15 ms
                        
                     </div>
                  </div>
               </td>
            </tr>
            <tr></tr>
            <tr id="in.v2solutions.hybrid.testcases.RPOST_D_02_Verify_UserCanLoginWithValidCredentials_verify_UserCanLoginWithValidCredentials_byClass_PASS2_row"
                class="testMethodStatusPASS">
               <td width="100%" class="firstMethodCell">
                  <a onclick="toggleDetailsVisibility('in.v2solutions.hybrid.testcases.RPOST_D_02_Verify_UserCanLoginWithValidCredentials_verify_UserCanLoginWithValidCredentials_byClass_PASS2_details')">verify_UserCanLoginWithValidCredentials({RunMode=Y})</a>
               </td>
               <td nowrap="true">11:07:49</td>
               <td nowrap="true" align="right">59s
                  
               </td>
               <td nowrap="true">
                   
                  
               </td>
            </tr>
            <tr>
               <td colspan="4" class="detailsBox">
                  <div id="in.v2solutions.hybrid.testcases.RPOST_D_02_Verify_UserCanLoginWithValidCredentials_verify_UserCanLoginWithValidCredentials_byClass_PASS2_details"
                       class="testMethodDetails">
                     <div>
                        <b>Name: </b>verify_UserCanLoginWithValidCredentials
                     </div>
                     <div>
                        <b>Signature: </b>verify_UserCanLoginWithValidCredentials(java.util.Hashtable)[pri:0, instance:in.v2solutions.hybrid.testcases.RPOST_D_02_Verify_UserCanLoginWithValidCredentials@7f3b84b8]
                     </div>
                     <div>
                        <b>Parameters: </b>
                        
                        {RunMode=Y}
                        
                        
                     </div>
                     <div>
                        <b>Start time: </b>11:07:49
                     </div>
                     <div>
                        <b>End time: </b>11:08:48
                     </div>
                     <div>
                        <b>Duration: </b>59s
                        
                     </div>
                  </div>
               </td>
            </tr>
            <tr></tr>
            <tr id="in.v2solutions.hybrid.testcases.RPOST_D_02_Verify_UserCanLoginWithValidCredentials_afterTest_byClass_PASS3_row"
                class="testMethodStatusPASS testMethodStatusCONF">
               <td width="100%" class="firstMethodCell">
                  <a onclick="toggleDetailsVisibility('in.v2solutions.hybrid.testcases.RPOST_D_02_Verify_UserCanLoginWithValidCredentials_afterTest_byClass_PASS3_details')">afterTest()</a>
               </td>
               <td nowrap="true">11:08:48</td>
               <td nowrap="true" align="right">2s
                  
               </td>
               <td nowrap="true">
                   
                  
               </td>
            </tr>
            <tr>
               <td colspan="4" class="detailsBox">
                  <div id="in.v2solutions.hybrid.testcases.RPOST_D_02_Verify_UserCanLoginWithValidCredentials_afterTest_byClass_PASS3_details"
                       class="testMethodDetails">
                     <div>
                        <b>Name: </b>afterTest
                     </div>
                     <div>
                        <b>Signature: </b>afterTest()[pri:0, instance:in.v2solutions.hybrid.testcases.RPOST_D_02_Verify_UserCanLoginWithValidCredentials@7f3b84b8]
                     </div>
                     <div>
                        <b>Start time: </b>11:08:48
                     </div>
                     <div>
                        <b>End time: </b>11:08:50
                     </div>
                     <div>
                        <b>Duration: </b>2s
                        
                     </div>
                  </div>
               </td>
            </tr>
            <tr></tr>
         </table>
         <br></br>
         <table class="testMethodsTable" cellpadding="0" cellspacing="0">
            <tr>
               <td colspan="4">
                  <h3 style="display: inline;">in.v2solutions.hybrid.testcases.RPOST_D_03_Verify_UserCanEditAndUpdateProfileName</h3>
               </td>
            </tr>
            <tr class="methodsTableHeader">
               <td width="100%">Name</td>
               <td nowrap="true">Started</td>
               <td nowrap="true">Duration</td>
               <td>Exception</td>
            </tr>
            <tr id="in.v2solutions.hybrid.testcases.RPOST_D_03_Verify_UserCanEditAndUpdateProfileName_verify_UserCanEditAndUpdateProfileName_byClass_SKIP1_row"
                class="testMethodStatusSKIP">
               <td width="100%" class="firstMethodCell">
                  <a onclick="toggleDetailsVisibility('in.v2solutions.hybrid.testcases.RPOST_D_03_Verify_UserCanEditAndUpdateProfileName_verify_UserCanEditAndUpdateProfileName_byClass_SKIP1_details')">verify_UserCanEditAndUpdateProfileName({RunMode=Y})</a>
               </td>
               <td nowrap="true">11:08:50</td>
               <td nowrap="true" align="right">0 ms
                  
               </td>
               <td nowrap="true">
                  <a onclick="toggleDetailsVisibility('in.v2solutions.hybrid.testcases.RPOST_D_03_Verify_UserCanEditAndUpdateProfileName_verify_UserCanEditAndUpdateProfileName_byClass_SKIP1_exception')">org.testng.SkipException: 
                     Skipping the test as runmode is NO
                     
                  </a>
                   
                  
               </td>
            </tr>
            <tr>
               <td colspan="4" class="detailsBox">
                  <div id="in.v2solutions.hybrid.testcases.RPOST_D_03_Verify_UserCanEditAndUpdateProfileName_verify_UserCanEditAndUpdateProfileName_byClass_SKIP1_details"
                       class="testMethodDetails">
                     <div>
                        <b>Name: </b>verify_UserCanEditAndUpdateProfileName
                     </div>
                     <div>
                        <b>Signature: </b>verify_UserCanEditAndUpdateProfileName(java.util.Hashtable)[pri:0, instance:in.v2solutions.hybrid.testcases.RPOST_D_03_Verify_UserCanEditAndUpdateProfileName@293a5bf6]
                     </div>
                     <div>
                        <b>Parameters: </b>
                        
                        {RunMode=Y}
                        
                        
                     </div>
                     <div>
                        <b>Start time: </b>11:08:50
                     </div>
                     <div>
                        <b>End time: </b>11:08:50
                     </div>
                     <div>
                        <b>Duration: </b>0 ms
                        
                     </div>
                  </div>
               </td>
            </tr>
            <tr>
               <td colspan="4" class="detailsBox">
                  <div id="in.v2solutions.hybrid.testcases.RPOST_D_03_Verify_UserCanEditAndUpdateProfileName_verify_UserCanEditAndUpdateProfileName_byClass_SKIP1_exception"
                       class="testMethodDetails">
                     <pre style="padding: 5px; margin: 0;">org.testng.SkipException: Skipping the test as runmode is NO
                        	at in.v2solutions.hybrid.testcases.RPOST_D_03_Verify_UserCanEditAndUpdateProfileName.verify_UserCanEditAndUpdateProfileName(RPOST_D_03_Verify_UserCanEditAndUpdateProfileName.java:46)
                        	at sun.reflect.NativeMethodAccessorImpl.invoke0(Native Method)
                        	at sun.reflect.NativeMethodAccessorImpl.invoke(NativeMethodAccessorImpl.java:62)
                        	at sun.reflect.DelegatingMethodAccessorImpl.invoke(DelegatingMethodAccessorImpl.java:43)
                        	at java.lang.reflect.Method.invoke(Method.java:498)
                        	at org.testng.internal.MethodInvocationHelper.invokeMethod(MethodInvocationHelper.java:108)
                        	at org.testng.internal.Invoker.invokeMethod(Invoker.java:661)
                        	at org.testng.internal.Invoker.invokeTestMethod(Invoker.java:869)
                        	at org.testng.internal.Invoker.invokeTestMethods(Invoker.java:1193)
                        	at org.testng.internal.TestMethodWorker.invokeTestMethods(TestMethodWorker.java:126)
                        	at org.testng.internal.TestMethodWorker.run(TestMethodWorker.java:109)
                        	at org.testng.TestRunner.privateRun(TestRunner.java:744)
                        	at org.testng.TestRunner.run(TestRunner.java:602)
                        	at org.testng.SuiteRunner.runTest(SuiteRunner.java:380)
                        	at org.testng.SuiteRunner.runSequentially(SuiteRunner.java:375)
                        	at org.testng.SuiteRunner.privateRun(SuiteRunner.java:340)
                        	at org.testng.SuiteRunner.run(SuiteRunner.java:289)
                        	at org.testng.SuiteRunnerWorker.runSuite(SuiteRunnerWorker.java:52)
                        	at org.testng.SuiteRunnerWorker.run(SuiteRunnerWorker.java:86)
                        	at org.testng.TestNG.runSuitesSequentially(TestNG.java:1301)
                        	at org.testng.TestNG.runSuitesLocally(TestNG.java:1226)
                        	at org.testng.TestNG.runSuites(TestNG.java:1144)
                        	at org.testng.TestNG.run(TestNG.java:1115)
                        	at org.testng.TestNG.privateMain(TestNG.java:1442)
                        	at org.testng.TestNG.main(TestNG.java:1411)
                     </pre>
                  </div>
               </td>
            </tr>
            <tr id="in.v2solutions.hybrid.testcases.RPOST_D_03_Verify_UserCanEditAndUpdateProfileName_beforeTest_byClass_PASS2_row"
                class="testMethodStatusPASS testMethodStatusCONF">
               <td width="100%" class="firstMethodCell">
                  <a onclick="toggleDetailsVisibility('in.v2solutions.hybrid.testcases.RPOST_D_03_Verify_UserCanEditAndUpdateProfileName_beforeTest_byClass_PASS2_details')">beforeTest(Rpost_P1_1.2)</a>
               </td>
               <td nowrap="true">11:08:50</td>
               <td nowrap="true" align="right">0 ms
                  
               </td>
               <td nowrap="true">
                   
                  
               </td>
            </tr>
            <tr>
               <td colspan="4" class="detailsBox">
                  <div id="in.v2solutions.hybrid.testcases.RPOST_D_03_Verify_UserCanEditAndUpdateProfileName_beforeTest_byClass_PASS2_details"
                       class="testMethodDetails">
                     <div>
                        <b>Name: </b>beforeTest
                     </div>
                     <div>
                        <b>Signature: </b>beforeTest(java.lang.String)[pri:0, instance:in.v2solutions.hybrid.testcases.RPOST_D_03_Verify_UserCanEditAndUpdateProfileName@293a5bf6]
                     </div>
                     <div>
                        <b>Parameters: </b>
                        
                        Rpost_P1_1.2
                        
                        
                     </div>
                     <div>
                        <b>Start time: </b>11:08:50
                     </div>
                     <div>
                        <b>End time: </b>11:08:50
                     </div>
                     <div>
                        <b>Duration: </b>0 ms
                        
                     </div>
                  </div>
               </td>
            </tr>
            <tr></tr>
            <tr id="in.v2solutions.hybrid.testcases.RPOST_D_03_Verify_UserCanEditAndUpdateProfileName_afterTest_byClass_PASS3_row"
                class="testMethodStatusPASS testMethodStatusCONF">
               <td width="100%" class="firstMethodCell">
                  <a onclick="toggleDetailsVisibility('in.v2solutions.hybrid.testcases.RPOST_D_03_Verify_UserCanEditAndUpdateProfileName_afterTest_byClass_PASS3_details')">afterTest()</a>
               </td>
               <td nowrap="true">11:08:50</td>
               <td nowrap="true" align="right">0 ms
                  
               </td>
               <td nowrap="true">
                   
                  
               </td>
            </tr>
            <tr>
               <td colspan="4" class="detailsBox">
                  <div id="in.v2solutions.hybrid.testcases.RPOST_D_03_Verify_UserCanEditAndUpdateProfileName_afterTest_byClass_PASS3_details"
                       class="testMethodDetails">
                     <div>
                        <b>Name: </b>afterTest
                     </div>
                     <div>
                        <b>Signature: </b>afterTest()[pri:0, instance:in.v2solutions.hybrid.testcases.RPOST_D_03_Verify_UserCanEditAndUpdateProfileName@293a5bf6]
                     </div>
                     <div>
                        <b>Start time: </b>11:08:50
                     </div>
                     <div>
                        <b>End time: </b>11:08:50
                     </div>
                     <div>
                        <b>Duration: </b>0 ms
                        
                     </div>
                  </div>
               </td>
            </tr>
            <tr></tr>
         </table>
         <br></br>
         <table class="testMethodsTable" cellpadding="0" cellspacing="0">
            <tr>
               <td colspan="4">
                  <h3 style="display: inline;">in.v2solutions.hybrid.testcases.RPOST_D_05_Verify_UserCanCreateEnvelopeAndSend</h3>
               </td>
            </tr>
            <tr class="methodsTableHeader">
               <td width="100%">Name</td>
               <td nowrap="true">Started</td>
               <td nowrap="true">Duration</td>
               <td>Exception</td>
            </tr>
            <tr id="in.v2solutions.hybrid.testcases.RPOST_D_05_Verify_UserCanCreateEnvelopeAndSend_verify_UserCanCreateEnvelopeAndSend_byClass_SKIP1_row"
                class="testMethodStatusSKIP">
               <td width="100%" class="firstMethodCell">
                  <a onclick="toggleDetailsVisibility('in.v2solutions.hybrid.testcases.RPOST_D_05_Verify_UserCanCreateEnvelopeAndSend_verify_UserCanCreateEnvelopeAndSend_byClass_SKIP1_details')">verify_UserCanCreateEnvelopeAndSend({RunMode=Y})</a>
               </td>
               <td nowrap="true">11:08:50</td>
               <td nowrap="true" align="right">0 ms
                  
               </td>
               <td nowrap="true">
                  <a onclick="toggleDetailsVisibility('in.v2solutions.hybrid.testcases.RPOST_D_05_Verify_UserCanCreateEnvelopeAndSend_verify_UserCanCreateEnvelopeAndSend_byClass_SKIP1_exception')">org.testng.SkipException: 
                     Skipping the test as runmode is NO
                     
                  </a>
                   
                  
               </td>
            </tr>
            <tr>
               <td colspan="4" class="detailsBox">
                  <div id="in.v2solutions.hybrid.testcases.RPOST_D_05_Verify_UserCanCreateEnvelopeAndSend_verify_UserCanCreateEnvelopeAndSend_byClass_SKIP1_details"
                       class="testMethodDetails">
                     <div>
                        <b>Name: </b>verify_UserCanCreateEnvelopeAndSend
                     </div>
                     <div>
                        <b>Signature: </b>verify_UserCanCreateEnvelopeAndSend(java.util.Hashtable)[pri:0, instance:in.v2solutions.hybrid.testcases.RPOST_D_05_Verify_UserCanCreateEnvelopeAndSend@409bf450]
                     </div>
                     <div>
                        <b>Parameters: </b>
                        
                        {RunMode=Y}
                        
                        
                     </div>
                     <div>
                        <b>Start time: </b>11:08:50
                     </div>
                     <div>
                        <b>End time: </b>11:08:50
                     </div>
                     <div>
                        <b>Duration: </b>0 ms
                        
                     </div>
                  </div>
               </td>
            </tr>
            <tr>
               <td colspan="4" class="detailsBox">
                  <div id="in.v2solutions.hybrid.testcases.RPOST_D_05_Verify_UserCanCreateEnvelopeAndSend_verify_UserCanCreateEnvelopeAndSend_byClass_SKIP1_exception"
                       class="testMethodDetails">
                     <pre style="padding: 5px; margin: 0;">org.testng.SkipException: Skipping the test as runmode is NO
                        	at in.v2solutions.hybrid.testcases.RPOST_D_05_Verify_UserCanCreateEnvelopeAndSend.verify_UserCanCreateEnvelopeAndSend(RPOST_D_05_Verify_UserCanCreateEnvelopeAndSend.java:46)
                        	at sun.reflect.NativeMethodAccessorImpl.invoke0(Native Method)
                        	at sun.reflect.NativeMethodAccessorImpl.invoke(NativeMethodAccessorImpl.java:62)
                        	at sun.reflect.DelegatingMethodAccessorImpl.invoke(DelegatingMethodAccessorImpl.java:43)
                        	at java.lang.reflect.Method.invoke(Method.java:498)
                        	at org.testng.internal.MethodInvocationHelper.invokeMethod(MethodInvocationHelper.java:108)
                        	at org.testng.internal.Invoker.invokeMethod(Invoker.java:661)
                        	at org.testng.internal.Invoker.invokeTestMethod(Invoker.java:869)
                        	at org.testng.internal.Invoker.invokeTestMethods(Invoker.java:1193)
                        	at org.testng.internal.TestMethodWorker.invokeTestMethods(TestMethodWorker.java:126)
                        	at org.testng.internal.TestMethodWorker.run(TestMethodWorker.java:109)
                        	at org.testng.TestRunner.privateRun(TestRunner.java:744)
                        	at org.testng.TestRunner.run(TestRunner.java:602)
                        	at org.testng.SuiteRunner.runTest(SuiteRunner.java:380)
                        	at org.testng.SuiteRunner.runSequentially(SuiteRunner.java:375)
                        	at org.testng.SuiteRunner.privateRun(SuiteRunner.java:340)
                        	at org.testng.SuiteRunner.run(SuiteRunner.java:289)
                        	at org.testng.SuiteRunnerWorker.runSuite(SuiteRunnerWorker.java:52)
                        	at org.testng.SuiteRunnerWorker.run(SuiteRunnerWorker.java:86)
                        	at org.testng.TestNG.runSuitesSequentially(TestNG.java:1301)
                        	at org.testng.TestNG.runSuitesLocally(TestNG.java:1226)
                        	at org.testng.TestNG.runSuites(TestNG.java:1144)
                        	at org.testng.TestNG.run(TestNG.java:1115)
                        	at org.testng.TestNG.privateMain(TestNG.java:1442)
                        	at org.testng.TestNG.main(TestNG.java:1411)
                     </pre>
                  </div>
               </td>
            </tr>
            <tr id="in.v2solutions.hybrid.testcases.RPOST_D_05_Verify_UserCanCreateEnvelopeAndSend_afterTest_byClass_PASS2_row"
                class="testMethodStatusPASS testMethodStatusCONF">
               <td width="100%" class="firstMethodCell">
                  <a onclick="toggleDetailsVisibility('in.v2solutions.hybrid.testcases.RPOST_D_05_Verify_UserCanCreateEnvelopeAndSend_afterTest_byClass_PASS2_details')">afterTest()</a>
               </td>
               <td nowrap="true">11:08:50</td>
               <td nowrap="true" align="right">0 ms
                  
               </td>
               <td nowrap="true">
                   
                  
               </td>
            </tr>
            <tr>
               <td colspan="4" class="detailsBox">
                  <div id="in.v2solutions.hybrid.testcases.RPOST_D_05_Verify_UserCanCreateEnvelopeAndSend_afterTest_byClass_PASS2_details"
                       class="testMethodDetails">
                     <div>
                        <b>Name: </b>afterTest
                     </div>
                     <div>
                        <b>Signature: </b>afterTest()[pri:0, instance:in.v2solutions.hybrid.testcases.RPOST_D_05_Verify_UserCanCreateEnvelopeAndSend@409bf450]
                     </div>
                     <div>
                        <b>Start time: </b>11:08:50
                     </div>
                     <div>
                        <b>End time: </b>11:08:50
                     </div>
                     <div>
                        <b>Duration: </b>0 ms
                        
                     </div>
                  </div>
               </td>
            </tr>
            <tr></tr>
            <tr id="in.v2solutions.hybrid.testcases.RPOST_D_05_Verify_UserCanCreateEnvelopeAndSend_beforeTest_byClass_PASS3_row"
                class="testMethodStatusPASS testMethodStatusCONF">
               <td width="100%" class="firstMethodCell">
                  <a onclick="toggleDetailsVisibility('in.v2solutions.hybrid.testcases.RPOST_D_05_Verify_UserCanCreateEnvelopeAndSend_beforeTest_byClass_PASS3_details')">beforeTest(Rpost_P1_1.2)</a>
               </td>
               <td nowrap="true">11:08:50</td>
               <td nowrap="true" align="right">0 ms
                  
               </td>
               <td nowrap="true">
                   
                  
               </td>
            </tr>
            <tr>
               <td colspan="4" class="detailsBox">
                  <div id="in.v2solutions.hybrid.testcases.RPOST_D_05_Verify_UserCanCreateEnvelopeAndSend_beforeTest_byClass_PASS3_details"
                       class="testMethodDetails">
                     <div>
                        <b>Name: </b>beforeTest
                     </div>
                     <div>
                        <b>Signature: </b>beforeTest(java.lang.String)[pri:0, instance:in.v2solutions.hybrid.testcases.RPOST_D_05_Verify_UserCanCreateEnvelopeAndSend@409bf450]
                     </div>
                     <div>
                        <b>Parameters: </b>
                        
                        Rpost_P1_1.2
                        
                        
                     </div>
                     <div>
                        <b>Start time: </b>11:08:50
                     </div>
                     <div>
                        <b>End time: </b>11:08:50
                     </div>
                     <div>
                        <b>Duration: </b>0 ms
                        
                     </div>
                  </div>
               </td>
            </tr>
            <tr></tr>
         </table>
         <br></br>
         <table class="testMethodsTable" cellpadding="0" cellspacing="0">
            <tr>
               <td colspan="4">
                  <h3 style="display: inline;">in.v2solutions.hybrid.testcases.RPOST_D_07_Verify_UserCanConsumeTemplateEditAndSendIt</h3>
               </td>
            </tr>
            <tr class="methodsTableHeader">
               <td width="100%">Name</td>
               <td nowrap="true">Started</td>
               <td nowrap="true">Duration</td>
               <td>Exception</td>
            </tr>
            <tr id="in.v2solutions.hybrid.testcases.RPOST_D_07_Verify_UserCanConsumeTemplateEditAndSendIt_verify_UserCanConsumeTemplateEditAndSendIt_byClass_SKIP1_row"
                class="testMethodStatusSKIP">
               <td width="100%" class="firstMethodCell">
                  <a onclick="toggleDetailsVisibility('in.v2solutions.hybrid.testcases.RPOST_D_07_Verify_UserCanConsumeTemplateEditAndSendIt_verify_UserCanConsumeTemplateEditAndSendIt_byClass_SKIP1_details')">verify_UserCanConsumeTemplateEditAndSendIt({RunMode=Y})</a>
               </td>
               <td nowrap="true">11:08:50</td>
               <td nowrap="true" align="right">0 ms
                  
               </td>
               <td nowrap="true">
                  <a onclick="toggleDetailsVisibility('in.v2solutions.hybrid.testcases.RPOST_D_07_Verify_UserCanConsumeTemplateEditAndSendIt_verify_UserCanConsumeTemplateEditAndSendIt_byClass_SKIP1_exception')">org.testng.SkipException: 
                     Skipping the test as runmode is NO
                     
                  </a>
                   
                  
               </td>
            </tr>
            <tr>
               <td colspan="4" class="detailsBox">
                  <div id="in.v2solutions.hybrid.testcases.RPOST_D_07_Verify_UserCanConsumeTemplateEditAndSendIt_verify_UserCanConsumeTemplateEditAndSendIt_byClass_SKIP1_details"
                       class="testMethodDetails">
                     <div>
                        <b>Name: </b>verify_UserCanConsumeTemplateEditAndSendIt
                     </div>
                     <div>
                        <b>Signature: </b>verify_UserCanConsumeTemplateEditAndSendIt(java.util.Hashtable)[pri:0, instance:in.v2solutions.hybrid.testcases.RPOST_D_07_Verify_UserCanConsumeTemplateEditAndSendIt@689604d9]
                     </div>
                     <div>
                        <b>Parameters: </b>
                        
                        {RunMode=Y}
                        
                        
                     </div>
                     <div>
                        <b>Start time: </b>11:08:50
                     </div>
                     <div>
                        <b>End time: </b>11:08:50
                     </div>
                     <div>
                        <b>Duration: </b>0 ms
                        
                     </div>
                  </div>
               </td>
            </tr>
            <tr>
               <td colspan="4" class="detailsBox">
                  <div id="in.v2solutions.hybrid.testcases.RPOST_D_07_Verify_UserCanConsumeTemplateEditAndSendIt_verify_UserCanConsumeTemplateEditAndSendIt_byClass_SKIP1_exception"
                       class="testMethodDetails">
                     <pre style="padding: 5px; margin: 0;">org.testng.SkipException: Skipping the test as runmode is NO
                        	at in.v2solutions.hybrid.testcases.RPOST_D_07_Verify_UserCanConsumeTemplateEditAndSendIt.verify_UserCanConsumeTemplateEditAndSendIt(RPOST_D_07_Verify_UserCanConsumeTemplateEditAndSendIt.java:46)
                        	at sun.reflect.NativeMethodAccessorImpl.invoke0(Native Method)
                        	at sun.reflect.NativeMethodAccessorImpl.invoke(NativeMethodAccessorImpl.java:62)
                        	at sun.reflect.DelegatingMethodAccessorImpl.invoke(DelegatingMethodAccessorImpl.java:43)
                        	at java.lang.reflect.Method.invoke(Method.java:498)
                        	at org.testng.internal.MethodInvocationHelper.invokeMethod(MethodInvocationHelper.java:108)
                        	at org.testng.internal.Invoker.invokeMethod(Invoker.java:661)
                        	at org.testng.internal.Invoker.invokeTestMethod(Invoker.java:869)
                        	at org.testng.internal.Invoker.invokeTestMethods(Invoker.java:1193)
                        	at org.testng.internal.TestMethodWorker.invokeTestMethods(TestMethodWorker.java:126)
                        	at org.testng.internal.TestMethodWorker.run(TestMethodWorker.java:109)
                        	at org.testng.TestRunner.privateRun(TestRunner.java:744)
                        	at org.testng.TestRunner.run(TestRunner.java:602)
                        	at org.testng.SuiteRunner.runTest(SuiteRunner.java:380)
                        	at org.testng.SuiteRunner.runSequentially(SuiteRunner.java:375)
                        	at org.testng.SuiteRunner.privateRun(SuiteRunner.java:340)
                        	at org.testng.SuiteRunner.run(SuiteRunner.java:289)
                        	at org.testng.SuiteRunnerWorker.runSuite(SuiteRunnerWorker.java:52)
                        	at org.testng.SuiteRunnerWorker.run(SuiteRunnerWorker.java:86)
                        	at org.testng.TestNG.runSuitesSequentially(TestNG.java:1301)
                        	at org.testng.TestNG.runSuitesLocally(TestNG.java:1226)
                        	at org.testng.TestNG.runSuites(TestNG.java:1144)
                        	at org.testng.TestNG.run(TestNG.java:1115)
                        	at org.testng.TestNG.privateMain(TestNG.java:1442)
                        	at org.testng.TestNG.main(TestNG.java:1411)
                     </pre>
                  </div>
               </td>
            </tr>
            <tr id="in.v2solutions.hybrid.testcases.RPOST_D_07_Verify_UserCanConsumeTemplateEditAndSendIt_afterTest_byClass_PASS2_row"
                class="testMethodStatusPASS testMethodStatusCONF">
               <td width="100%" class="firstMethodCell">
                  <a onclick="toggleDetailsVisibility('in.v2solutions.hybrid.testcases.RPOST_D_07_Verify_UserCanConsumeTemplateEditAndSendIt_afterTest_byClass_PASS2_details')">afterTest()</a>
               </td>
               <td nowrap="true">11:08:50</td>
               <td nowrap="true" align="right">0 ms
                  
               </td>
               <td nowrap="true">
                   
                  
               </td>
            </tr>
            <tr>
               <td colspan="4" class="detailsBox">
                  <div id="in.v2solutions.hybrid.testcases.RPOST_D_07_Verify_UserCanConsumeTemplateEditAndSendIt_afterTest_byClass_PASS2_details"
                       class="testMethodDetails">
                     <div>
                        <b>Name: </b>afterTest
                     </div>
                     <div>
                        <b>Signature: </b>afterTest()[pri:0, instance:in.v2solutions.hybrid.testcases.RPOST_D_07_Verify_UserCanConsumeTemplateEditAndSendIt@689604d9]
                     </div>
                     <div>
                        <b>Start time: </b>11:08:50
                     </div>
                     <div>
                        <b>End time: </b>11:08:50
                     </div>
                     <div>
                        <b>Duration: </b>0 ms
                        
                     </div>
                  </div>
               </td>
            </tr>
            <tr></tr>
            <tr id="in.v2solutions.hybrid.testcases.RPOST_D_07_Verify_UserCanConsumeTemplateEditAndSendIt_beforeTest_byClass_PASS3_row"
                class="testMethodStatusPASS testMethodStatusCONF">
               <td width="100%" class="firstMethodCell">
                  <a onclick="toggleDetailsVisibility('in.v2solutions.hybrid.testcases.RPOST_D_07_Verify_UserCanConsumeTemplateEditAndSendIt_beforeTest_byClass_PASS3_details')">beforeTest(Rpost_P1_1.2)</a>
               </td>
               <td nowrap="true">11:08:50</td>
               <td nowrap="true" align="right">0 ms
                  
               </td>
               <td nowrap="true">
                   
                  
               </td>
            </tr>
            <tr>
               <td colspan="4" class="detailsBox">
                  <div id="in.v2solutions.hybrid.testcases.RPOST_D_07_Verify_UserCanConsumeTemplateEditAndSendIt_beforeTest_byClass_PASS3_details"
                       class="testMethodDetails">
                     <div>
                        <b>Name: </b>beforeTest
                     </div>
                     <div>
                        <b>Signature: </b>beforeTest(java.lang.String)[pri:0, instance:in.v2solutions.hybrid.testcases.RPOST_D_07_Verify_UserCanConsumeTemplateEditAndSendIt@689604d9]
                     </div>
                     <div>
                        <b>Parameters: </b>
                        
                        Rpost_P1_1.2
                        
                        
                     </div>
                     <div>
                        <b>Start time: </b>11:08:50
                     </div>
                     <div>
                        <b>End time: </b>11:08:50
                     </div>
                     <div>
                        <b>Duration: </b>0 ms
                        
                     </div>
                  </div>
               </td>
            </tr>
            <tr></tr>
         </table>
         <br></br>
         <table class="testMethodsTable" cellpadding="0" cellspacing="0">
            <tr>
               <td colspan="4">
                  <h3 style="display: inline;">in.v2solutions.hybrid.testcases.RPOST_D_08_Verify_UserCanCreateEnvelopeAndDraftIt</h3>
               </td>
            </tr>
            <tr class="methodsTableHeader">
               <td width="100%">Name</td>
               <td nowrap="true">Started</td>
               <td nowrap="true">Duration</td>
               <td>Exception</td>
            </tr>
            <tr id="in.v2solutions.hybrid.testcases.RPOST_D_08_Verify_UserCanCreateEnvelopeAndDraftIt_verify_UserCanCreateEnvelopeAndDraftIt_byClass_SKIP1_row"
                class="testMethodStatusSKIP">
               <td width="100%" class="firstMethodCell">
                  <a onclick="toggleDetailsVisibility('in.v2solutions.hybrid.testcases.RPOST_D_08_Verify_UserCanCreateEnvelopeAndDraftIt_verify_UserCanCreateEnvelopeAndDraftIt_byClass_SKIP1_details')">verify_UserCanCreateEnvelopeAndDraftIt({RunMode=Y})</a>
               </td>
               <td nowrap="true">11:08:50</td>
               <td nowrap="true" align="right">0 ms
                  
               </td>
               <td nowrap="true">
                  <a onclick="toggleDetailsVisibility('in.v2solutions.hybrid.testcases.RPOST_D_08_Verify_UserCanCreateEnvelopeAndDraftIt_verify_UserCanCreateEnvelopeAndDraftIt_byClass_SKIP1_exception')">org.testng.SkipException: 
                     Skipping the test as runmode is NO
                     
                  </a>
                   
                  
               </td>
            </tr>
            <tr>
               <td colspan="4" class="detailsBox">
                  <div id="in.v2solutions.hybrid.testcases.RPOST_D_08_Verify_UserCanCreateEnvelopeAndDraftIt_verify_UserCanCreateEnvelopeAndDraftIt_byClass_SKIP1_details"
                       class="testMethodDetails">
                     <div>
                        <b>Name: </b>verify_UserCanCreateEnvelopeAndDraftIt
                     </div>
                     <div>
                        <b>Signature: </b>verify_UserCanCreateEnvelopeAndDraftIt(java.util.Hashtable)[pri:0, instance:in.v2solutions.hybrid.testcases.RPOST_D_08_Verify_UserCanCreateEnvelopeAndDraftIt@4562e04d]
                     </div>
                     <div>
                        <b>Parameters: </b>
                        
                        {RunMode=Y}
                        
                        
                     </div>
                     <div>
                        <b>Start time: </b>11:08:50
                     </div>
                     <div>
                        <b>End time: </b>11:08:50
                     </div>
                     <div>
                        <b>Duration: </b>0 ms
                        
                     </div>
                  </div>
               </td>
            </tr>
            <tr>
               <td colspan="4" class="detailsBox">
                  <div id="in.v2solutions.hybrid.testcases.RPOST_D_08_Verify_UserCanCreateEnvelopeAndDraftIt_verify_UserCanCreateEnvelopeAndDraftIt_byClass_SKIP1_exception"
                       class="testMethodDetails">
                     <pre style="padding: 5px; margin: 0;">org.testng.SkipException: Skipping the test as runmode is NO
                        	at in.v2solutions.hybrid.testcases.RPOST_D_08_Verify_UserCanCreateEnvelopeAndDraftIt.verify_UserCanCreateEnvelopeAndDraftIt(RPOST_D_08_Verify_UserCanCreateEnvelopeAndDraftIt.java:46)
                        	at sun.reflect.NativeMethodAccessorImpl.invoke0(Native Method)
                        	at sun.reflect.NativeMethodAccessorImpl.invoke(NativeMethodAccessorImpl.java:62)
                        	at sun.reflect.DelegatingMethodAccessorImpl.invoke(DelegatingMethodAccessorImpl.java:43)
                        	at java.lang.reflect.Method.invoke(Method.java:498)
                        	at org.testng.internal.MethodInvocationHelper.invokeMethod(MethodInvocationHelper.java:108)
                        	at org.testng.internal.Invoker.invokeMethod(Invoker.java:661)
                        	at org.testng.internal.Invoker.invokeTestMethod(Invoker.java:869)
                        	at org.testng.internal.Invoker.invokeTestMethods(Invoker.java:1193)
                        	at org.testng.internal.TestMethodWorker.invokeTestMethods(TestMethodWorker.java:126)
                        	at org.testng.internal.TestMethodWorker.run(TestMethodWorker.java:109)
                        	at org.testng.TestRunner.privateRun(TestRunner.java:744)
                        	at org.testng.TestRunner.run(TestRunner.java:602)
                        	at org.testng.SuiteRunner.runTest(SuiteRunner.java:380)
                        	at org.testng.SuiteRunner.runSequentially(SuiteRunner.java:375)
                        	at org.testng.SuiteRunner.privateRun(SuiteRunner.java:340)
                        	at org.testng.SuiteRunner.run(SuiteRunner.java:289)
                        	at org.testng.SuiteRunnerWorker.runSuite(SuiteRunnerWorker.java:52)
                        	at org.testng.SuiteRunnerWorker.run(SuiteRunnerWorker.java:86)
                        	at org.testng.TestNG.runSuitesSequentially(TestNG.java:1301)
                        	at org.testng.TestNG.runSuitesLocally(TestNG.java:1226)
                        	at org.testng.TestNG.runSuites(TestNG.java:1144)
                        	at org.testng.TestNG.run(TestNG.java:1115)
                        	at org.testng.TestNG.privateMain(TestNG.java:1442)
                        	at org.testng.TestNG.main(TestNG.java:1411)
                     </pre>
                  </div>
               </td>
            </tr>
            <tr id="in.v2solutions.hybrid.testcases.RPOST_D_08_Verify_UserCanCreateEnvelopeAndDraftIt_afterTest_byClass_PASS2_row"
                class="testMethodStatusPASS testMethodStatusCONF">
               <td width="100%" class="firstMethodCell">
                  <a onclick="toggleDetailsVisibility('in.v2solutions.hybrid.testcases.RPOST_D_08_Verify_UserCanCreateEnvelopeAndDraftIt_afterTest_byClass_PASS2_details')">afterTest()</a>
               </td>
               <td nowrap="true">11:08:50</td>
               <td nowrap="true" align="right">0 ms
                  
               </td>
               <td nowrap="true">
                   
                  
               </td>
            </tr>
            <tr>
               <td colspan="4" class="detailsBox">
                  <div id="in.v2solutions.hybrid.testcases.RPOST_D_08_Verify_UserCanCreateEnvelopeAndDraftIt_afterTest_byClass_PASS2_details"
                       class="testMethodDetails">
                     <div>
                        <b>Name: </b>afterTest
                     </div>
                     <div>
                        <b>Signature: </b>afterTest()[pri:0, instance:in.v2solutions.hybrid.testcases.RPOST_D_08_Verify_UserCanCreateEnvelopeAndDraftIt@4562e04d]
                     </div>
                     <div>
                        <b>Start time: </b>11:08:50
                     </div>
                     <div>
                        <b>End time: </b>11:08:50
                     </div>
                     <div>
                        <b>Duration: </b>0 ms
                        
                     </div>
                  </div>
               </td>
            </tr>
            <tr></tr>
            <tr id="in.v2solutions.hybrid.testcases.RPOST_D_08_Verify_UserCanCreateEnvelopeAndDraftIt_beforeTest_byClass_PASS3_row"
                class="testMethodStatusPASS testMethodStatusCONF">
               <td width="100%" class="firstMethodCell">
                  <a onclick="toggleDetailsVisibility('in.v2solutions.hybrid.testcases.RPOST_D_08_Verify_UserCanCreateEnvelopeAndDraftIt_beforeTest_byClass_PASS3_details')">beforeTest(Rpost_P1_1.2)</a>
               </td>
               <td nowrap="true">11:08:50</td>
               <td nowrap="true" align="right">0 ms
                  
               </td>
               <td nowrap="true">
                   
                  
               </td>
            </tr>
            <tr>
               <td colspan="4" class="detailsBox">
                  <div id="in.v2solutions.hybrid.testcases.RPOST_D_08_Verify_UserCanCreateEnvelopeAndDraftIt_beforeTest_byClass_PASS3_details"
                       class="testMethodDetails">
                     <div>
                        <b>Name: </b>beforeTest
                     </div>
                     <div>
                        <b>Signature: </b>beforeTest(java.lang.String)[pri:0, instance:in.v2solutions.hybrid.testcases.RPOST_D_08_Verify_UserCanCreateEnvelopeAndDraftIt@4562e04d]
                     </div>
                     <div>
                        <b>Parameters: </b>
                        
                        Rpost_P1_1.2
                        
                        
                     </div>
                     <div>
                        <b>Start time: </b>11:08:50
                     </div>
                     <div>
                        <b>End time: </b>11:08:50
                     </div>
                     <div>
                        <b>Duration: </b>0 ms
                        
                     </div>
                  </div>
               </td>
            </tr>
            <tr></tr>
         </table>
         <br></br>
         <table class="testMethodsTable" cellpadding="0" cellspacing="0">
            <tr>
               <td colspan="4">
                  <h3 style="display: inline;">in.v2solutions.hybrid.testcases.RPOST_D_09_Verify_UserCanCreateEnvelopeAndViewPDF</h3>
               </td>
            </tr>
            <tr class="methodsTableHeader">
               <td width="100%">Name</td>
               <td nowrap="true">Started</td>
               <td nowrap="true">Duration</td>
               <td>Exception</td>
            </tr>
            <tr id="in.v2solutions.hybrid.testcases.RPOST_D_09_Verify_UserCanCreateEnvelopeAndViewPDF_verify_UserCanCreateEnvelopeAndViewPDF_byClass_SKIP1_row"
                class="testMethodStatusSKIP">
               <td width="100%" class="firstMethodCell">
                  <a onclick="toggleDetailsVisibility('in.v2solutions.hybrid.testcases.RPOST_D_09_Verify_UserCanCreateEnvelopeAndViewPDF_verify_UserCanCreateEnvelopeAndViewPDF_byClass_SKIP1_details')">verify_UserCanCreateEnvelopeAndViewPDF({RunMode=Y})</a>
               </td>
               <td nowrap="true">11:08:50</td>
               <td nowrap="true" align="right">0 ms
                  
               </td>
               <td nowrap="true">
                  <a onclick="toggleDetailsVisibility('in.v2solutions.hybrid.testcases.RPOST_D_09_Verify_UserCanCreateEnvelopeAndViewPDF_verify_UserCanCreateEnvelopeAndViewPDF_byClass_SKIP1_exception')">org.testng.SkipException: 
                     Skipping the test as runmode is NO
                     
                  </a>
                   
                  
               </td>
            </tr>
            <tr>
               <td colspan="4" class="detailsBox">
                  <div id="in.v2solutions.hybrid.testcases.RPOST_D_09_Verify_UserCanCreateEnvelopeAndViewPDF_verify_UserCanCreateEnvelopeAndViewPDF_byClass_SKIP1_details"
                       class="testMethodDetails">
                     <div>
                        <b>Name: </b>verify_UserCanCreateEnvelopeAndViewPDF
                     </div>
                     <div>
                        <b>Signature: </b>verify_UserCanCreateEnvelopeAndViewPDF(java.util.Hashtable)[pri:0, instance:in.v2solutions.hybrid.testcases.RPOST_D_09_Verify_UserCanCreateEnvelopeAndViewPDF@5c6648b0]
                     </div>
                     <div>
                        <b>Parameters: </b>
                        
                        {RunMode=Y}
                        
                        
                     </div>
                     <div>
                        <b>Start time: </b>11:08:50
                     </div>
                     <div>
                        <b>End time: </b>11:08:50
                     </div>
                     <div>
                        <b>Duration: </b>0 ms
                        
                     </div>
                  </div>
               </td>
            </tr>
            <tr>
               <td colspan="4" class="detailsBox">
                  <div id="in.v2solutions.hybrid.testcases.RPOST_D_09_Verify_UserCanCreateEnvelopeAndViewPDF_verify_UserCanCreateEnvelopeAndViewPDF_byClass_SKIP1_exception"
                       class="testMethodDetails">
                     <pre style="padding: 5px; margin: 0;">org.testng.SkipException: Skipping the test as runmode is NO
                        	at in.v2solutions.hybrid.testcases.RPOST_D_09_Verify_UserCanCreateEnvelopeAndViewPDF.verify_UserCanCreateEnvelopeAndViewPDF(RPOST_D_09_Verify_UserCanCreateEnvelopeAndViewPDF.java:46)
                        	at sun.reflect.NativeMethodAccessorImpl.invoke0(Native Method)
                        	at sun.reflect.NativeMethodAccessorImpl.invoke(NativeMethodAccessorImpl.java:62)
                        	at sun.reflect.DelegatingMethodAccessorImpl.invoke(DelegatingMethodAccessorImpl.java:43)
                        	at java.lang.reflect.Method.invoke(Method.java:498)
                        	at org.testng.internal.MethodInvocationHelper.invokeMethod(MethodInvocationHelper.java:108)
                        	at org.testng.internal.Invoker.invokeMethod(Invoker.java:661)
                        	at org.testng.internal.Invoker.invokeTestMethod(Invoker.java:869)
                        	at org.testng.internal.Invoker.invokeTestMethods(Invoker.java:1193)
                        	at org.testng.internal.TestMethodWorker.invokeTestMethods(TestMethodWorker.java:126)
                        	at org.testng.internal.TestMethodWorker.run(TestMethodWorker.java:109)
                        	at org.testng.TestRunner.privateRun(TestRunner.java:744)
                        	at org.testng.TestRunner.run(TestRunner.java:602)
                        	at org.testng.SuiteRunner.runTest(SuiteRunner.java:380)
                        	at org.testng.SuiteRunner.runSequentially(SuiteRunner.java:375)
                        	at org.testng.SuiteRunner.privateRun(SuiteRunner.java:340)
                        	at org.testng.SuiteRunner.run(SuiteRunner.java:289)
                        	at org.testng.SuiteRunnerWorker.runSuite(SuiteRunnerWorker.java:52)
                        	at org.testng.SuiteRunnerWorker.run(SuiteRunnerWorker.java:86)
                        	at org.testng.TestNG.runSuitesSequentially(TestNG.java:1301)
                        	at org.testng.TestNG.runSuitesLocally(TestNG.java:1226)
                        	at org.testng.TestNG.runSuites(TestNG.java:1144)
                        	at org.testng.TestNG.run(TestNG.java:1115)
                        	at org.testng.TestNG.privateMain(TestNG.java:1442)
                        	at org.testng.TestNG.main(TestNG.java:1411)
                     </pre>
                  </div>
               </td>
            </tr>
            <tr id="in.v2solutions.hybrid.testcases.RPOST_D_09_Verify_UserCanCreateEnvelopeAndViewPDF_afterTest_byClass_PASS2_row"
                class="testMethodStatusPASS testMethodStatusCONF">
               <td width="100%" class="firstMethodCell">
                  <a onclick="toggleDetailsVisibility('in.v2solutions.hybrid.testcases.RPOST_D_09_Verify_UserCanCreateEnvelopeAndViewPDF_afterTest_byClass_PASS2_details')">afterTest()</a>
               </td>
               <td nowrap="true">11:08:50</td>
               <td nowrap="true" align="right">0 ms
                  
               </td>
               <td nowrap="true">
                   
                  
               </td>
            </tr>
            <tr>
               <td colspan="4" class="detailsBox">
                  <div id="in.v2solutions.hybrid.testcases.RPOST_D_09_Verify_UserCanCreateEnvelopeAndViewPDF_afterTest_byClass_PASS2_details"
                       class="testMethodDetails">
                     <div>
                        <b>Name: </b>afterTest
                     </div>
                     <div>
                        <b>Signature: </b>afterTest()[pri:0, instance:in.v2solutions.hybrid.testcases.RPOST_D_09_Verify_UserCanCreateEnvelopeAndViewPDF@5c6648b0]
                     </div>
                     <div>
                        <b>Start time: </b>11:08:50
                     </div>
                     <div>
                        <b>End time: </b>11:08:50
                     </div>
                     <div>
                        <b>Duration: </b>0 ms
                        
                     </div>
                  </div>
               </td>
            </tr>
            <tr></tr>
            <tr id="in.v2solutions.hybrid.testcases.RPOST_D_09_Verify_UserCanCreateEnvelopeAndViewPDF_beforeTest_byClass_PASS3_row"
                class="testMethodStatusPASS testMethodStatusCONF">
               <td width="100%" class="firstMethodCell">
                  <a onclick="toggleDetailsVisibility('in.v2solutions.hybrid.testcases.RPOST_D_09_Verify_UserCanCreateEnvelopeAndViewPDF_beforeTest_byClass_PASS3_details')">beforeTest(Rpost_P1_1.2)</a>
               </td>
               <td nowrap="true">11:08:50</td>
               <td nowrap="true" align="right">0 ms
                  
               </td>
               <td nowrap="true">
                   
                  
               </td>
            </tr>
            <tr>
               <td colspan="4" class="detailsBox">
                  <div id="in.v2solutions.hybrid.testcases.RPOST_D_09_Verify_UserCanCreateEnvelopeAndViewPDF_beforeTest_byClass_PASS3_details"
                       class="testMethodDetails">
                     <div>
                        <b>Name: </b>beforeTest
                     </div>
                     <div>
                        <b>Signature: </b>beforeTest(java.lang.String)[pri:0, instance:in.v2solutions.hybrid.testcases.RPOST_D_09_Verify_UserCanCreateEnvelopeAndViewPDF@5c6648b0]
                     </div>
                     <div>
                        <b>Parameters: </b>
                        
                        Rpost_P1_1.2
                        
                        
                     </div>
                     <div>
                        <b>Start time: </b>11:08:50
                     </div>
                     <div>
                        <b>End time: </b>11:08:50
                     </div>
                     <div>
                        <b>Duration: </b>0 ms
                        
                     </div>
                  </div>
               </td>
            </tr>
            <tr></tr>
         </table>
         <br></br>
         <table class="testMethodsTable" cellpadding="0" cellspacing="0">
            <tr>
               <td colspan="4">
                  <h3 style="display: inline;">in.v2solutions.hybrid.testcases.RPOST_D_13_Verify_StatusFilterWorksUnderManageTab</h3>
               </td>
            </tr>
            <tr class="methodsTableHeader">
               <td width="100%">Name</td>
               <td nowrap="true">Started</td>
               <td nowrap="true">Duration</td>
               <td>Exception</td>
            </tr>
            <tr id="in.v2solutions.hybrid.testcases.RPOST_D_13_Verify_StatusFilterWorksUnderManageTab_beforeTest_byClass_PASS1_row"
                class="testMethodStatusPASS testMethodStatusCONF">
               <td width="100%" class="firstMethodCell">
                  <a onclick="toggleDetailsVisibility('in.v2solutions.hybrid.testcases.RPOST_D_13_Verify_StatusFilterWorksUnderManageTab_beforeTest_byClass_PASS1_details')">beforeTest(Rpost_P1_1.2)</a>
               </td>
               <td nowrap="true">11:08:50</td>
               <td nowrap="true" align="right">0 ms
                  
               </td>
               <td nowrap="true">
                   
                  
               </td>
            </tr>
            <tr>
               <td colspan="4" class="detailsBox">
                  <div id="in.v2solutions.hybrid.testcases.RPOST_D_13_Verify_StatusFilterWorksUnderManageTab_beforeTest_byClass_PASS1_details"
                       class="testMethodDetails">
                     <div>
                        <b>Name: </b>beforeTest
                     </div>
                     <div>
                        <b>Signature: </b>beforeTest(java.lang.String)[pri:0, instance:in.v2solutions.hybrid.testcases.RPOST_D_13_Verify_StatusFilterWorksUnderManageTab@368f2016]
                     </div>
                     <div>
                        <b>Parameters: </b>
                        
                        Rpost_P1_1.2
                        
                        
                     </div>
                     <div>
                        <b>Start time: </b>11:08:50
                     </div>
                     <div>
                        <b>End time: </b>11:08:50
                     </div>
                     <div>
                        <b>Duration: </b>0 ms
                        
                     </div>
                  </div>
               </td>
            </tr>
            <tr></tr>
            <tr id="in.v2solutions.hybrid.testcases.RPOST_D_13_Verify_StatusFilterWorksUnderManageTab_verify_StatusFilterWorksUnderManageTab_byClass_SKIP2_row"
                class="testMethodStatusSKIP">
               <td width="100%" class="firstMethodCell">
                  <a onclick="toggleDetailsVisibility('in.v2solutions.hybrid.testcases.RPOST_D_13_Verify_StatusFilterWorksUnderManageTab_verify_StatusFilterWorksUnderManageTab_byClass_SKIP2_details')">verify_StatusFilterWorksUnderManageTab({RunMode=Y})</a>
               </td>
               <td nowrap="true">11:08:50</td>
               <td nowrap="true" align="right">0 ms
                  
               </td>
               <td nowrap="true">
                  <a onclick="toggleDetailsVisibility('in.v2solutions.hybrid.testcases.RPOST_D_13_Verify_StatusFilterWorksUnderManageTab_verify_StatusFilterWorksUnderManageTab_byClass_SKIP2_exception')">org.testng.SkipException: 
                     Skipping the test as runmode is NO
                     
                  </a>
                   
                  
               </td>
            </tr>
            <tr>
               <td colspan="4" class="detailsBox">
                  <div id="in.v2solutions.hybrid.testcases.RPOST_D_13_Verify_StatusFilterWorksUnderManageTab_verify_StatusFilterWorksUnderManageTab_byClass_SKIP2_details"
                       class="testMethodDetails">
                     <div>
                        <b>Name: </b>verify_StatusFilterWorksUnderManageTab
                     </div>
                     <div>
                        <b>Signature: </b>verify_StatusFilterWorksUnderManageTab(java.util.Hashtable)[pri:0, instance:in.v2solutions.hybrid.testcases.RPOST_D_13_Verify_StatusFilterWorksUnderManageTab@368f2016]
                     </div>
                     <div>
                        <b>Parameters: </b>
                        
                        {RunMode=Y}
                        
                        
                     </div>
                     <div>
                        <b>Start time: </b>11:08:50
                     </div>
                     <div>
                        <b>End time: </b>11:08:50
                     </div>
                     <div>
                        <b>Duration: </b>0 ms
                        
                     </div>
                  </div>
               </td>
            </tr>
            <tr>
               <td colspan="4" class="detailsBox">
                  <div id="in.v2solutions.hybrid.testcases.RPOST_D_13_Verify_StatusFilterWorksUnderManageTab_verify_StatusFilterWorksUnderManageTab_byClass_SKIP2_exception"
                       class="testMethodDetails">
                     <pre style="padding: 5px; margin: 0;">org.testng.SkipException: Skipping the test as runmode is NO
                        	at in.v2solutions.hybrid.testcases.RPOST_D_13_Verify_StatusFilterWorksUnderManageTab.verify_StatusFilterWorksUnderManageTab(RPOST_D_13_Verify_StatusFilterWorksUnderManageTab.java:46)
                        	at sun.reflect.NativeMethodAccessorImpl.invoke0(Native Method)
                        	at sun.reflect.NativeMethodAccessorImpl.invoke(NativeMethodAccessorImpl.java:62)
                        	at sun.reflect.DelegatingMethodAccessorImpl.invoke(DelegatingMethodAccessorImpl.java:43)
                        	at java.lang.reflect.Method.invoke(Method.java:498)
                        	at org.testng.internal.MethodInvocationHelper.invokeMethod(MethodInvocationHelper.java:108)
                        	at org.testng.internal.Invoker.invokeMethod(Invoker.java:661)
                        	at org.testng.internal.Invoker.invokeTestMethod(Invoker.java:869)
                        	at org.testng.internal.Invoker.invokeTestMethods(Invoker.java:1193)
                        	at org.testng.internal.TestMethodWorker.invokeTestMethods(TestMethodWorker.java:126)
                        	at org.testng.internal.TestMethodWorker.run(TestMethodWorker.java:109)
                        	at org.testng.TestRunner.privateRun(TestRunner.java:744)
                        	at org.testng.TestRunner.run(TestRunner.java:602)
                        	at org.testng.SuiteRunner.runTest(SuiteRunner.java:380)
                        	at org.testng.SuiteRunner.runSequentially(SuiteRunner.java:375)
                        	at org.testng.SuiteRunner.privateRun(SuiteRunner.java:340)
                        	at org.testng.SuiteRunner.run(SuiteRunner.java:289)
                        	at org.testng.SuiteRunnerWorker.runSuite(SuiteRunnerWorker.java:52)
                        	at org.testng.SuiteRunnerWorker.run(SuiteRunnerWorker.java:86)
                        	at org.testng.TestNG.runSuitesSequentially(TestNG.java:1301)
                        	at org.testng.TestNG.runSuitesLocally(TestNG.java:1226)
                        	at org.testng.TestNG.runSuites(TestNG.java:1144)
                        	at org.testng.TestNG.run(TestNG.java:1115)
                        	at org.testng.TestNG.privateMain(TestNG.java:1442)
                        	at org.testng.TestNG.main(TestNG.java:1411)
                     </pre>
                  </div>
               </td>
            </tr>
            <tr id="in.v2solutions.hybrid.testcases.RPOST_D_13_Verify_StatusFilterWorksUnderManageTab_afterTest_byClass_PASS3_row"
                class="testMethodStatusPASS testMethodStatusCONF">
               <td width="100%" class="firstMethodCell">
                  <a onclick="toggleDetailsVisibility('in.v2solutions.hybrid.testcases.RPOST_D_13_Verify_StatusFilterWorksUnderManageTab_afterTest_byClass_PASS3_details')">afterTest()</a>
               </td>
               <td nowrap="true">11:08:50</td>
               <td nowrap="true" align="right">0 ms
                  
               </td>
               <td nowrap="true">
                   
                  
               </td>
            </tr>
            <tr>
               <td colspan="4" class="detailsBox">
                  <div id="in.v2solutions.hybrid.testcases.RPOST_D_13_Verify_StatusFilterWorksUnderManageTab_afterTest_byClass_PASS3_details"
                       class="testMethodDetails">
                     <div>
                        <b>Name: </b>afterTest
                     </div>
                     <div>
                        <b>Signature: </b>afterTest()[pri:0, instance:in.v2solutions.hybrid.testcases.RPOST_D_13_Verify_StatusFilterWorksUnderManageTab@368f2016]
                     </div>
                     <div>
                        <b>Start time: </b>11:08:50
                     </div>
                     <div>
                        <b>End time: </b>11:08:50
                     </div>
                     <div>
                        <b>Duration: </b>0 ms
                        
                     </div>
                  </div>
               </td>
            </tr>
            <tr></tr>
         </table>
         <br></br>
         <table class="testMethodsTable" cellpadding="0" cellspacing="0">
            <tr>
               <td colspan="4">
                  <h3 style="display: inline;">in.v2solutions.hybrid.testcases.RPOST_D_17_Verify_UserCanCreateEditShareAndDeleteTemplete</h3>
               </td>
            </tr>
            <tr class="methodsTableHeader">
               <td width="100%">Name</td>
               <td nowrap="true">Started</td>
               <td nowrap="true">Duration</td>
               <td>Exception</td>
            </tr>
            <tr id="in.v2solutions.hybrid.testcases.RPOST_D_17_Verify_UserCanCreateEditShareAndDeleteTemplete_verify_UserCanCreateEditShareAndDeleteTemplete_byClass_SKIP1_row"
                class="testMethodStatusSKIP">
               <td width="100%" class="firstMethodCell">
                  <a onclick="toggleDetailsVisibility('in.v2solutions.hybrid.testcases.RPOST_D_17_Verify_UserCanCreateEditShareAndDeleteTemplete_verify_UserCanCreateEditShareAndDeleteTemplete_byClass_SKIP1_details')">verify_UserCanCreateEditShareAndDeleteTemplete({RunMode=Y})</a>
               </td>
               <td nowrap="true">11:08:50</td>
               <td nowrap="true" align="right">0 ms
                  
               </td>
               <td nowrap="true">
                  <a onclick="toggleDetailsVisibility('in.v2solutions.hybrid.testcases.RPOST_D_17_Verify_UserCanCreateEditShareAndDeleteTemplete_verify_UserCanCreateEditShareAndDeleteTemplete_byClass_SKIP1_exception')">org.testng.SkipException: 
                     Skipping the test as runmode is NO
                     
                  </a>
                   
                  
               </td>
            </tr>
            <tr>
               <td colspan="4" class="detailsBox">
                  <div id="in.v2solutions.hybrid.testcases.RPOST_D_17_Verify_UserCanCreateEditShareAndDeleteTemplete_verify_UserCanCreateEditShareAndDeleteTemplete_byClass_SKIP1_details"
                       class="testMethodDetails">
                     <div>
                        <b>Name: </b>verify_UserCanCreateEditShareAndDeleteTemplete
                     </div>
                     <div>
                        <b>Signature: </b>verify_UserCanCreateEditShareAndDeleteTemplete(java.util.Hashtable)[pri:0, instance:in.v2solutions.hybrid.testcases.RPOST_D_17_Verify_UserCanCreateEditShareAndDeleteTemplete@5656be13]
                     </div>
                     <div>
                        <b>Parameters: </b>
                        
                        {RunMode=Y}
                        
                        
                     </div>
                     <div>
                        <b>Start time: </b>11:08:50
                     </div>
                     <div>
                        <b>End time: </b>11:08:50
                     </div>
                     <div>
                        <b>Duration: </b>0 ms
                        
                     </div>
                  </div>
               </td>
            </tr>
            <tr>
               <td colspan="4" class="detailsBox">
                  <div id="in.v2solutions.hybrid.testcases.RPOST_D_17_Verify_UserCanCreateEditShareAndDeleteTemplete_verify_UserCanCreateEditShareAndDeleteTemplete_byClass_SKIP1_exception"
                       class="testMethodDetails">
                     <pre style="padding: 5px; margin: 0;">org.testng.SkipException: Skipping the test as runmode is NO
                        	at in.v2solutions.hybrid.testcases.RPOST_D_17_Verify_UserCanCreateEditShareAndDeleteTemplete.verify_UserCanCreateEditShareAndDeleteTemplete(RPOST_D_17_Verify_UserCanCreateEditShareAndDeleteTemplete.java:46)
                        	at sun.reflect.NativeMethodAccessorImpl.invoke0(Native Method)
                        	at sun.reflect.NativeMethodAccessorImpl.invoke(NativeMethodAccessorImpl.java:62)
                        	at sun.reflect.DelegatingMethodAccessorImpl.invoke(DelegatingMethodAccessorImpl.java:43)
                        	at java.lang.reflect.Method.invoke(Method.java:498)
                        	at org.testng.internal.MethodInvocationHelper.invokeMethod(MethodInvocationHelper.java:108)
                        	at org.testng.internal.Invoker.invokeMethod(Invoker.java:661)
                        	at org.testng.internal.Invoker.invokeTestMethod(Invoker.java:869)
                        	at org.testng.internal.Invoker.invokeTestMethods(Invoker.java:1193)
                        	at org.testng.internal.TestMethodWorker.invokeTestMethods(TestMethodWorker.java:126)
                        	at org.testng.internal.TestMethodWorker.run(TestMethodWorker.java:109)
                        	at org.testng.TestRunner.privateRun(TestRunner.java:744)
                        	at org.testng.TestRunner.run(TestRunner.java:602)
                        	at org.testng.SuiteRunner.runTest(SuiteRunner.java:380)
                        	at org.testng.SuiteRunner.runSequentially(SuiteRunner.java:375)
                        	at org.testng.SuiteRunner.privateRun(SuiteRunner.java:340)
                        	at org.testng.SuiteRunner.run(SuiteRunner.java:289)
                        	at org.testng.SuiteRunnerWorker.runSuite(SuiteRunnerWorker.java:52)
                        	at org.testng.SuiteRunnerWorker.run(SuiteRunnerWorker.java:86)
                        	at org.testng.TestNG.runSuitesSequentially(TestNG.java:1301)
                        	at org.testng.TestNG.runSuitesLocally(TestNG.java:1226)
                        	at org.testng.TestNG.runSuites(TestNG.java:1144)
                        	at org.testng.TestNG.run(TestNG.java:1115)
                        	at org.testng.TestNG.privateMain(TestNG.java:1442)
                        	at org.testng.TestNG.main(TestNG.java:1411)
                     </pre>
                  </div>
               </td>
            </tr>
            <tr id="in.v2solutions.hybrid.testcases.RPOST_D_17_Verify_UserCanCreateEditShareAndDeleteTemplete_afterTest_byClass_PASS2_row"
                class="testMethodStatusPASS testMethodStatusCONF">
               <td width="100%" class="firstMethodCell">
                  <a onclick="toggleDetailsVisibility('in.v2solutions.hybrid.testcases.RPOST_D_17_Verify_UserCanCreateEditShareAndDeleteTemplete_afterTest_byClass_PASS2_details')">afterTest()</a>
               </td>
               <td nowrap="true">11:08:50</td>
               <td nowrap="true" align="right">0 ms
                  
               </td>
               <td nowrap="true">
                   
                  
               </td>
            </tr>
            <tr>
               <td colspan="4" class="detailsBox">
                  <div id="in.v2solutions.hybrid.testcases.RPOST_D_17_Verify_UserCanCreateEditShareAndDeleteTemplete_afterTest_byClass_PASS2_details"
                       class="testMethodDetails">
                     <div>
                        <b>Name: </b>afterTest
                     </div>
                     <div>
                        <b>Signature: </b>afterTest()[pri:0, instance:in.v2solutions.hybrid.testcases.RPOST_D_17_Verify_UserCanCreateEditShareAndDeleteTemplete@5656be13]
                     </div>
                     <div>
                        <b>Start time: </b>11:08:50
                     </div>
                     <div>
                        <b>End time: </b>11:08:50
                     </div>
                     <div>
                        <b>Duration: </b>0 ms
                        
                     </div>
                  </div>
               </td>
            </tr>
            <tr></tr>
            <tr id="in.v2solutions.hybrid.testcases.RPOST_D_17_Verify_UserCanCreateEditShareAndDeleteTemplete_beforeTest_byClass_PASS3_row"
                class="testMethodStatusPASS testMethodStatusCONF">
               <td width="100%" class="firstMethodCell">
                  <a onclick="toggleDetailsVisibility('in.v2solutions.hybrid.testcases.RPOST_D_17_Verify_UserCanCreateEditShareAndDeleteTemplete_beforeTest_byClass_PASS3_details')">beforeTest(Rpost_P1_1.2)</a>
               </td>
               <td nowrap="true">11:08:50</td>
               <td nowrap="true" align="right">0 ms
                  
               </td>
               <td nowrap="true">
                   
                  
               </td>
            </tr>
            <tr>
               <td colspan="4" class="detailsBox">
                  <div id="in.v2solutions.hybrid.testcases.RPOST_D_17_Verify_UserCanCreateEditShareAndDeleteTemplete_beforeTest_byClass_PASS3_details"
                       class="testMethodDetails">
                     <div>
                        <b>Name: </b>beforeTest
                     </div>
                     <div>
                        <b>Signature: </b>beforeTest(java.lang.String)[pri:0, instance:in.v2solutions.hybrid.testcases.RPOST_D_17_Verify_UserCanCreateEditShareAndDeleteTemplete@5656be13]
                     </div>
                     <div>
                        <b>Parameters: </b>
                        
                        Rpost_P1_1.2
                        
                        
                     </div>
                     <div>
                        <b>Start time: </b>11:08:50
                     </div>
                     <div>
                        <b>End time: </b>11:08:50
                     </div>
                     <div>
                        <b>Duration: </b>0 ms
                        
                     </div>
                  </div>
               </td>
            </tr>
            <tr></tr>
         </table>
         <br></br>
         <table class="testMethodsTable" cellpadding="0" cellspacing="0">
            <tr>
               <td colspan="4">
                  <h3 style="display: inline;">in.v2solutions.hybrid.testcases.RPOST_D_18_Verify_UserCanSendAlreadyDraftedEnvelope</h3>
               </td>
            </tr>
            <tr class="methodsTableHeader">
               <td width="100%">Name</td>
               <td nowrap="true">Started</td>
               <td nowrap="true">Duration</td>
               <td>Exception</td>
            </tr>
            <tr id="in.v2solutions.hybrid.testcases.RPOST_D_18_Verify_UserCanSendAlreadyDraftedEnvelope_verify_UserCanSendAlreadyDraftedEnvelope_byClass_SKIP1_row"
                class="testMethodStatusSKIP">
               <td width="100%" class="firstMethodCell">
                  <a onclick="toggleDetailsVisibility('in.v2solutions.hybrid.testcases.RPOST_D_18_Verify_UserCanSendAlreadyDraftedEnvelope_verify_UserCanSendAlreadyDraftedEnvelope_byClass_SKIP1_details')">verify_UserCanSendAlreadyDraftedEnvelope({RunMode=Y})</a>
               </td>
               <td nowrap="true">11:08:50</td>
               <td nowrap="true" align="right">0 ms
                  
               </td>
               <td nowrap="true">
                  <a onclick="toggleDetailsVisibility('in.v2solutions.hybrid.testcases.RPOST_D_18_Verify_UserCanSendAlreadyDraftedEnvelope_verify_UserCanSendAlreadyDraftedEnvelope_byClass_SKIP1_exception')">org.testng.SkipException: 
                     Skipping the test as runmode is NO
                     
                  </a>
                   
                  
               </td>
            </tr>
            <tr>
               <td colspan="4" class="detailsBox">
                  <div id="in.v2solutions.hybrid.testcases.RPOST_D_18_Verify_UserCanSendAlreadyDraftedEnvelope_verify_UserCanSendAlreadyDraftedEnvelope_byClass_SKIP1_details"
                       class="testMethodDetails">
                     <div>
                        <b>Name: </b>verify_UserCanSendAlreadyDraftedEnvelope
                     </div>
                     <div>
                        <b>Signature: </b>verify_UserCanSendAlreadyDraftedEnvelope(java.util.Hashtable)[pri:0, instance:in.v2solutions.hybrid.testcases.RPOST_D_18_Verify_UserCanSendAlreadyDraftedEnvelope@7b98f307]
                     </div>
                     <div>
                        <b>Parameters: </b>
                        
                        {RunMode=Y}
                        
                        
                     </div>
                     <div>
                        <b>Start time: </b>11:08:50
                     </div>
                     <div>
                        <b>End time: </b>11:08:50
                     </div>
                     <div>
                        <b>Duration: </b>0 ms
                        
                     </div>
                  </div>
               </td>
            </tr>
            <tr>
               <td colspan="4" class="detailsBox">
                  <div id="in.v2solutions.hybrid.testcases.RPOST_D_18_Verify_UserCanSendAlreadyDraftedEnvelope_verify_UserCanSendAlreadyDraftedEnvelope_byClass_SKIP1_exception"
                       class="testMethodDetails">
                     <pre style="padding: 5px; margin: 0;">org.testng.SkipException: Skipping the test as runmode is NO
                        	at in.v2solutions.hybrid.testcases.RPOST_D_18_Verify_UserCanSendAlreadyDraftedEnvelope.verify_UserCanSendAlreadyDraftedEnvelope(RPOST_D_18_Verify_UserCanSendAlreadyDraftedEnvelope.java:46)
                        	at sun.reflect.NativeMethodAccessorImpl.invoke0(Native Method)
                        	at sun.reflect.NativeMethodAccessorImpl.invoke(NativeMethodAccessorImpl.java:62)
                        	at sun.reflect.DelegatingMethodAccessorImpl.invoke(DelegatingMethodAccessorImpl.java:43)
                        	at java.lang.reflect.Method.invoke(Method.java:498)
                        	at org.testng.internal.MethodInvocationHelper.invokeMethod(MethodInvocationHelper.java:108)
                        	at org.testng.internal.Invoker.invokeMethod(Invoker.java:661)
                        	at org.testng.internal.Invoker.invokeTestMethod(Invoker.java:869)
                        	at org.testng.internal.Invoker.invokeTestMethods(Invoker.java:1193)
                        	at org.testng.internal.TestMethodWorker.invokeTestMethods(TestMethodWorker.java:126)
                        	at org.testng.internal.TestMethodWorker.run(TestMethodWorker.java:109)
                        	at org.testng.TestRunner.privateRun(TestRunner.java:744)
                        	at org.testng.TestRunner.run(TestRunner.java:602)
                        	at org.testng.SuiteRunner.runTest(SuiteRunner.java:380)
                        	at org.testng.SuiteRunner.runSequentially(SuiteRunner.java:375)
                        	at org.testng.SuiteRunner.privateRun(SuiteRunner.java:340)
                        	at org.testng.SuiteRunner.run(SuiteRunner.java:289)
                        	at org.testng.SuiteRunnerWorker.runSuite(SuiteRunnerWorker.java:52)
                        	at org.testng.SuiteRunnerWorker.run(SuiteRunnerWorker.java:86)
                        	at org.testng.TestNG.runSuitesSequentially(TestNG.java:1301)
                        	at org.testng.TestNG.runSuitesLocally(TestNG.java:1226)
                        	at org.testng.TestNG.runSuites(TestNG.java:1144)
                        	at org.testng.TestNG.run(TestNG.java:1115)
                        	at org.testng.TestNG.privateMain(TestNG.java:1442)
                        	at org.testng.TestNG.main(TestNG.java:1411)
                     </pre>
                  </div>
               </td>
            </tr>
            <tr id="in.v2solutions.hybrid.testcases.RPOST_D_18_Verify_UserCanSendAlreadyDraftedEnvelope_beforeTest_byClass_PASS2_row"
                class="testMethodStatusPASS testMethodStatusCONF">
               <td width="100%" class="firstMethodCell">
                  <a onclick="toggleDetailsVisibility('in.v2solutions.hybrid.testcases.RPOST_D_18_Verify_UserCanSendAlreadyDraftedEnvelope_beforeTest_byClass_PASS2_details')">beforeTest(Rpost_P1_1.2)</a>
               </td>
               <td nowrap="true">11:08:50</td>
               <td nowrap="true" align="right">0 ms
                  
               </td>
               <td nowrap="true">
                   
                  
               </td>
            </tr>
            <tr>
               <td colspan="4" class="detailsBox">
                  <div id="in.v2solutions.hybrid.testcases.RPOST_D_18_Verify_UserCanSendAlreadyDraftedEnvelope_beforeTest_byClass_PASS2_details"
                       class="testMethodDetails">
                     <div>
                        <b>Name: </b>beforeTest
                     </div>
                     <div>
                        <b>Signature: </b>beforeTest(java.lang.String)[pri:0, instance:in.v2solutions.hybrid.testcases.RPOST_D_18_Verify_UserCanSendAlreadyDraftedEnvelope@7b98f307]
                     </div>
                     <div>
                        <b>Parameters: </b>
                        
                        Rpost_P1_1.2
                        
                        
                     </div>
                     <div>
                        <b>Start time: </b>11:08:50
                     </div>
                     <div>
                        <b>End time: </b>11:08:50
                     </div>
                     <div>
                        <b>Duration: </b>0 ms
                        
                     </div>
                  </div>
               </td>
            </tr>
            <tr></tr>
            <tr id="in.v2solutions.hybrid.testcases.RPOST_D_18_Verify_UserCanSendAlreadyDraftedEnvelope_afterTest_byClass_PASS3_row"
                class="testMethodStatusPASS testMethodStatusCONF">
               <td width="100%" class="firstMethodCell">
                  <a onclick="toggleDetailsVisibility('in.v2solutions.hybrid.testcases.RPOST_D_18_Verify_UserCanSendAlreadyDraftedEnvelope_afterTest_byClass_PASS3_details')">afterTest()</a>
               </td>
               <td nowrap="true">11:08:50</td>
               <td nowrap="true" align="right">0 ms
                  
               </td>
               <td nowrap="true">
                   
                  
               </td>
            </tr>
            <tr>
               <td colspan="4" class="detailsBox">
                  <div id="in.v2solutions.hybrid.testcases.RPOST_D_18_Verify_UserCanSendAlreadyDraftedEnvelope_afterTest_byClass_PASS3_details"
                       class="testMethodDetails">
                     <div>
                        <b>Name: </b>afterTest
                     </div>
                     <div>
                        <b>Signature: </b>afterTest()[pri:0, instance:in.v2solutions.hybrid.testcases.RPOST_D_18_Verify_UserCanSendAlreadyDraftedEnvelope@7b98f307]
                     </div>
                     <div>
                        <b>Start time: </b>11:08:50
                     </div>
                     <div>
                        <b>End time: </b>11:08:50
                     </div>
                     <div>
                        <b>Duration: </b>0 ms
                        
                     </div>
                  </div>
               </td>
            </tr>
            <tr></tr>
         </table>
         <br></br>
         <table class="testMethodsTable" cellpadding="0" cellspacing="0">
            <tr>
               <td colspan="4">
                  <h3 style="display: inline;">in.v2solutions.hybrid.testcases.RPOST_D_19_Verify_CompanyListUnderAdminTab</h3>
               </td>
            </tr>
            <tr class="methodsTableHeader">
               <td width="100%">Name</td>
               <td nowrap="true">Started</td>
               <td nowrap="true">Duration</td>
               <td>Exception</td>
            </tr>
            <tr id="in.v2solutions.hybrid.testcases.RPOST_D_19_Verify_CompanyListUnderAdminTab_verify_CompanyListUnderAdminTab_byClass_SKIP1_row"
                class="testMethodStatusSKIP">
               <td width="100%" class="firstMethodCell">
                  <a onclick="toggleDetailsVisibility('in.v2solutions.hybrid.testcases.RPOST_D_19_Verify_CompanyListUnderAdminTab_verify_CompanyListUnderAdminTab_byClass_SKIP1_details')">verify_CompanyListUnderAdminTab({RunMode=Y})</a>
               </td>
               <td nowrap="true">11:08:50</td>
               <td nowrap="true" align="right">0 ms
                  
               </td>
               <td nowrap="true">
                  <a onclick="toggleDetailsVisibility('in.v2solutions.hybrid.testcases.RPOST_D_19_Verify_CompanyListUnderAdminTab_verify_CompanyListUnderAdminTab_byClass_SKIP1_exception')">org.testng.SkipException: 
                     Skipping the test as runmode is NO
                     
                  </a>
                   
                  
               </td>
            </tr>
            <tr>
               <td colspan="4" class="detailsBox">
                  <div id="in.v2solutions.hybrid.testcases.RPOST_D_19_Verify_CompanyListUnderAdminTab_verify_CompanyListUnderAdminTab_byClass_SKIP1_details"
                       class="testMethodDetails">
                     <div>
                        <b>Name: </b>verify_CompanyListUnderAdminTab
                     </div>
                     <div>
                        <b>Signature: </b>verify_CompanyListUnderAdminTab(java.util.Hashtable)[pri:0, instance:in.v2solutions.hybrid.testcases.RPOST_D_19_Verify_CompanyListUnderAdminTab@78691363]
                     </div>
                     <div>
                        <b>Parameters: </b>
                        
                        {RunMode=Y}
                        
                        
                     </div>
                     <div>
                        <b>Start time: </b>11:08:50
                     </div>
                     <div>
                        <b>End time: </b>11:08:50
                     </div>
                     <div>
                        <b>Duration: </b>0 ms
                        
                     </div>
                  </div>
               </td>
            </tr>
            <tr>
               <td colspan="4" class="detailsBox">
                  <div id="in.v2solutions.hybrid.testcases.RPOST_D_19_Verify_CompanyListUnderAdminTab_verify_CompanyListUnderAdminTab_byClass_SKIP1_exception"
                       class="testMethodDetails">
                     <pre style="padding: 5px; margin: 0;">org.testng.SkipException: Skipping the test as runmode is NO
                        	at in.v2solutions.hybrid.testcases.RPOST_D_19_Verify_CompanyListUnderAdminTab.verify_CompanyListUnderAdminTab(RPOST_D_19_Verify_CompanyListUnderAdminTab.java:46)
                        	at sun.reflect.NativeMethodAccessorImpl.invoke0(Native Method)
                        	at sun.reflect.NativeMethodAccessorImpl.invoke(NativeMethodAccessorImpl.java:62)
                        	at sun.reflect.DelegatingMethodAccessorImpl.invoke(DelegatingMethodAccessorImpl.java:43)
                        	at java.lang.reflect.Method.invoke(Method.java:498)
                        	at org.testng.internal.MethodInvocationHelper.invokeMethod(MethodInvocationHelper.java:108)
                        	at org.testng.internal.Invoker.invokeMethod(Invoker.java:661)
                        	at org.testng.internal.Invoker.invokeTestMethod(Invoker.java:869)
                        	at org.testng.internal.Invoker.invokeTestMethods(Invoker.java:1193)
                        	at org.testng.internal.TestMethodWorker.invokeTestMethods(TestMethodWorker.java:126)
                        	at org.testng.internal.TestMethodWorker.run(TestMethodWorker.java:109)
                        	at org.testng.TestRunner.privateRun(TestRunner.java:744)
                        	at org.testng.TestRunner.run(TestRunner.java:602)
                        	at org.testng.SuiteRunner.runTest(SuiteRunner.java:380)
                        	at org.testng.SuiteRunner.runSequentially(SuiteRunner.java:375)
                        	at org.testng.SuiteRunner.privateRun(SuiteRunner.java:340)
                        	at org.testng.SuiteRunner.run(SuiteRunner.java:289)
                        	at org.testng.SuiteRunnerWorker.runSuite(SuiteRunnerWorker.java:52)
                        	at org.testng.SuiteRunnerWorker.run(SuiteRunnerWorker.java:86)
                        	at org.testng.TestNG.runSuitesSequentially(TestNG.java:1301)
                        	at org.testng.TestNG.runSuitesLocally(TestNG.java:1226)
                        	at org.testng.TestNG.runSuites(TestNG.java:1144)
                        	at org.testng.TestNG.run(TestNG.java:1115)
                        	at org.testng.TestNG.privateMain(TestNG.java:1442)
                        	at org.testng.TestNG.main(TestNG.java:1411)
                     </pre>
                  </div>
               </td>
            </tr>
            <tr id="in.v2solutions.hybrid.testcases.RPOST_D_19_Verify_CompanyListUnderAdminTab_beforeTest_byClass_PASS2_row"
                class="testMethodStatusPASS testMethodStatusCONF">
               <td width="100%" class="firstMethodCell">
                  <a onclick="toggleDetailsVisibility('in.v2solutions.hybrid.testcases.RPOST_D_19_Verify_CompanyListUnderAdminTab_beforeTest_byClass_PASS2_details')">beforeTest(Rpost_P1_1.2)</a>
               </td>
               <td nowrap="true">11:08:50</td>
               <td nowrap="true" align="right">0 ms
                  
               </td>
               <td nowrap="true">
                   
                  
               </td>
            </tr>
            <tr>
               <td colspan="4" class="detailsBox">
                  <div id="in.v2solutions.hybrid.testcases.RPOST_D_19_Verify_CompanyListUnderAdminTab_beforeTest_byClass_PASS2_details"
                       class="testMethodDetails">
                     <div>
                        <b>Name: </b>beforeTest
                     </div>
                     <div>
                        <b>Signature: </b>beforeTest(java.lang.String)[pri:0, instance:in.v2solutions.hybrid.testcases.RPOST_D_19_Verify_CompanyListUnderAdminTab@78691363]
                     </div>
                     <div>
                        <b>Parameters: </b>
                        
                        Rpost_P1_1.2
                        
                        
                     </div>
                     <div>
                        <b>Start time: </b>11:08:50
                     </div>
                     <div>
                        <b>End time: </b>11:08:50
                     </div>
                     <div>
                        <b>Duration: </b>0 ms
                        
                     </div>
                  </div>
               </td>
            </tr>
            <tr></tr>
            <tr id="in.v2solutions.hybrid.testcases.RPOST_D_19_Verify_CompanyListUnderAdminTab_afterTest_byClass_PASS3_row"
                class="testMethodStatusPASS testMethodStatusCONF">
               <td width="100%" class="firstMethodCell">
                  <a onclick="toggleDetailsVisibility('in.v2solutions.hybrid.testcases.RPOST_D_19_Verify_CompanyListUnderAdminTab_afterTest_byClass_PASS3_details')">afterTest()</a>
               </td>
               <td nowrap="true">11:08:50</td>
               <td nowrap="true" align="right">0 ms
                  
               </td>
               <td nowrap="true">
                   
                  
               </td>
            </tr>
            <tr>
               <td colspan="4" class="detailsBox">
                  <div id="in.v2solutions.hybrid.testcases.RPOST_D_19_Verify_CompanyListUnderAdminTab_afterTest_byClass_PASS3_details"
                       class="testMethodDetails">
                     <div>
                        <b>Name: </b>afterTest
                     </div>
                     <div>
                        <b>Signature: </b>afterTest()[pri:0, instance:in.v2solutions.hybrid.testcases.RPOST_D_19_Verify_CompanyListUnderAdminTab@78691363]
                     </div>
                     <div>
                        <b>Start time: </b>11:08:50
                     </div>
                     <div>
                        <b>End time: </b>11:08:50
                     </div>
                     <div>
                        <b>Duration: </b>0 ms
                        
                     </div>
                  </div>
               </td>
            </tr>
            <tr></tr>
         </table>
         <br></br>
         <table class="testMethodsTable" cellpadding="0" cellspacing="0">
            <tr>
               <td colspan="4">
                  <h3 style="display: inline;">in.v2solutions.hybrid.testcases.RPOST_D_24_Verify_TimeZoneAcrossTabs</h3>
               </td>
            </tr>
            <tr class="methodsTableHeader">
               <td width="100%">Name</td>
               <td nowrap="true">Started</td>
               <td nowrap="true">Duration</td>
               <td>Exception</td>
            </tr>
            <tr id="in.v2solutions.hybrid.testcases.RPOST_D_24_Verify_TimeZoneAcrossTabs_beforeTest_byClass_PASS1_row"
                class="testMethodStatusPASS testMethodStatusCONF">
               <td width="100%" class="firstMethodCell">
                  <a onclick="toggleDetailsVisibility('in.v2solutions.hybrid.testcases.RPOST_D_24_Verify_TimeZoneAcrossTabs_beforeTest_byClass_PASS1_details')">beforeTest(Rpost_P1_1.2)</a>
               </td>
               <td nowrap="true">11:08:50</td>
               <td nowrap="true" align="right">0 ms
                  
               </td>
               <td nowrap="true">
                   
                  
               </td>
            </tr>
            <tr>
               <td colspan="4" class="detailsBox">
                  <div id="in.v2solutions.hybrid.testcases.RPOST_D_24_Verify_TimeZoneAcrossTabs_beforeTest_byClass_PASS1_details"
                       class="testMethodDetails">
                     <div>
                        <b>Name: </b>beforeTest
                     </div>
                     <div>
                        <b>Signature: </b>beforeTest(java.lang.String)[pri:0, instance:in.v2solutions.hybrid.testcases.RPOST_D_24_Verify_TimeZoneAcrossTabs@5fe94a96]
                     </div>
                     <div>
                        <b>Parameters: </b>
                        
                        Rpost_P1_1.2
                        
                        
                     </div>
                     <div>
                        <b>Start time: </b>11:08:50
                     </div>
                     <div>
                        <b>End time: </b>11:08:50
                     </div>
                     <div>
                        <b>Duration: </b>0 ms
                        
                     </div>
                  </div>
               </td>
            </tr>
            <tr></tr>
            <tr id="in.v2solutions.hybrid.testcases.RPOST_D_24_Verify_TimeZoneAcrossTabs_verify_TimeZoneAcrossTabs_byClass_SKIP2_row"
                class="testMethodStatusSKIP">
               <td width="100%" class="firstMethodCell">
                  <a onclick="toggleDetailsVisibility('in.v2solutions.hybrid.testcases.RPOST_D_24_Verify_TimeZoneAcrossTabs_verify_TimeZoneAcrossTabs_byClass_SKIP2_details')">verify_TimeZoneAcrossTabs({RunMode=Y})</a>
               </td>
               <td nowrap="true">11:08:50</td>
               <td nowrap="true" align="right">0 ms
                  
               </td>
               <td nowrap="true">
                  <a onclick="toggleDetailsVisibility('in.v2solutions.hybrid.testcases.RPOST_D_24_Verify_TimeZoneAcrossTabs_verify_TimeZoneAcrossTabs_byClass_SKIP2_exception')">org.testng.SkipException: 
                     Skipping the test as runmode is NO
                     
                  </a>
                   
                  
               </td>
            </tr>
            <tr>
               <td colspan="4" class="detailsBox">
                  <div id="in.v2solutions.hybrid.testcases.RPOST_D_24_Verify_TimeZoneAcrossTabs_verify_TimeZoneAcrossTabs_byClass_SKIP2_details"
                       class="testMethodDetails">
                     <div>
                        <b>Name: </b>verify_TimeZoneAcrossTabs
                     </div>
                     <div>
                        <b>Signature: </b>verify_TimeZoneAcrossTabs(java.util.Hashtable)[pri:0, instance:in.v2solutions.hybrid.testcases.RPOST_D_24_Verify_TimeZoneAcrossTabs@5fe94a96]
                     </div>
                     <div>
                        <b>Parameters: </b>
                        
                        {RunMode=Y}
                        
                        
                     </div>
                     <div>
                        <b>Start time: </b>11:08:50
                     </div>
                     <div>
                        <b>End time: </b>11:08:50
                     </div>
                     <div>
                        <b>Duration: </b>0 ms
                        
                     </div>
                  </div>
               </td>
            </tr>
            <tr>
               <td colspan="4" class="detailsBox">
                  <div id="in.v2solutions.hybrid.testcases.RPOST_D_24_Verify_TimeZoneAcrossTabs_verify_TimeZoneAcrossTabs_byClass_SKIP2_exception"
                       class="testMethodDetails">
                     <pre style="padding: 5px; margin: 0;">org.testng.SkipException: Skipping the test as runmode is NO
                        	at in.v2solutions.hybrid.testcases.RPOST_D_24_Verify_TimeZoneAcrossTabs.verify_TimeZoneAcrossTabs(RPOST_D_24_Verify_TimeZoneAcrossTabs.java:46)
                        	at sun.reflect.NativeMethodAccessorImpl.invoke0(Native Method)
                        	at sun.reflect.NativeMethodAccessorImpl.invoke(NativeMethodAccessorImpl.java:62)
                        	at sun.reflect.DelegatingMethodAccessorImpl.invoke(DelegatingMethodAccessorImpl.java:43)
                        	at java.lang.reflect.Method.invoke(Method.java:498)
                        	at org.testng.internal.MethodInvocationHelper.invokeMethod(MethodInvocationHelper.java:108)
                        	at org.testng.internal.Invoker.invokeMethod(Invoker.java:661)
                        	at org.testng.internal.Invoker.invokeTestMethod(Invoker.java:869)
                        	at org.testng.internal.Invoker.invokeTestMethods(Invoker.java:1193)
                        	at org.testng.internal.TestMethodWorker.invokeTestMethods(TestMethodWorker.java:126)
                        	at org.testng.internal.TestMethodWorker.run(TestMethodWorker.java:109)
                        	at org.testng.TestRunner.privateRun(TestRunner.java:744)
                        	at org.testng.TestRunner.run(TestRunner.java:602)
                        	at org.testng.SuiteRunner.runTest(SuiteRunner.java:380)
                        	at org.testng.SuiteRunner.runSequentially(SuiteRunner.java:375)
                        	at org.testng.SuiteRunner.privateRun(SuiteRunner.java:340)
                        	at org.testng.SuiteRunner.run(SuiteRunner.java:289)
                        	at org.testng.SuiteRunnerWorker.runSuite(SuiteRunnerWorker.java:52)
                        	at org.testng.SuiteRunnerWorker.run(SuiteRunnerWorker.java:86)
                        	at org.testng.TestNG.runSuitesSequentially(TestNG.java:1301)
                        	at org.testng.TestNG.runSuitesLocally(TestNG.java:1226)
                        	at org.testng.TestNG.runSuites(TestNG.java:1144)
                        	at org.testng.TestNG.run(TestNG.java:1115)
                        	at org.testng.TestNG.privateMain(TestNG.java:1442)
                        	at org.testng.TestNG.main(TestNG.java:1411)
                     </pre>
                  </div>
               </td>
            </tr>
            <tr id="in.v2solutions.hybrid.testcases.RPOST_D_24_Verify_TimeZoneAcrossTabs_afterTest_byClass_PASS3_row"
                class="testMethodStatusPASS testMethodStatusCONF">
               <td width="100%" class="firstMethodCell">
                  <a onclick="toggleDetailsVisibility('in.v2solutions.hybrid.testcases.RPOST_D_24_Verify_TimeZoneAcrossTabs_afterTest_byClass_PASS3_details')">afterTest()</a>
               </td>
               <td nowrap="true">11:08:50</td>
               <td nowrap="true" align="right">0 ms
                  
               </td>
               <td nowrap="true">
                   
                  
               </td>
            </tr>
            <tr>
               <td colspan="4" class="detailsBox">
                  <div id="in.v2solutions.hybrid.testcases.RPOST_D_24_Verify_TimeZoneAcrossTabs_afterTest_byClass_PASS3_details"
                       class="testMethodDetails">
                     <div>
                        <b>Name: </b>afterTest
                     </div>
                     <div>
                        <b>Signature: </b>afterTest()[pri:0, instance:in.v2solutions.hybrid.testcases.RPOST_D_24_Verify_TimeZoneAcrossTabs@5fe94a96]
                     </div>
                     <div>
                        <b>Start time: </b>11:08:50
                     </div>
                     <div>
                        <b>End time: </b>11:08:50
                     </div>
                     <div>
                        <b>Duration: </b>0 ms
                        
                     </div>
                  </div>
               </td>
            </tr>
            <tr></tr>
         </table>
         <br></br>
         <table class="testMethodsTable" cellpadding="0" cellspacing="0">
            <tr>
               <td colspan="4">
                  <h3 style="display: inline;">in.v2solutions.hybrid.testcases.RPOST_D_27_Verify_SignatureTextUnderUserProfile</h3>
               </td>
            </tr>
            <tr class="methodsTableHeader">
               <td width="100%">Name</td>
               <td nowrap="true">Started</td>
               <td nowrap="true">Duration</td>
               <td>Exception</td>
            </tr>
            <tr id="in.v2solutions.hybrid.testcases.RPOST_D_27_Verify_SignatureTextUnderUserProfile_beforeTest_byClass_PASS1_row"
                class="testMethodStatusPASS testMethodStatusCONF">
               <td width="100%" class="firstMethodCell">
                  <a onclick="toggleDetailsVisibility('in.v2solutions.hybrid.testcases.RPOST_D_27_Verify_SignatureTextUnderUserProfile_beforeTest_byClass_PASS1_details')">beforeTest(Rpost_P1_1.2)</a>
               </td>
               <td nowrap="true">11:08:50</td>
               <td nowrap="true" align="right">0 ms
                  
               </td>
               <td nowrap="true">
                   
                  
               </td>
            </tr>
            <tr>
               <td colspan="4" class="detailsBox">
                  <div id="in.v2solutions.hybrid.testcases.RPOST_D_27_Verify_SignatureTextUnderUserProfile_beforeTest_byClass_PASS1_details"
                       class="testMethodDetails">
                     <div>
                        <b>Name: </b>beforeTest
                     </div>
                     <div>
                        <b>Signature: </b>beforeTest(java.lang.String)[pri:0, instance:in.v2solutions.hybrid.testcases.RPOST_D_27_Verify_SignatureTextUnderUserProfile@5e0e82ae]
                     </div>
                     <div>
                        <b>Parameters: </b>
                        
                        Rpost_P1_1.2
                        
                        
                     </div>
                     <div>
                        <b>Start time: </b>11:08:50
                     </div>
                     <div>
                        <b>End time: </b>11:08:50
                     </div>
                     <div>
                        <b>Duration: </b>0 ms
                        
                     </div>
                  </div>
               </td>
            </tr>
            <tr></tr>
            <tr id="in.v2solutions.hybrid.testcases.RPOST_D_27_Verify_SignatureTextUnderUserProfile_verify_SignatureTextUnderUserProfile_byClass_SKIP2_row"
                class="testMethodStatusSKIP">
               <td width="100%" class="firstMethodCell">
                  <a onclick="toggleDetailsVisibility('in.v2solutions.hybrid.testcases.RPOST_D_27_Verify_SignatureTextUnderUserProfile_verify_SignatureTextUnderUserProfile_byClass_SKIP2_details')">verify_SignatureTextUnderUserProfile({RunMode=Y})</a>
               </td>
               <td nowrap="true">11:08:50</td>
               <td nowrap="true" align="right">0 ms
                  
               </td>
               <td nowrap="true">
                  <a onclick="toggleDetailsVisibility('in.v2solutions.hybrid.testcases.RPOST_D_27_Verify_SignatureTextUnderUserProfile_verify_SignatureTextUnderUserProfile_byClass_SKIP2_exception')">org.testng.SkipException: 
                     Skipping the test as runmode is NO
                     
                  </a>
                   
                  
               </td>
            </tr>
            <tr>
               <td colspan="4" class="detailsBox">
                  <div id="in.v2solutions.hybrid.testcases.RPOST_D_27_Verify_SignatureTextUnderUserProfile_verify_SignatureTextUnderUserProfile_byClass_SKIP2_details"
                       class="testMethodDetails">
                     <div>
                        <b>Name: </b>verify_SignatureTextUnderUserProfile
                     </div>
                     <div>
                        <b>Signature: </b>verify_SignatureTextUnderUserProfile(java.util.Hashtable)[pri:0, instance:in.v2solutions.hybrid.testcases.RPOST_D_27_Verify_SignatureTextUnderUserProfile@5e0e82ae]
                     </div>
                     <div>
                        <b>Parameters: </b>
                        
                        {RunMode=Y}
                        
                        
                     </div>
                     <div>
                        <b>Start time: </b>11:08:50
                     </div>
                     <div>
                        <b>End time: </b>11:08:50
                     </div>
                     <div>
                        <b>Duration: </b>0 ms
                        
                     </div>
                  </div>
               </td>
            </tr>
            <tr>
               <td colspan="4" class="detailsBox">
                  <div id="in.v2solutions.hybrid.testcases.RPOST_D_27_Verify_SignatureTextUnderUserProfile_verify_SignatureTextUnderUserProfile_byClass_SKIP2_exception"
                       class="testMethodDetails">
                     <pre style="padding: 5px; margin: 0;">org.testng.SkipException: Skipping the test as runmode is NO
                        	at in.v2solutions.hybrid.testcases.RPOST_D_27_Verify_SignatureTextUnderUserProfile.verify_SignatureTextUnderUserProfile(RPOST_D_27_Verify_SignatureTextUnderUserProfile.java:46)
                        	at sun.reflect.NativeMethodAccessorImpl.invoke0(Native Method)
                        	at sun.reflect.NativeMethodAccessorImpl.invoke(NativeMethodAccessorImpl.java:62)
                        	at sun.reflect.DelegatingMethodAccessorImpl.invoke(DelegatingMethodAccessorImpl.java:43)
                        	at java.lang.reflect.Method.invoke(Method.java:498)
                        	at org.testng.internal.MethodInvocationHelper.invokeMethod(MethodInvocationHelper.java:108)
                        	at org.testng.internal.Invoker.invokeMethod(Invoker.java:661)
                        	at org.testng.internal.Invoker.invokeTestMethod(Invoker.java:869)
                        	at org.testng.internal.Invoker.invokeTestMethods(Invoker.java:1193)
                        	at org.testng.internal.TestMethodWorker.invokeTestMethods(TestMethodWorker.java:126)
                        	at org.testng.internal.TestMethodWorker.run(TestMethodWorker.java:109)
                        	at org.testng.TestRunner.privateRun(TestRunner.java:744)
                        	at org.testng.TestRunner.run(TestRunner.java:602)
                        	at org.testng.SuiteRunner.runTest(SuiteRunner.java:380)
                        	at org.testng.SuiteRunner.runSequentially(SuiteRunner.java:375)
                        	at org.testng.SuiteRunner.privateRun(SuiteRunner.java:340)
                        	at org.testng.SuiteRunner.run(SuiteRunner.java:289)
                        	at org.testng.SuiteRunnerWorker.runSuite(SuiteRunnerWorker.java:52)
                        	at org.testng.SuiteRunnerWorker.run(SuiteRunnerWorker.java:86)
                        	at org.testng.TestNG.runSuitesSequentially(TestNG.java:1301)
                        	at org.testng.TestNG.runSuitesLocally(TestNG.java:1226)
                        	at org.testng.TestNG.runSuites(TestNG.java:1144)
                        	at org.testng.TestNG.run(TestNG.java:1115)
                        	at org.testng.TestNG.privateMain(TestNG.java:1442)
                        	at org.testng.TestNG.main(TestNG.java:1411)
                     </pre>
                  </div>
               </td>
            </tr>
            <tr id="in.v2solutions.hybrid.testcases.RPOST_D_27_Verify_SignatureTextUnderUserProfile_afterTest_byClass_PASS3_row"
                class="testMethodStatusPASS testMethodStatusCONF">
               <td width="100%" class="firstMethodCell">
                  <a onclick="toggleDetailsVisibility('in.v2solutions.hybrid.testcases.RPOST_D_27_Verify_SignatureTextUnderUserProfile_afterTest_byClass_PASS3_details')">afterTest()</a>
               </td>
               <td nowrap="true">11:08:50</td>
               <td nowrap="true" align="right">0 ms
                  
               </td>
               <td nowrap="true">
                   
                  
               </td>
            </tr>
            <tr>
               <td colspan="4" class="detailsBox">
                  <div id="in.v2solutions.hybrid.testcases.RPOST_D_27_Verify_SignatureTextUnderUserProfile_afterTest_byClass_PASS3_details"
                       class="testMethodDetails">
                     <div>
                        <b>Name: </b>afterTest
                     </div>
                     <div>
                        <b>Signature: </b>afterTest()[pri:0, instance:in.v2solutions.hybrid.testcases.RPOST_D_27_Verify_SignatureTextUnderUserProfile@5e0e82ae]
                     </div>
                     <div>
                        <b>Start time: </b>11:08:50
                     </div>
                     <div>
                        <b>End time: </b>11:08:50
                     </div>
                     <div>
                        <b>Duration: </b>0 ms
                        
                     </div>
                  </div>
               </td>
            </tr>
            <tr></tr>
         </table>
         <br></br>
         <table class="testMethodsTable" cellpadding="0" cellspacing="0">
            <tr>
               <td colspan="4">
                  <h3 style="display: inline;">in.v2solutions.hybrid.testcases.RPOST_D_29_Verify_UserCanCreateEditShareAndDeleteRule</h3>
               </td>
            </tr>
            <tr class="methodsTableHeader">
               <td width="100%">Name</td>
               <td nowrap="true">Started</td>
               <td nowrap="true">Duration</td>
               <td>Exception</td>
            </tr>
            <tr id="in.v2solutions.hybrid.testcases.RPOST_D_29_Verify_UserCanCreateEditShareAndDeleteRule_afterTest_byClass_PASS1_row"
                class="testMethodStatusPASS testMethodStatusCONF">
               <td width="100%" class="firstMethodCell">
                  <a onclick="toggleDetailsVisibility('in.v2solutions.hybrid.testcases.RPOST_D_29_Verify_UserCanCreateEditShareAndDeleteRule_afterTest_byClass_PASS1_details')">afterTest()</a>
               </td>
               <td nowrap="true">11:08:50</td>
               <td nowrap="true" align="right">0 ms
                  
               </td>
               <td nowrap="true">
                   
                  
               </td>
            </tr>
            <tr>
               <td colspan="4" class="detailsBox">
                  <div id="in.v2solutions.hybrid.testcases.RPOST_D_29_Verify_UserCanCreateEditShareAndDeleteRule_afterTest_byClass_PASS1_details"
                       class="testMethodDetails">
                     <div>
                        <b>Name: </b>afterTest
                     </div>
                     <div>
                        <b>Signature: </b>afterTest()[pri:0, instance:in.v2solutions.hybrid.testcases.RPOST_D_29_Verify_UserCanCreateEditShareAndDeleteRule@28701274]
                     </div>
                     <div>
                        <b>Start time: </b>11:08:50
                     </div>
                     <div>
                        <b>End time: </b>11:08:50
                     </div>
                     <div>
                        <b>Duration: </b>0 ms
                        
                     </div>
                  </div>
               </td>
            </tr>
            <tr></tr>
            <tr id="in.v2solutions.hybrid.testcases.RPOST_D_29_Verify_UserCanCreateEditShareAndDeleteRule_verify_UserCanCreateEditShareAndDeleteRule_byClass_SKIP2_row"
                class="testMethodStatusSKIP">
               <td width="100%" class="firstMethodCell">
                  <a onclick="toggleDetailsVisibility('in.v2solutions.hybrid.testcases.RPOST_D_29_Verify_UserCanCreateEditShareAndDeleteRule_verify_UserCanCreateEditShareAndDeleteRule_byClass_SKIP2_details')">verify_UserCanCreateEditShareAndDeleteRule({RunMode=Y})</a>
               </td>
               <td nowrap="true">11:08:50</td>
               <td nowrap="true" align="right">0 ms
                  
               </td>
               <td nowrap="true">
                  <a onclick="toggleDetailsVisibility('in.v2solutions.hybrid.testcases.RPOST_D_29_Verify_UserCanCreateEditShareAndDeleteRule_verify_UserCanCreateEditShareAndDeleteRule_byClass_SKIP2_exception')">org.testng.SkipException: 
                     Skipping the test as runmode is NO
                     
                  </a>
                   
                  
               </td>
            </tr>
            <tr>
               <td colspan="4" class="detailsBox">
                  <div id="in.v2solutions.hybrid.testcases.RPOST_D_29_Verify_UserCanCreateEditShareAndDeleteRule_verify_UserCanCreateEditShareAndDeleteRule_byClass_SKIP2_details"
                       class="testMethodDetails">
                     <div>
                        <b>Name: </b>verify_UserCanCreateEditShareAndDeleteRule
                     </div>
                     <div>
                        <b>Signature: </b>verify_UserCanCreateEditShareAndDeleteRule(java.util.Hashtable)[pri:0, instance:in.v2solutions.hybrid.testcases.RPOST_D_29_Verify_UserCanCreateEditShareAndDeleteRule@28701274]
                     </div>
                     <div>
                        <b>Parameters: </b>
                        
                        {RunMode=Y}
                        
                        
                     </div>
                     <div>
                        <b>Start time: </b>11:08:50
                     </div>
                     <div>
                        <b>End time: </b>11:08:50
                     </div>
                     <div>
                        <b>Duration: </b>0 ms
                        
                     </div>
                  </div>
               </td>
            </tr>
            <tr>
               <td colspan="4" class="detailsBox">
                  <div id="in.v2solutions.hybrid.testcases.RPOST_D_29_Verify_UserCanCreateEditShareAndDeleteRule_verify_UserCanCreateEditShareAndDeleteRule_byClass_SKIP2_exception"
                       class="testMethodDetails">
                     <pre style="padding: 5px; margin: 0;">org.testng.SkipException: Skipping the test as runmode is NO
                        	at in.v2solutions.hybrid.testcases.RPOST_D_29_Verify_UserCanCreateEditShareAndDeleteRule.verify_UserCanCreateEditShareAndDeleteRule(RPOST_D_29_Verify_UserCanCreateEditShareAndDeleteRule.java:46)
                        	at sun.reflect.NativeMethodAccessorImpl.invoke0(Native Method)
                        	at sun.reflect.NativeMethodAccessorImpl.invoke(NativeMethodAccessorImpl.java:62)
                        	at sun.reflect.DelegatingMethodAccessorImpl.invoke(DelegatingMethodAccessorImpl.java:43)
                        	at java.lang.reflect.Method.invoke(Method.java:498)
                        	at org.testng.internal.MethodInvocationHelper.invokeMethod(MethodInvocationHelper.java:108)
                        	at org.testng.internal.Invoker.invokeMethod(Invoker.java:661)
                        	at org.testng.internal.Invoker.invokeTestMethod(Invoker.java:869)
                        	at org.testng.internal.Invoker.invokeTestMethods(Invoker.java:1193)
                        	at org.testng.internal.TestMethodWorker.invokeTestMethods(TestMethodWorker.java:126)
                        	at org.testng.internal.TestMethodWorker.run(TestMethodWorker.java:109)
                        	at org.testng.TestRunner.privateRun(TestRunner.java:744)
                        	at org.testng.TestRunner.run(TestRunner.java:602)
                        	at org.testng.SuiteRunner.runTest(SuiteRunner.java:380)
                        	at org.testng.SuiteRunner.runSequentially(SuiteRunner.java:375)
                        	at org.testng.SuiteRunner.privateRun(SuiteRunner.java:340)
                        	at org.testng.SuiteRunner.run(SuiteRunner.java:289)
                        	at org.testng.SuiteRunnerWorker.runSuite(SuiteRunnerWorker.java:52)
                        	at org.testng.SuiteRunnerWorker.run(SuiteRunnerWorker.java:86)
                        	at org.testng.TestNG.runSuitesSequentially(TestNG.java:1301)
                        	at org.testng.TestNG.runSuitesLocally(TestNG.java:1226)
                        	at org.testng.TestNG.runSuites(TestNG.java:1144)
                        	at org.testng.TestNG.run(TestNG.java:1115)
                        	at org.testng.TestNG.privateMain(TestNG.java:1442)
                        	at org.testng.TestNG.main(TestNG.java:1411)
                     </pre>
                  </div>
               </td>
            </tr>
            <tr id="in.v2solutions.hybrid.testcases.RPOST_D_29_Verify_UserCanCreateEditShareAndDeleteRule_beforeTest_byClass_PASS3_row"
                class="testMethodStatusPASS testMethodStatusCONF">
               <td width="100%" class="firstMethodCell">
                  <a onclick="toggleDetailsVisibility('in.v2solutions.hybrid.testcases.RPOST_D_29_Verify_UserCanCreateEditShareAndDeleteRule_beforeTest_byClass_PASS3_details')">beforeTest(Rpost_P1_1.2)</a>
               </td>
               <td nowrap="true">11:08:50</td>
               <td nowrap="true" align="right">0 ms
                  
               </td>
               <td nowrap="true">
                   
                  
               </td>
            </tr>
            <tr>
               <td colspan="4" class="detailsBox">
                  <div id="in.v2solutions.hybrid.testcases.RPOST_D_29_Verify_UserCanCreateEditShareAndDeleteRule_beforeTest_byClass_PASS3_details"
                       class="testMethodDetails">
                     <div>
                        <b>Name: </b>beforeTest
                     </div>
                     <div>
                        <b>Signature: </b>beforeTest(java.lang.String)[pri:0, instance:in.v2solutions.hybrid.testcases.RPOST_D_29_Verify_UserCanCreateEditShareAndDeleteRule@28701274]
                     </div>
                     <div>
                        <b>Parameters: </b>
                        
                        Rpost_P1_1.2
                        
                        
                     </div>
                     <div>
                        <b>Start time: </b>11:08:50
                     </div>
                     <div>
                        <b>End time: </b>11:08:50
                     </div>
                     <div>
                        <b>Duration: </b>0 ms
                        
                     </div>
                  </div>
               </td>
            </tr>
            <tr></tr>
         </table>
         <br></br>
      </div>
      <div style="margin-top: 15px; color: gray; text-align: center; font-size: 9px;">
         Generated with
         
         <a href="http://code.google.com/p/testng-xslt/" style="color: #8888aa;"
            target="_blank">
            TestNG XSLT
            
         </a>
      </div>
   </body>
</html>